<?xml version="1.0" encoding="UTF-8" ?>
<testsuite tests="34" failures="0" name="trabalho.TesteSuite" time="0.967" errors="0" skipped="0">
  <properties>
    <property name="java.runtime.name" value="OpenJDK Runtime Environment"/>
    <property name="java.vm.version" value="11+28"/>
    <property name="sun.boot.library.path" value="C:\Program Files\Java\jdk-11\bin"/>
    <property name="maven.multiModuleProjectDirectory" value="C:\Users\Vinicius\Documents\Desenv. Software\trabalho_01"/>
    <property name="java.vm.vendor" value="Oracle Corporation"/>
    <property name="java.vendor.url" value="http://java.oracle.com/"/>
    <property name="guice.disable.misplaced.annotation.check" value="true"/>
    <property name="path.separator" value=";"/>
    <property name="java.vm.name" value="OpenJDK 64-Bit Server VM"/>
    <property name="sun.os.patch.level" value=""/>
    <property name="user.script" value=""/>
    <property name="user.country" value="BR"/>
    <property name="sun.java.launcher" value="SUN_STANDARD"/>
    <property name="java.vm.specification.name" value="Java Virtual Machine Specification"/>
    <property name="user.dir" value="C:\Users\Vinicius\Documents\Desenv. Software\trabalho_01"/>
    <property name="java.vm.compressedOopsMode" value="32-bit"/>
    <property name="java.runtime.version" value="11+28"/>
    <property name="java.awt.graphicsenv" value="sun.awt.Win32GraphicsEnvironment"/>
    <property name="os.arch" value="amd64"/>
    <property name="java.io.tmpdir" value="C:\Users\Vinicius\AppData\Local\Temp\"/>
    <property name="line.separator" value="
"/>
    <property name="java.vm.specification.vendor" value="Oracle Corporation"/>
    <property name="user.variant" value=""/>
    <property name="os.name" value="Windows 8.1"/>
    <property name="maven.ext.class.path" value="C:\Program Files\NetBeans-12.2\netbeans\java\maven-nblib\netbeans-eventspy.jar"/>
    <property name="classworlds.conf" value="C:\Program Files\NetBeans-12.2\netbeans\java\maven\bin\..\bin\m2.conf"/>
    <property name="sun.jnu.encoding" value="Cp1252"/>
    <property name="java.library.path" value="C:\Program Files\Java\jdk-11\bin;C:\WINDOWS\Sun\Java\bin;C:\WINDOWS\system32;C:\WINDOWS;C:\Windows\system32;C:\Windows;C:\Windows\System32\Wbem;C:\Windows\System32\WindowsPowerShell\v1.0\;C:\Program Files\NVIDIA Corporation\NVIDIA NvDLISR;C:\Program Files (x86)\NVIDIA Corporation\PhysX\Common;C:\WINDOWS\system32;C:\WINDOWS;C:\WINDOWS\System32\Wbem;C:\WINDOWS\System32\WindowsPowerShell\v1.0\;C:\Program Files\Java\jdk-11\bin;C:\Program Files\Git\cmd;C:\Program Files\MongoDB\Server\3.6\bin;C:\Program Files\MySQL\MySQL Shell 8.0\bin\;."/>
    <property name="maven.conf" value="C:\Program Files\NetBeans-12.2\netbeans\java\maven\bin\../conf"/>
    <property name="jdk.debug" value="release"/>
    <property name="java.class.version" value="55.0"/>
    <property name="java.specification.name" value="Java Platform API Specification"/>
    <property name="sun.management.compiler" value="HotSpot 64-Bit Tiered Compilers"/>
    <property name="os.version" value="6.3"/>
    <property name="library.jansi.path" value="C:\Program Files\NetBeans-12.2\netbeans\java\maven\bin\..\lib\jansi-native"/>
    <property name="user.home" value="C:\Users\Vinicius"/>
    <property name="user.timezone" value="America/Sao_Paulo"/>
    <property name="java.awt.printerjob" value="sun.awt.windows.WPrinterJob"/>
    <property name="file.encoding" value="UTF-8"/>
    <property name="java.specification.version" value="11"/>
    <property name="user.name" value="Vinicius"/>
    <property name="java.class.path" value="C:\Program Files\NetBeans-12.2\netbeans\java\maven\bin\..\boot\plexus-classworlds-2.6.0.jar"/>
    <property name="java.vm.specification.version" value="11"/>
    <property name="sun.arch.data.model" value="64"/>
    <property name="sun.java.command" value="org.codehaus.plexus.classworlds.launcher.Launcher -Dmaven.ext.class.path=C:\Program Files\NetBeans-12.2\netbeans\java\maven-nblib\netbeans-eventspy.jar -Dfile.encoding=UTF-8 test"/>
    <property name="java.home" value="C:\Program Files\Java\jdk-11"/>
    <property name="user.language" value="pt"/>
    <property name="java.specification.vendor" value="Oracle Corporation"/>
    <property name="awt.toolkit" value="sun.awt.windows.WToolkit"/>
    <property name="java.vm.info" value="mixed mode"/>
    <property name="java.version" value="11"/>
    <property name="java.vendor" value="Oracle Corporation"/>
    <property name="maven.home" value="C:\Program Files\NetBeans-12.2\netbeans\java\maven\bin\.."/>
    <property name="file.separator" value="\"/>
    <property name="java.version.date" value="2018-09-25"/>
    <property name="java.vendor.url.bug" value="http://bugreport.java.com/bugreport/"/>
    <property name="sun.io.unicode.encoding" value="UnicodeLittle"/>
    <property name="sun.cpu.endian" value="little"/>
    <property name="java.vendor.version" value="18.9"/>
    <property name="sun.desktop" value="windows"/>
    <property name="sun.cpu.isalist" value="amd64"/>
  </properties>
  <testcase classname="trabalho.OrderItemTeste" name="atualizarOrderItem" time="0.088"/>
  <testcase classname="trabalho.OrderItemTeste" name="removerOrderItem" time="0.029"/>
  <testcase classname="trabalho.OrderItemTeste" name="persistirOrderItem" time="0.097"/>
  <testcase classname="trabalho.OrderItemTeste" name="consultarOrderItem" time="0.002"/>
  <testcase classname="trabalho.PaymentTeste" name="persistirPayment" time="0.019"/>
  <testcase classname="trabalho.PaymentTeste" name="consultarPayment" time="0.001"/>
  <testcase classname="trabalho.PaymentTeste" name="removerPayment" time="0.015"/>
  <testcase classname="trabalho.PaymentTeste" name="atualizarPayment" time="0.043"/>
  <testcase classname="trabalho.OrderTeste" name="persistirOrder" time="0.099"/>
  <testcase classname="trabalho.OrderTeste" name="atualizarOrder" time="0.023"/>
  <testcase classname="trabalho.OrderTeste" name="removerOrder" time="0.02"/>
  <testcase classname="trabalho.OrderTeste" name="consultarOrder" time="0.013"/>
  <testcase classname="trabalho.CategoryTeste" name="persistirCategoria" time="0.044"/>
  <testcase classname="trabalho.CategoryTeste" name="consultarCategoria" time="0"/>
  <testcase classname="trabalho.CategoryTeste" name="atualizarCategoria" time="0.031"/>
  <testcase classname="trabalho.CategoryTeste" name="removerCategoria" time="0.018"/>
  <testcase classname="trabalho.ClientTeste" name="persistirClient" time="0.043"/>
  <testcase classname="trabalho.ClientTeste" name="removerClient" time="0.008"/>
  <testcase classname="trabalho.ClientTeste" name="consultarClient" time="0.022"/>
  <testcase classname="trabalho.ClientTeste" name="atualizarUsuario" time="0.044"/>
  <testcase classname="trabalho.ProductTeste" name="persistirProduto" time="0.045"/>
  <testcase classname="trabalho.ProductTeste" name="consultarProduto" time="0.001"/>
  <testcase classname="trabalho.ProductTeste" name="removerProduto" time="0.028"/>
  <testcase classname="trabalho.ProductTeste" name="atualizarProduto" time="0.014"/>
  <testcase classname="trabalho.JpqlTeste" name="categoriaPorNomeNamedQuery" time="0.041"/>
  <testcase classname="trabalho.JpqlTeste" name="categoriaPorNome" time="0.01"/>
  <testcase classname="trabalho.JpqlTeste" name="produtosCategoriaLeftJoin" time="0.054"/>
  <testcase classname="trabalho.JpqlTeste" name="ordenacaoProdutoNome" time="0.005"/>
  <testcase classname="trabalho.JpqlTeste" name="itemPedidoPrecoMaxMin" time="0.015"/>
  <testcase classname="trabalho.JpqlTeste" name="itemPedidoQtdMaiorQueUm" time="0.065"/>
  <testcase classname="trabalho.JpqlTeste" name="pedidoPorData" time="0.012"/>
  <testcase classname="trabalho.JpqlTeste" name="ordenacaoProdutoCategoria" time="0.007"/>
  <testcase classname="trabalho.JpqlTeste" name="pagamentoOrdenadoDesc" time="0.006"/>
  <testcase classname="trabalho.JpqlTeste" name="pedidoPAID" time="0.005"/>
</testsuite>