<?xml version="1.0" encoding="UTF-8" ?>
<testsuite tests="0" failures="0" name="trabalho.OrderItemTeste" time="0" errors="0" skipped="0">
  <properties>
    <property name="java.runtime.name" value="Java(TM) SE Runtime Environment"/>
    <property name="java.vm.version" value="11.0.2+9-LTS"/>
    <property name="sun.boot.library.path" value="C:\Program Files\Java\jdk-11.0.2\bin"/>
    <property name="maven.multiModuleProjectDirectory" value="C:\Users\eletr\Desktop\trabalho_01"/>
    <property name="java.vm.vendor" value="Oracle Corporation"/>
    <property name="java.vendor.url" value="http://java.oracle.com/"/>
    <property name="guice.disable.misplaced.annotation.check" value="true"/>
    <property name="path.separator" value=";"/>
    <property name="java.vm.name" value="Java HotSpot(TM) 64-Bit Server VM"/>
    <property name="sun.os.patch.level" value=""/>
    <property name="user.script" value=""/>
    <property name="user.country" value="BR"/>
    <property name="sun.java.launcher" value="SUN_STANDARD"/>
    <property name="test" value="trabalho.OrderTeste#trabalho.OrderTeste.trabalho.OrderTeste,trabalho.PaymentTeste#trabalho.PaymentTeste.trabalho.PaymentTeste,trabalho.OrderItemTeste#trabalho.OrderItemTeste.trabalho.OrderItemTeste,trabalho.CategoryTeste#trabalho.CategoryTeste.trabalho.CategoryTeste,trabalho.ProductTeste#trabalho.ProductTeste.trabalho.ProductTeste,trabalho.UserTeste#trabalho.UserTeste.trabalho.UserTeste"/>
    <property name="java.vm.specification.name" value="Java Virtual Machine Specification"/>
    <property name="user.dir" value="C:\Users\eletr\Desktop\trabalho_01"/>
    <property name="java.vm.compressedOopsMode" value="32-bit"/>
    <property name="java.runtime.version" value="11.0.2+9-LTS"/>
    <property name="java.awt.graphicsenv" value="sun.awt.Win32GraphicsEnvironment"/>
    <property name="os.arch" value="amd64"/>
    <property name="java.io.tmpdir" value="C:\Users\eletr\AppData\Local\Temp\"/>
    <property name="line.separator" value="
"/>
    <property name="java.vm.specification.vendor" value="Oracle Corporation"/>
    <property name="user.variant" value=""/>
    <property name="os.name" value="Windows 10"/>
    <property name="maven.ext.class.path" value="C:\NetBeans-12.2\netbeans\java\maven-nblib\netbeans-eventspy.jar;C:\NetBeans-12.2\netbeans\java\maven-nblib\netbeans-eventspy.jar"/>
    <property name="classworlds.conf" value="C:\NetBeans-12.2\netbeans\java\maven\bin\..\bin\m2.conf"/>
    <property name="sun.jnu.encoding" value="Cp1252"/>
    <property name="java.library.path" value="C:\Program Files\Java\jdk-11.0.2\bin;C:\WINDOWS\Sun\Java\bin;C:\WINDOWS\system32;C:\WINDOWS;C:\ProgramData\DockerDesktop\version-bin;C:\Program Files\Docker\Docker\Resources\bin;C:\Windows\system32;C:\Windows;C:\Windows\System32\Wbem;C:\Windows\System32\WindowsPowerShell\v1.0\;C:\Windows\System32\OpenSSH\;C:\Program Files (x86)\NVIDIA Corporation\PhysX\Common;C:\Program Files\NVIDIA Corporation\NVIDIA NvDLISR;C:\Program Files\Java\jdk-11.0.2\bin;C:\Program Files\Git\cmd;;C:\WINDOWS\system32;C:\WINDOWS;C:\WINDOWS\System32\Wbem;C:\WINDOWS\System32\WindowsPowerShell\v1.0\;C:\WINDOWS\System32\OpenSSH\;C:\Users\eletr\AppData\Local\Microsoft\WindowsApps;C:\Program Files\Sublime Text 3;C:\Users\eletr\AppData\Local\Programs\Microsoft VS Code\bin;C:\Users\eletr\Documents\gradle-6.1-all\gradle-6.1\bin;C:\Users\eletr\Documents\gradle-4.10.2-all\gradle-4.10.2\bin;C:\Users\eletr\Documents\spring-boot-cli-2.3.0.BUILD-SNAPSHOT-bin\spring-2.3.0.BUILD-SNAPSHOT\bin;;."/>
    <property name="maven.conf" value="C:\NetBeans-12.2\netbeans\java\maven\bin\../conf"/>
    <property name="jdk.debug" value="release"/>
    <property name="java.class.version" value="55.0"/>
    <property name="java.specification.name" value="Java Platform API Specification"/>
    <property name="sun.management.compiler" value="HotSpot 64-Bit Tiered Compilers"/>
    <property name="os.version" value="10.0"/>
    <property name="library.jansi.path" value="C:\NetBeans-12.2\netbeans\java\maven\bin\..\lib\jansi-native"/>
    <property name="user.home" value="C:\Users\eletr"/>
    <property name="user.timezone" value="America/Cayenne"/>
    <property name="java.awt.printerjob" value="sun.awt.windows.WPrinterJob"/>
    <property name="file.encoding" value="UTF-8"/>
    <property name="java.specification.version" value="11"/>
    <property name="user.name" value="eletr"/>
    <property name="java.class.path" value="C:\NetBeans-12.2\netbeans\java\maven\bin\..\boot\plexus-classworlds-2.6.0.jar"/>
    <property name="java.vm.specification.version" value="11"/>
    <property name="sun.arch.data.model" value="64"/>
    <property name="sun.java.command" value="org.codehaus.plexus.classworlds.launcher.Launcher -Dmaven.ext.class.path=C:\NetBeans-12.2\netbeans\java\maven-nblib\netbeans-eventspy.jar;C:\NetBeans-12.2\netbeans\java\maven-nblib\netbeans-eventspy.jar -Dtest=trabalho.OrderTeste#trabalho.OrderTeste.trabalho.OrderTeste,trabalho.PaymentTeste#trabalho.PaymentTeste.trabalho.PaymentTeste,trabalho.OrderItemTeste#trabalho.OrderItemTeste.trabalho.OrderItemTeste,trabalho.CategoryTeste#trabalho.CategoryTeste.trabalho.CategoryTeste,trabalho.ProductTeste#trabalho.ProductTeste.trabalho.ProductTeste,trabalho.UserTeste#trabalho.UserTeste.trabalho.UserTeste -Dfile.encoding=UTF-8 test"/>
    <property name="java.home" value="C:\Program Files\Java\jdk-11.0.2"/>
    <property name="user.language" value="pt"/>
    <property name="java.specification.vendor" value="Oracle Corporation"/>
    <property name="awt.toolkit" value="sun.awt.windows.WToolkit"/>
    <property name="java.vm.info" value="mixed mode"/>
    <property name="java.version" value="11.0.2"/>
    <property name="java.vendor" value="Oracle Corporation"/>
    <property name="maven.home" value="C:\NetBeans-12.2\netbeans\java\maven\bin\.."/>
    <property name="file.separator" value="\"/>
    <property name="java.version.date" value="2019-01-15"/>
    <property name="java.vendor.url.bug" value="http://bugreport.java.com/bugreport/"/>
    <property name="sun.io.unicode.encoding" value="UnicodeLittle"/>
    <property name="sun.cpu.endian" value="little"/>
    <property name="java.vendor.version" value="18.9"/>
    <property name="sun.desktop" value="windows"/>
    <property name="sun.cpu.isalist" value="amd64"/>
  </properties>
</testsuite>