<?xml version="1.0" encoding="UTF-8" ?>
<testsuite tests="6" failures="0" name="trabalho.TesteSuite" time="64.217" errors="6" skipped="0">
  <properties>
    <property name="java.runtime.name" value="Java(TM) SE Runtime Environment"/>
    <property name="java.vm.version" value="11.0.2+9-LTS"/>
    <property name="sun.boot.library.path" value="C:\Program Files\Java\jdk-11.0.2\bin"/>
    <property name="maven.multiModuleProjectDirectory" value="C:\Users\eletr\Desktop\trabalho_01"/>
    <property name="java.vm.vendor" value="Oracle Corporation"/>
    <property name="java.vendor.url" value="http://java.oracle.com/"/>
    <property name="guice.disable.misplaced.annotation.check" value="true"/>
    <property name="path.separator" value=";"/>
    <property name="java.vm.name" value="Java HotSpot(TM) 64-Bit Server VM"/>
    <property name="sun.os.patch.level" value=""/>
    <property name="user.script" value=""/>
    <property name="user.country" value="BR"/>
    <property name="sun.java.launcher" value="SUN_STANDARD"/>
    <property name="java.vm.specification.name" value="Java Virtual Machine Specification"/>
    <property name="user.dir" value="C:\Users\eletr\Desktop\trabalho_01"/>
    <property name="java.vm.compressedOopsMode" value="32-bit"/>
    <property name="java.runtime.version" value="11.0.2+9-LTS"/>
    <property name="java.awt.graphicsenv" value="sun.awt.Win32GraphicsEnvironment"/>
    <property name="os.arch" value="amd64"/>
    <property name="java.io.tmpdir" value="C:\Users\eletr\AppData\Local\Temp\"/>
    <property name="line.separator" value="
"/>
    <property name="java.vm.specification.vendor" value="Oracle Corporation"/>
    <property name="user.variant" value=""/>
    <property name="os.name" value="Windows 10"/>
    <property name="maven.ext.class.path" value="C:\NetBeans-12.2\netbeans\java\maven-nblib\netbeans-eventspy.jar"/>
    <property name="classworlds.conf" value="C:\NetBeans-12.2\netbeans\java\maven\bin\..\bin\m2.conf"/>
    <property name="sun.jnu.encoding" value="Cp1252"/>
    <property name="java.library.path" value="C:\Program Files\Java\jdk-11.0.2\bin;C:\WINDOWS\Sun\Java\bin;C:\WINDOWS\system32;C:\WINDOWS;C:\ProgramData\DockerDesktop\version-bin;C:\Program Files\Docker\Docker\Resources\bin;C:\Windows\system32;C:\Windows;C:\Windows\System32\Wbem;C:\Windows\System32\WindowsPowerShell\v1.0\;C:\Windows\System32\OpenSSH\;C:\Program Files (x86)\NVIDIA Corporation\PhysX\Common;C:\Program Files\NVIDIA Corporation\NVIDIA NvDLISR;C:\Program Files\Java\jdk-11.0.2\bin;C:\Program Files\Git\cmd;;C:\WINDOWS\system32;C:\WINDOWS;C:\WINDOWS\System32\Wbem;C:\WINDOWS\System32\WindowsPowerShell\v1.0\;C:\WINDOWS\System32\OpenSSH\;C:\Users\eletr\AppData\Local\Microsoft\WindowsApps;C:\Program Files\Sublime Text 3;C:\Users\eletr\AppData\Local\Programs\Microsoft VS Code\bin;C:\Users\eletr\Documents\gradle-6.1-all\gradle-6.1\bin;C:\Users\eletr\Documents\gradle-4.10.2-all\gradle-4.10.2\bin;C:\Users\eletr\Documents\spring-boot-cli-2.3.0.BUILD-SNAPSHOT-bin\spring-2.3.0.BUILD-SNAPSHOT\bin;;."/>
    <property name="maven.conf" value="C:\NetBeans-12.2\netbeans\java\maven\bin\../conf"/>
    <property name="jdk.debug" value="release"/>
    <property name="java.class.version" value="55.0"/>
    <property name="java.specification.name" value="Java Platform API Specification"/>
    <property name="sun.management.compiler" value="HotSpot 64-Bit Tiered Compilers"/>
    <property name="os.version" value="10.0"/>
    <property name="library.jansi.path" value="C:\NetBeans-12.2\netbeans\java\maven\bin\..\lib\jansi-native"/>
    <property name="user.home" value="C:\Users\eletr"/>
    <property name="user.timezone" value="America/Cayenne"/>
    <property name="java.awt.printerjob" value="sun.awt.windows.WPrinterJob"/>
    <property name="file.encoding" value="UTF-8"/>
    <property name="java.specification.version" value="11"/>
    <property name="user.name" value="eletr"/>
    <property name="java.class.path" value="C:\NetBeans-12.2\netbeans\java\maven\bin\..\boot\plexus-classworlds-2.6.0.jar"/>
    <property name="java.vm.specification.version" value="11"/>
    <property name="sun.arch.data.model" value="64"/>
    <property name="sun.java.command" value="org.codehaus.plexus.classworlds.launcher.Launcher -Dmaven.ext.class.path=C:\NetBeans-12.2\netbeans\java\maven-nblib\netbeans-eventspy.jar -Dfile.encoding=UTF-8 test"/>
    <property name="java.home" value="C:\Program Files\Java\jdk-11.0.2"/>
    <property name="user.language" value="pt"/>
    <property name="java.specification.vendor" value="Oracle Corporation"/>
    <property name="awt.toolkit" value="sun.awt.windows.WToolkit"/>
    <property name="java.vm.info" value="mixed mode"/>
    <property name="java.version" value="11.0.2"/>
    <property name="java.vendor" value="Oracle Corporation"/>
    <property name="maven.home" value="C:\NetBeans-12.2\netbeans\java\maven\bin\.."/>
    <property name="file.separator" value="\"/>
    <property name="java.version.date" value="2019-01-15"/>
    <property name="java.vendor.url.bug" value="http://bugreport.java.com/bugreport/"/>
    <property name="sun.io.unicode.encoding" value="UnicodeLittle"/>
    <property name="sun.cpu.endian" value="little"/>
    <property name="java.vendor.version" value="18.9"/>
    <property name="sun.desktop" value="windows"/>
    <property name="sun.cpu.isalist" value="amd64"/>
  </properties>
  <testcase classname="trabalho.OrderItemTeste" name="trabalho.OrderItemTeste" time="5.632">
    <error message="TB_ORDER_ITEM" type="java.lang.RuntimeException">java.lang.RuntimeException: TB_ORDER_ITEM
	at trabalho.DbUnitUtil.inserirDados(DbUnitUtil.java:43)
	at trabalho.Teste.setUpClass(Teste.java:30)
	at java.base/jdk.internal.reflect.NativeMethodAccessorImpl.invoke0(Native Method)
	at java.base/jdk.internal.reflect.NativeMethodAccessorImpl.invoke(NativeMethodAccessorImpl.java:62)
	at java.base/jdk.internal.reflect.DelegatingMethodAccessorImpl.invoke(DelegatingMethodAccessorImpl.java:43)
	at java.base/java.lang.reflect.Method.invoke(Method.java:566)
	at org.junit.runners.model.FrameworkMethod$1.runReflectiveCall(FrameworkMethod.java:59)
	at org.junit.internal.runners.model.ReflectiveCallable.run(ReflectiveCallable.java:12)
	at org.junit.runners.model.FrameworkMethod.invokeExplosively(FrameworkMethod.java:56)
	at org.junit.internal.runners.statements.RunBefores.invokeMethod(RunBefores.java:33)
	at org.junit.internal.runners.statements.RunBefores.evaluate(RunBefores.java:24)
	at org.junit.internal.runners.statements.RunAfters.evaluate(RunAfters.java:27)
	at org.junit.runners.ParentRunner$3.evaluate(ParentRunner.java:306)
	at org.junit.runners.ParentRunner.run(ParentRunner.java:413)
	at org.junit.runners.Suite.runChild(Suite.java:128)
	at org.junit.runners.Suite.runChild(Suite.java:27)
	at org.junit.runners.ParentRunner$4.run(ParentRunner.java:331)
	at org.junit.runners.ParentRunner$1.schedule(ParentRunner.java:79)
	at org.junit.runners.ParentRunner.runChildren(ParentRunner.java:329)
	at org.junit.runners.ParentRunner.access$100(ParentRunner.java:66)
	at org.junit.runners.ParentRunner$2.evaluate(ParentRunner.java:293)
	at org.junit.runners.ParentRunner$3.evaluate(ParentRunner.java:306)
	at org.junit.runners.ParentRunner.run(ParentRunner.java:413)
	at org.apache.maven.surefire.junit4.JUnit4Provider.execute(JUnit4Provider.java:252)
	at org.apache.maven.surefire.junit4.JUnit4Provider.executeTestSet(JUnit4Provider.java:141)
	at org.apache.maven.surefire.junit4.JUnit4Provider.invoke(JUnit4Provider.java:112)
	at java.base/jdk.internal.reflect.NativeMethodAccessorImpl.invoke0(Native Method)
	at java.base/jdk.internal.reflect.NativeMethodAccessorImpl.invoke(NativeMethodAccessorImpl.java:62)
	at java.base/jdk.internal.reflect.DelegatingMethodAccessorImpl.invoke(DelegatingMethodAccessorImpl.java:43)
	at java.base/java.lang.reflect.Method.invoke(Method.java:566)
	at org.apache.maven.surefire.util.ReflectionUtils.invokeMethodWithArray(ReflectionUtils.java:189)
	at org.apache.maven.surefire.booter.ProviderFactory$ProviderProxy.invoke(ProviderFactory.java:165)
	at org.apache.maven.surefire.booter.ProviderFactory.invokeProvider(ProviderFactory.java:85)
	at org.apache.maven.surefire.booter.ForkedBooter.runSuitesInProcess(ForkedBooter.java:115)
	at org.apache.maven.surefire.booter.ForkedBooter.main(ForkedBooter.java:75)
Caused by: org.dbunit.dataset.NoSuchTableException: TB_ORDER_ITEM
	at org.dbunit.database.DatabaseDataSet.getTableMetaData(DatabaseDataSet.java:305)
	at org.dbunit.operation.DeleteAllOperation.execute(DeleteAllOperation.java:109)
	at org.dbunit.operation.CompositeOperation.execute(CompositeOperation.java:79)
	at trabalho.DbUnitUtil.inserirDados(DbUnitUtil.java:41)
	... 34 more
</error>
    <system-out>[EL Fine]: server: 2021-02-23 15:09:44.54--Thread(Thread[main,5,main])--Configured server platform: org.eclipse.persistence.platform.server.NoServerPlatform
[EL Config]: metadata: 2021-02-23 15:09:44.714--ServerSession(1894369629)--Thread(Thread[main,5,main])--The access type for the persistent class [class entities.Order] is set to [FIELD].
[EL Config]: metadata: 2021-02-23 15:09:44.719--ServerSession(1894369629)--Thread(Thread[main,5,main])--The target entity (reference) class for the many to one mapping element [field client] is being defaulted to: class entities.Client.
[EL Config]: metadata: 2021-02-23 15:09:44.719--ServerSession(1894369629)--Thread(Thread[main,5,main])--The target entity (reference) class for the one to one mapping element [field payment] is being defaulted to: class entities.Payment.
[EL Config]: metadata: 2021-02-23 15:09:44.724--ServerSession(1894369629)--Thread(Thread[main,5,main])--The target entity (reference) class for the one to many mapping element [field items] is being defaulted to: class entities.OrderItem.
[EL Config]: metadata: 2021-02-23 15:09:44.724--ServerSession(1894369629)--Thread(Thread[main,5,main])--The access type for the persistent class [class entities.Product] is set to [FIELD].
[EL Config]: metadata: 2021-02-23 15:09:44.724--ServerSession(1894369629)--Thread(Thread[main,5,main])--The target entity (reference) class for the many to many mapping element [field categories] is being defaulted to: class entities.Category.
[EL Config]: metadata: 2021-02-23 15:09:44.724--ServerSession(1894369629)--Thread(Thread[main,5,main])--The target entity (reference) class for the one to many mapping element [field items] is being defaulted to: class entities.OrderItem.
[EL Config]: metadata: 2021-02-23 15:09:44.729--ServerSession(1894369629)--Thread(Thread[main,5,main])--The access type for the persistent class [class entities.Payment] is set to [FIELD].
[EL Config]: metadata: 2021-02-23 15:09:44.729--ServerSession(1894369629)--Thread(Thread[main,5,main])--The target entity (reference) class for the one to one mapping element [field order] is being defaulted to: class entities.Order.
[EL Config]: metadata: 2021-02-23 15:09:44.729--ServerSession(1894369629)--Thread(Thread[main,5,main])--The access type for the persistent class [class entities.Category] is set to [FIELD].
[EL Config]: metadata: 2021-02-23 15:09:44.729--ServerSession(1894369629)--Thread(Thread[main,5,main])--The access type for the persistent class [class entities.OrderItem] is set to [FIELD].
[EL Config]: metadata: 2021-02-23 15:09:44.729--ServerSession(1894369629)--Thread(Thread[main,5,main])--The access type for the persistent class [class entities.Client] is set to [FIELD].
[EL Config]: metadata: 2021-02-23 15:09:44.729--ServerSession(1894369629)--Thread(Thread[main,5,main])--The target entity (reference) class for the one to many mapping element [field orders] is being defaulted to: class entities.Order.
[EL Config]: metadata: 2021-02-23 15:09:44.729--ServerSession(1894369629)--Thread(Thread[main,5,main])--The access type for the persistent class [class entities.pk.OrderItemPK] is set to [FIELD].
[EL Config]: metadata: 2021-02-23 15:09:44.729--ServerSession(1894369629)--Thread(Thread[main,5,main])--The target entity (reference) class for the many to one mapping element [field product] is being defaulted to: class entities.Product.
[EL Config]: metadata: 2021-02-23 15:09:44.729--ServerSession(1894369629)--Thread(Thread[main,5,main])--The target entity (reference) class for the many to one mapping element [field order] is being defaulted to: class entities.Order.
[EL Config]: metadata: 2021-02-23 15:09:44.729--ServerSession(1894369629)--Thread(Thread[main,5,main])--The alias name for the entity class [class entities.User] is being defaulted to: User.
[EL Config]: metadata: 2021-02-23 15:09:44.75--ServerSession(1894369629)--Thread(Thread[main,5,main])--The alias name for the entity class [class entities.Order] is being defaulted to: Order.
[EL Config]: metadata: 2021-02-23 15:09:44.75--ServerSession(1894369629)--Thread(Thread[main,5,main])--The alias name for the entity class [class entities.Product] is being defaulted to: Product.
[EL Config]: metadata: 2021-02-23 15:09:44.75--ServerSession(1894369629)--Thread(Thread[main,5,main])--The alias name for the entity class [class entities.Payment] is being defaulted to: Payment.
[EL Config]: metadata: 2021-02-23 15:09:44.75--ServerSession(1894369629)--Thread(Thread[main,5,main])--The alias name for the entity class [class entities.Category] is being defaulted to: Category.
[EL Config]: metadata: 2021-02-23 15:09:44.75--ServerSession(1894369629)--Thread(Thread[main,5,main])--The alias name for the entity class [class entities.OrderItem] is being defaulted to: OrderItem.
[EL Config]: metadata: 2021-02-23 15:09:44.75--ServerSession(1894369629)--Thread(Thread[main,5,main])--The alias name for the entity class [class entities.Client] is being defaulted to: Client.
[EL Warning]: metadata: 2021-02-23 15:09:44.75--ServerSession(1894369629)--Thread(Thread[main,5,main])--The reference column name [ID_USER] mapped on the element [class entities.Client] does not correspond to a valid id or basic field/column on the mapping reference. Will use referenced column name as provided.
[EL Warning]: metadata: 2021-02-23 15:09:44.765--ServerSession(1894369629)--Thread(Thread[main,5,main])--The reference column name [ID_USER] mapped on the element [field client] does not correspond to a valid id or basic field/column on the mapping reference. Will use referenced column name as provided.
[EL Config]: metadata: 2021-02-23 15:09:44.775--ServerSession(1894369629)--Thread(Thread[main,5,main])--The source primary key column name for the many to many mapping [field categories] is being defaulted to: ID_PRODUCT.
[EL Config]: metadata: 2021-02-23 15:09:44.775--ServerSession(1894369629)--Thread(Thread[main,5,main])--The target primary key column name for the many to many mapping [field categories] is being defaulted to: ID_CATEGORY.
[EL Info]: 2021-02-23 15:09:44.98--ServerSession(1894369629)--Thread(Thread[main,5,main])--EclipseLink, version: Eclipse Persistence Services - 2.7.8.v20201217-ecdf3c32c4
[EL Fine]: connection: 2021-02-23 15:09:44.985--ServerSession(1894369629)--Connection(28094269)--Thread(Thread[main,5,main])--connecting(DatabaseLogin(
	platform=&gt;DerbyPlatform
	user name=&gt; &quot;app&quot;
	datasource URL=&gt; &quot;jdbc:derby://localhost:1527/trabalho_01;create=true&quot;
))
[EL Config]: connection: 2021-02-23 15:09:45.11--ServerSession(1894369629)--Connection(735085430)--Thread(Thread[main,5,main])--Connected: jdbc:derby://localhost:1527/trabalho_01;create=true
	User: app
	Database: Apache Derby  Version: 10.14.2.0 - (1828579)
	Driver: Apache Derby Network Client JDBC Driver  Version: 10.14.2.0 - (1828579)
[EL Warning]: metadata: 2021-02-23 15:09:45.119--ServerSession(1894369629)--Thread(Thread[main,5,main])--Reverting the lazy setting on the OneToOne or ManyToOne attribute [client] for the entity class [class entities.Order] since weaving was not enabled or did not occur.
[EL Warning]: metadata: 2021-02-23 15:09:45.119--ServerSession(1894369629)--Thread(Thread[main,5,main])--Reverting the lazy setting on the OneToOne or ManyToOne attribute [payment] for the entity class [class entities.Order] since weaving was not enabled or did not occur.
[EL Warning]: metadata: 2021-02-23 15:09:45.135--ServerSession(1894369629)--Thread(Thread[main,5,main])--Reverting the lazy setting on the OneToOne or ManyToOne attribute [order] for the entity class [class entities.Payment] since weaving was not enabled or did not occur.
[EL Warning]: metadata: 2021-02-23 15:09:45.145--ServerSession(1894369629)--Thread(Thread[main,5,main])--Reverting the lazy setting on the OneToOne or ManyToOne attribute [product] for the entity class [class entities.pk.OrderItemPK] since weaving was not enabled or did not occur.
[EL Warning]: metadata: 2021-02-23 15:09:45.145--ServerSession(1894369629)--Thread(Thread[main,5,main])--Reverting the lazy setting on the OneToOne or ManyToOne attribute [order] for the entity class [class entities.pk.OrderItemPK] since weaving was not enabled or did not occur.
[EL Fine]: connection: 2021-02-23 15:09:45.155--ServerSession(1894369629)--Thread(Thread[main,5,main])--/file:/C:/Users/eletr/Desktop/trabalho_01/target/classes/_trabalho_01 login successful
[EL Config]: metadata: 2021-02-23 15:09:45.165--Thread(Thread[main,5,main])--The default table generator could not locate or convert a java type (null) into a database type for database field (TB_ORDER.ID_CLIENT). The generator uses &quot;java.lang.String&quot; as default java type for the field.
[EL Config]: metadata: 2021-02-23 15:09:45.165--Thread(Thread[main,5,main])--The default table generator could not locate or convert a java type (null) into a database type for database field (TB_USER.ID_USER). The generator uses &quot;java.lang.String&quot; as default java type for the field.
[EL Config]: metadata: 2021-02-23 15:09:45.165--Thread(Thread[main,5,main])--The default table generator could not locate or convert a java type (null) into a database type for database field (TB_CLIENT.ID_USER). The generator uses &quot;java.lang.String&quot; as default java type for the field.
[EL Fine]: sql: 2021-02-23 15:09:45.171--ServerSession(1894369629)--Connection(735085430)--Thread(Thread[main,5,main])--ALTER TABLE TB_ORDER DROP CONSTRAINT TB_ORDER_ID_CLIENT
[EL Fine]: sql: 2021-02-23 15:09:45.185--ServerSession(1894369629)--Thread(Thread[main,5,main])--VALUES(1)
[EL Warning]: 2021-02-23 15:09:45.195--ServerSession(1894369629)--Thread(Thread[main,5,main])--Exception [EclipseLink-4002] (Eclipse Persistence Services - 2.7.8.v20201217-ecdf3c32c4): org.eclipse.persistence.exceptions.DatabaseException
Internal Exception: java.sql.SQLSyntaxErrorException: ALTER TABLE falhou. Não existe a restrição &apos;APP.TB_ORDER_ID_CLIENT&apos; na tabela &apos;&quot;APP&quot;.&quot;TB_ORDER&quot;&apos;.
Error Code: 30000
Call: ALTER TABLE TB_ORDER DROP CONSTRAINT TB_ORDER_ID_CLIENT
Query: DataModifyQuery(sql=&quot;ALTER TABLE TB_ORDER DROP CONSTRAINT TB_ORDER_ID_CLIENT&quot;)
[EL Fine]: sql: 2021-02-23 15:09:45.195--ServerSession(1894369629)--Connection(735085430)--Thread(Thread[main,5,main])--ALTER TABLE TB_ORDER DROP CONSTRAINT TB_ORDERID_PAYMENT
[EL Fine]: sql: 2021-02-23 15:09:45.195--ServerSession(1894369629)--Thread(Thread[main,5,main])--VALUES(1)
[EL Warning]: 2021-02-23 15:09:45.195--ServerSession(1894369629)--Thread(Thread[main,5,main])--Exception [EclipseLink-4002] (Eclipse Persistence Services - 2.7.8.v20201217-ecdf3c32c4): org.eclipse.persistence.exceptions.DatabaseException
Internal Exception: java.sql.SQLSyntaxErrorException: ALTER TABLE falhou. Não existe a restrição &apos;APP.TB_ORDERID_PAYMENT&apos; na tabela &apos;&quot;APP&quot;.&quot;TB_ORDER&quot;&apos;.
Error Code: 30000
Call: ALTER TABLE TB_ORDER DROP CONSTRAINT TB_ORDERID_PAYMENT
Query: DataModifyQuery(sql=&quot;ALTER TABLE TB_ORDER DROP CONSTRAINT TB_ORDERID_PAYMENT&quot;)
[EL Fine]: sql: 2021-02-23 15:09:45.195--ServerSession(1894369629)--Connection(735085430)--Thread(Thread[main,5,main])--ALTER TABLE TB_ORDER_ITEM DROP CONSTRAINT TBORDERITEMproduct
[EL Fine]: sql: 2021-02-23 15:09:45.195--ServerSession(1894369629)--Thread(Thread[main,5,main])--VALUES(1)
[EL Warning]: 2021-02-23 15:09:45.195--ServerSession(1894369629)--Thread(Thread[main,5,main])--Exception [EclipseLink-4002] (Eclipse Persistence Services - 2.7.8.v20201217-ecdf3c32c4): org.eclipse.persistence.exceptions.DatabaseException
Internal Exception: java.sql.SQLSyntaxErrorException: &apos;ALTER TABLE&apos; não pode ser realizado em &apos;TB_ORDER_ITEM&apos;, porque &apos;TB_ORDER_ITEM&apos; não existe.
Error Code: 30000
Call: ALTER TABLE TB_ORDER_ITEM DROP CONSTRAINT TBORDERITEMproduct
Query: DataModifyQuery(sql=&quot;ALTER TABLE TB_ORDER_ITEM DROP CONSTRAINT TBORDERITEMproduct&quot;)
[EL Fine]: sql: 2021-02-23 15:09:45.205--ServerSession(1894369629)--Connection(735085430)--Thread(Thread[main,5,main])--ALTER TABLE TB_ORDER_ITEM DROP CONSTRAINT TB_ORDER_ITEMorder
[EL Fine]: sql: 2021-02-23 15:09:45.205--ServerSession(1894369629)--Thread(Thread[main,5,main])--VALUES(1)
[EL Warning]: 2021-02-23 15:09:45.205--ServerSession(1894369629)--Thread(Thread[main,5,main])--Exception [EclipseLink-4002] (Eclipse Persistence Services - 2.7.8.v20201217-ecdf3c32c4): org.eclipse.persistence.exceptions.DatabaseException
Internal Exception: java.sql.SQLSyntaxErrorException: &apos;ALTER TABLE&apos; não pode ser realizado em &apos;TB_ORDER_ITEM&apos;, porque &apos;TB_ORDER_ITEM&apos; não existe.
Error Code: 30000
Call: ALTER TABLE TB_ORDER_ITEM DROP CONSTRAINT TB_ORDER_ITEMorder
Query: DataModifyQuery(sql=&quot;ALTER TABLE TB_ORDER_ITEM DROP CONSTRAINT TB_ORDER_ITEMorder&quot;)
[EL Fine]: sql: 2021-02-23 15:09:45.205--ServerSession(1894369629)--Connection(735085430)--Thread(Thread[main,5,main])--ALTER TABLE TB_CLIENT DROP CONSTRAINT TB_CLIENT_ID_USER
[EL Fine]: sql: 2021-02-23 15:09:45.205--ServerSession(1894369629)--Thread(Thread[main,5,main])--VALUES(1)
[EL Warning]: 2021-02-23 15:09:45.21--ServerSession(1894369629)--Thread(Thread[main,5,main])--Exception [EclipseLink-4002] (Eclipse Persistence Services - 2.7.8.v20201217-ecdf3c32c4): org.eclipse.persistence.exceptions.DatabaseException
Internal Exception: java.sql.SQLSyntaxErrorException: ALTER TABLE falhou. Não existe a restrição &apos;APP.TB_CLIENT_ID_USER&apos; na tabela &apos;&quot;APP&quot;.&quot;TB_CLIENT&quot;&apos;.
Error Code: 30000
Call: ALTER TABLE TB_CLIENT DROP CONSTRAINT TB_CLIENT_ID_USER
Query: DataModifyQuery(sql=&quot;ALTER TABLE TB_CLIENT DROP CONSTRAINT TB_CLIENT_ID_USER&quot;)
[EL Fine]: sql: 2021-02-23 15:09:45.21--ServerSession(1894369629)--Connection(735085430)--Thread(Thread[main,5,main])--ALTER TABLE TB_PRODUCT_CATEGORY DROP CONSTRAINT TBPRDCTCATEGORYDTM
[EL Fine]: sql: 2021-02-23 15:09:45.21--ServerSession(1894369629)--Thread(Thread[main,5,main])--VALUES(1)
[EL Warning]: 2021-02-23 15:09:45.21--ServerSession(1894369629)--Thread(Thread[main,5,main])--Exception [EclipseLink-4002] (Eclipse Persistence Services - 2.7.8.v20201217-ecdf3c32c4): org.eclipse.persistence.exceptions.DatabaseException
Internal Exception: java.sql.SQLSyntaxErrorException: ALTER TABLE falhou. Não existe a restrição &apos;APP.TBPRDCTCATEGORYDTM&apos; na tabela &apos;&quot;APP&quot;.&quot;TB_PRODUCT_CATEGORY&quot;&apos;.
Error Code: 30000
Call: ALTER TABLE TB_PRODUCT_CATEGORY DROP CONSTRAINT TBPRDCTCATEGORYDTM
Query: DataModifyQuery(sql=&quot;ALTER TABLE TB_PRODUCT_CATEGORY DROP CONSTRAINT TBPRDCTCATEGORYDTM&quot;)
[EL Fine]: sql: 2021-02-23 15:09:45.21--ServerSession(1894369629)--Connection(735085430)--Thread(Thread[main,5,main])--ALTER TABLE TB_PRODUCT_CATEGORY DROP CONSTRAINT TBPRDCTCTGRYDCTGRY
[EL Fine]: sql: 2021-02-23 15:09:45.21--ServerSession(1894369629)--Thread(Thread[main,5,main])--VALUES(1)
[EL Warning]: 2021-02-23 15:09:45.215--ServerSession(1894369629)--Thread(Thread[main,5,main])--Exception [EclipseLink-4002] (Eclipse Persistence Services - 2.7.8.v20201217-ecdf3c32c4): org.eclipse.persistence.exceptions.DatabaseException
Internal Exception: java.sql.SQLSyntaxErrorException: ALTER TABLE falhou. Não existe a restrição &apos;APP.TBPRDCTCTGRYDCTGRY&apos; na tabela &apos;&quot;APP&quot;.&quot;TB_PRODUCT_CATEGORY&quot;&apos;.
Error Code: 30000
Call: ALTER TABLE TB_PRODUCT_CATEGORY DROP CONSTRAINT TBPRDCTCTGRYDCTGRY
Query: DataModifyQuery(sql=&quot;ALTER TABLE TB_PRODUCT_CATEGORY DROP CONSTRAINT TBPRDCTCTGRYDCTGRY&quot;)
[EL Fine]: sql: 2021-02-23 15:09:45.215--ServerSession(1894369629)--Connection(735085430)--Thread(Thread[main,5,main])--DROP TABLE TB_ORDER
[EL Fine]: sql: 2021-02-23 15:09:46.185--ServerSession(1894369629)--Connection(735085430)--Thread(Thread[main,5,main])--DROP TABLE TB_PAYMENT
[EL Fine]: sql: 2021-02-23 15:09:46.565--ServerSession(1894369629)--Connection(735085430)--Thread(Thread[main,5,main])--DROP TABLE TB_ORDER_ITEM
[EL Fine]: sql: 2021-02-23 15:09:46.565--ServerSession(1894369629)--Thread(Thread[main,5,main])--VALUES(1)
[EL Warning]: 2021-02-23 15:09:46.565--ServerSession(1894369629)--Thread(Thread[main,5,main])--Exception [EclipseLink-4002] (Eclipse Persistence Services - 2.7.8.v20201217-ecdf3c32c4): org.eclipse.persistence.exceptions.DatabaseException
Internal Exception: java.sql.SQLSyntaxErrorException: &apos;DROP TABLE&apos; não pode ser realizado em &apos;TB_ORDER_ITEM&apos;, porque &apos;TB_ORDER_ITEM&apos; não existe.
Error Code: 30000
Call: DROP TABLE TB_ORDER_ITEM
Query: DataModifyQuery(sql=&quot;DROP TABLE TB_ORDER_ITEM&quot;)
[EL Fine]: sql: 2021-02-23 15:09:46.565--ServerSession(1894369629)--Connection(735085430)--Thread(Thread[main,5,main])--DROP TABLE TB_USER
[EL Fine]: sql: 2021-02-23 15:09:47.035--ServerSession(1894369629)--Connection(735085430)--Thread(Thread[main,5,main])--DROP TABLE TB_CLIENT
[EL Fine]: sql: 2021-02-23 15:09:47.59--ServerSession(1894369629)--Connection(735085430)--Thread(Thread[main,5,main])--DROP TABLE TB_PRODUCT
[EL Fine]: sql: 2021-02-23 15:09:47.704--ServerSession(1894369629)--Thread(Thread[main,5,main])--VALUES(1)
[EL Warning]: 2021-02-23 15:09:47.704--ServerSession(1894369629)--Thread(Thread[main,5,main])--Exception [EclipseLink-4002] (Eclipse Persistence Services - 2.7.8.v20201217-ecdf3c32c4): org.eclipse.persistence.exceptions.DatabaseException
Internal Exception: java.sql.SQLTransactionRollbackException: A operação &apos;DROP CONSTRAINT&apos; não pôde ser efetuada no objeto &apos;SQL210223141629940&apos;, porque CONSTRAINT &apos;TBPRDCTCTGORIASDTM&apos; é dependente deste objeto.
Error Code: 30000
Call: DROP TABLE TB_PRODUCT
Query: DataModifyQuery(sql=&quot;DROP TABLE TB_PRODUCT&quot;)
[EL Fine]: sql: 2021-02-23 15:09:47.705--ServerSession(1894369629)--Connection(735085430)--Thread(Thread[main,5,main])--DROP TABLE TB_CATEGORY
[EL Fine]: sql: 2021-02-23 15:09:47.711--ServerSession(1894369629)--Thread(Thread[main,5,main])--VALUES(1)
[EL Warning]: 2021-02-23 15:09:47.712--ServerSession(1894369629)--Thread(Thread[main,5,main])--Exception [EclipseLink-4002] (Eclipse Persistence Services - 2.7.8.v20201217-ecdf3c32c4): org.eclipse.persistence.exceptions.DatabaseException
Internal Exception: java.sql.SQLTransactionRollbackException: A operação &apos;DROP CONSTRAINT&apos; não pôde ser efetuada no objeto &apos;SQL210223141630030&apos;, porque CONSTRAINT &apos;TBPRDCTCTGRASDCTGR&apos; é dependente deste objeto.
Error Code: 30000
Call: DROP TABLE TB_CATEGORY
Query: DataModifyQuery(sql=&quot;DROP TABLE TB_CATEGORY&quot;)
[EL Fine]: sql: 2021-02-23 15:09:47.712--ServerSession(1894369629)--Connection(735085430)--Thread(Thread[main,5,main])--DROP TABLE TB_PRODUCT_CATEGORY
[EL Fine]: sql: 2021-02-23 15:09:47.95--ServerSession(1894369629)--Connection(735085430)--Thread(Thread[main,5,main])--DROP TABLE TB_ORDER_ITEM
[EL Fine]: sql: 2021-02-23 15:09:47.952--ServerSession(1894369629)--Thread(Thread[main,5,main])--VALUES(1)
[EL Warning]: 2021-02-23 15:09:47.953--ServerSession(1894369629)--Thread(Thread[main,5,main])--Exception [EclipseLink-4002] (Eclipse Persistence Services - 2.7.8.v20201217-ecdf3c32c4): org.eclipse.persistence.exceptions.DatabaseException
Internal Exception: java.sql.SQLSyntaxErrorException: &apos;DROP TABLE&apos; não pode ser realizado em &apos;TB_ORDER_ITEM&apos;, porque &apos;TB_ORDER_ITEM&apos; não existe.
Error Code: 30000
Call: DROP TABLE TB_ORDER_ITEM
Query: DataModifyQuery(sql=&quot;DROP TABLE TB_ORDER_ITEM&quot;)
[EL Fine]: sql: 2021-02-23 15:09:47.954--ServerSession(1894369629)--Connection(735085430)--Thread(Thread[main,5,main])--DROP TABLE TB_PRODUCT
[EL Fine]: sql: 2021-02-23 15:09:47.96--ServerSession(1894369629)--Thread(Thread[main,5,main])--VALUES(1)
[EL Warning]: 2021-02-23 15:09:47.961--ServerSession(1894369629)--Thread(Thread[main,5,main])--Exception [EclipseLink-4002] (Eclipse Persistence Services - 2.7.8.v20201217-ecdf3c32c4): org.eclipse.persistence.exceptions.DatabaseException
Internal Exception: java.sql.SQLTransactionRollbackException: A operação &apos;DROP CONSTRAINT&apos; não pôde ser efetuada no objeto &apos;SQL210223141629940&apos;, porque CONSTRAINT &apos;TBPRDCTCTGORIASDTM&apos; é dependente deste objeto.
Error Code: 30000
Call: DROP TABLE TB_PRODUCT
Query: DataModifyQuery(sql=&quot;DROP TABLE TB_PRODUCT&quot;)
[EL Fine]: sql: 2021-02-23 15:09:47.961--ServerSession(1894369629)--Connection(735085430)--Thread(Thread[main,5,main])--DROP TABLE TB_CATEGORY
[EL Fine]: sql: 2021-02-23 15:09:48.292--ServerSession(1894369629)--Thread(Thread[main,5,main])--VALUES(1)
[EL Warning]: 2021-02-23 15:09:48.293--ServerSession(1894369629)--Thread(Thread[main,5,main])--Exception [EclipseLink-4002] (Eclipse Persistence Services - 2.7.8.v20201217-ecdf3c32c4): org.eclipse.persistence.exceptions.DatabaseException
Internal Exception: java.sql.SQLTransactionRollbackException: A operação &apos;DROP CONSTRAINT&apos; não pôde ser efetuada no objeto &apos;SQL210223141630030&apos;, porque CONSTRAINT &apos;TBPRDCTCTGRASDCTGR&apos; é dependente deste objeto.
Error Code: 30000
Call: DROP TABLE TB_CATEGORY
Query: DataModifyQuery(sql=&quot;DROP TABLE TB_CATEGORY&quot;)
[EL Fine]: sql: 2021-02-23 15:09:48.293--ServerSession(1894369629)--Connection(735085430)--Thread(Thread[main,5,main])--DROP TABLE TB_ORDER_ITEM
[EL Fine]: sql: 2021-02-23 15:09:48.295--ServerSession(1894369629)--Thread(Thread[main,5,main])--VALUES(1)
[EL Warning]: 2021-02-23 15:09:48.296--ServerSession(1894369629)--Thread(Thread[main,5,main])--Exception [EclipseLink-4002] (Eclipse Persistence Services - 2.7.8.v20201217-ecdf3c32c4): org.eclipse.persistence.exceptions.DatabaseException
Internal Exception: java.sql.SQLSyntaxErrorException: &apos;DROP TABLE&apos; não pode ser realizado em &apos;TB_ORDER_ITEM&apos;, porque &apos;TB_ORDER_ITEM&apos; não existe.
Error Code: 30000
Call: DROP TABLE TB_ORDER_ITEM
Query: DataModifyQuery(sql=&quot;DROP TABLE TB_ORDER_ITEM&quot;)
[EL Fine]: sql: 2021-02-23 15:09:48.297--ServerSession(1894369629)--Connection(735085430)--Thread(Thread[main,5,main])--DROP TABLE TB_PRODUCT
[EL Fine]: sql: 2021-02-23 15:09:48.322--ServerSession(1894369629)--Thread(Thread[main,5,main])--VALUES(1)
[EL Warning]: 2021-02-23 15:09:48.323--ServerSession(1894369629)--Thread(Thread[main,5,main])--Exception [EclipseLink-4002] (Eclipse Persistence Services - 2.7.8.v20201217-ecdf3c32c4): org.eclipse.persistence.exceptions.DatabaseException
Internal Exception: java.sql.SQLTransactionRollbackException: A operação &apos;DROP CONSTRAINT&apos; não pôde ser efetuada no objeto &apos;SQL210223141629940&apos;, porque CONSTRAINT &apos;TBPRDCTCTGORIASDTM&apos; é dependente deste objeto.
Error Code: 30000
Call: DROP TABLE TB_PRODUCT
Query: DataModifyQuery(sql=&quot;DROP TABLE TB_PRODUCT&quot;)
[EL Fine]: sql: 2021-02-23 15:09:48.323--ServerSession(1894369629)--Connection(735085430)--Thread(Thread[main,5,main])--DROP TABLE TB_CATEGORY
[EL Fine]: sql: 2021-02-23 15:09:48.329--ServerSession(1894369629)--Thread(Thread[main,5,main])--VALUES(1)
[EL Warning]: 2021-02-23 15:09:48.331--ServerSession(1894369629)--Thread(Thread[main,5,main])--Exception [EclipseLink-4002] (Eclipse Persistence Services - 2.7.8.v20201217-ecdf3c32c4): org.eclipse.persistence.exceptions.DatabaseException
Internal Exception: java.sql.SQLTransactionRollbackException: A operação &apos;DROP CONSTRAINT&apos; não pôde ser efetuada no objeto &apos;SQL210223141630030&apos;, porque CONSTRAINT &apos;TBPRDCTCTGRASDCTGR&apos; é dependente deste objeto.
Error Code: 30000
Call: DROP TABLE TB_CATEGORY
Query: DataModifyQuery(sql=&quot;DROP TABLE TB_CATEGORY&quot;)
[EL Fine]: sql: 2021-02-23 15:09:48.331--ServerSession(1894369629)--Connection(735085430)--Thread(Thread[main,5,main])--DROP TABLE TB_ORDER_ITEM
[EL Fine]: sql: 2021-02-23 15:09:48.333--ServerSession(1894369629)--Thread(Thread[main,5,main])--VALUES(1)
[EL Warning]: 2021-02-23 15:09:48.334--ServerSession(1894369629)--Thread(Thread[main,5,main])--Exception [EclipseLink-4002] (Eclipse Persistence Services - 2.7.8.v20201217-ecdf3c32c4): org.eclipse.persistence.exceptions.DatabaseException
Internal Exception: java.sql.SQLSyntaxErrorException: &apos;DROP TABLE&apos; não pode ser realizado em &apos;TB_ORDER_ITEM&apos;, porque &apos;TB_ORDER_ITEM&apos; não existe.
Error Code: 30000
Call: DROP TABLE TB_ORDER_ITEM
Query: DataModifyQuery(sql=&quot;DROP TABLE TB_ORDER_ITEM&quot;)
[EL Fine]: sql: 2021-02-23 15:09:48.335--ServerSession(1894369629)--Connection(735085430)--Thread(Thread[main,5,main])--DROP TABLE TB_PRODUCT
[EL Fine]: sql: 2021-02-23 15:09:48.342--ServerSession(1894369629)--Thread(Thread[main,5,main])--VALUES(1)
[EL Warning]: 2021-02-23 15:09:48.343--ServerSession(1894369629)--Thread(Thread[main,5,main])--Exception [EclipseLink-4002] (Eclipse Persistence Services - 2.7.8.v20201217-ecdf3c32c4): org.eclipse.persistence.exceptions.DatabaseException
Internal Exception: java.sql.SQLTransactionRollbackException: A operação &apos;DROP CONSTRAINT&apos; não pôde ser efetuada no objeto &apos;SQL210223141629940&apos;, porque CONSTRAINT &apos;TBPRDCTCTGORIASDTM&apos; é dependente deste objeto.
Error Code: 30000
Call: DROP TABLE TB_PRODUCT
Query: DataModifyQuery(sql=&quot;DROP TABLE TB_PRODUCT&quot;)
[EL Fine]: sql: 2021-02-23 15:09:48.343--ServerSession(1894369629)--Connection(735085430)--Thread(Thread[main,5,main])--DROP TABLE TB_CATEGORY
[EL Fine]: sql: 2021-02-23 15:09:48.35--ServerSession(1894369629)--Thread(Thread[main,5,main])--VALUES(1)
[EL Warning]: 2021-02-23 15:09:48.351--ServerSession(1894369629)--Thread(Thread[main,5,main])--Exception [EclipseLink-4002] (Eclipse Persistence Services - 2.7.8.v20201217-ecdf3c32c4): org.eclipse.persistence.exceptions.DatabaseException
Internal Exception: java.sql.SQLTransactionRollbackException: A operação &apos;DROP CONSTRAINT&apos; não pôde ser efetuada no objeto &apos;SQL210223141630030&apos;, porque CONSTRAINT &apos;TBPRDCTCTGRASDCTGR&apos; é dependente deste objeto.
Error Code: 30000
Call: DROP TABLE TB_CATEGORY
Query: DataModifyQuery(sql=&quot;DROP TABLE TB_CATEGORY&quot;)
[EL Fine]: sql: 2021-02-23 15:09:48.351--ServerSession(1894369629)--Connection(735085430)--Thread(Thread[main,5,main])--DROP TABLE TB_ORDER_ITEM
[EL Fine]: sql: 2021-02-23 15:09:48.353--ServerSession(1894369629)--Thread(Thread[main,5,main])--VALUES(1)
[EL Warning]: 2021-02-23 15:09:48.354--ServerSession(1894369629)--Thread(Thread[main,5,main])--Exception [EclipseLink-4002] (Eclipse Persistence Services - 2.7.8.v20201217-ecdf3c32c4): org.eclipse.persistence.exceptions.DatabaseException
Internal Exception: java.sql.SQLSyntaxErrorException: &apos;DROP TABLE&apos; não pode ser realizado em &apos;TB_ORDER_ITEM&apos;, porque &apos;TB_ORDER_ITEM&apos; não existe.
Error Code: 30000
Call: DROP TABLE TB_ORDER_ITEM
Query: DataModifyQuery(sql=&quot;DROP TABLE TB_ORDER_ITEM&quot;)
[EL Fine]: sql: 2021-02-23 15:09:48.355--ServerSession(1894369629)--Connection(735085430)--Thread(Thread[main,5,main])--DROP TABLE TB_PRODUCT
[EL Fine]: sql: 2021-02-23 15:09:48.361--ServerSession(1894369629)--Thread(Thread[main,5,main])--VALUES(1)
[EL Warning]: 2021-02-23 15:09:48.363--ServerSession(1894369629)--Thread(Thread[main,5,main])--Exception [EclipseLink-4002] (Eclipse Persistence Services - 2.7.8.v20201217-ecdf3c32c4): org.eclipse.persistence.exceptions.DatabaseException
Internal Exception: java.sql.SQLTransactionRollbackException: A operação &apos;DROP CONSTRAINT&apos; não pôde ser efetuada no objeto &apos;SQL210223141629940&apos;, porque CONSTRAINT &apos;TBPRDCTCTGORIASDTM&apos; é dependente deste objeto.
Error Code: 30000
Call: DROP TABLE TB_PRODUCT
Query: DataModifyQuery(sql=&quot;DROP TABLE TB_PRODUCT&quot;)
[EL Fine]: sql: 2021-02-23 15:09:48.363--ServerSession(1894369629)--Connection(735085430)--Thread(Thread[main,5,main])--DROP TABLE TB_CATEGORY
[EL Fine]: sql: 2021-02-23 15:09:48.369--ServerSession(1894369629)--Thread(Thread[main,5,main])--VALUES(1)
[EL Warning]: 2021-02-23 15:09:48.37--ServerSession(1894369629)--Thread(Thread[main,5,main])--Exception [EclipseLink-4002] (Eclipse Persistence Services - 2.7.8.v20201217-ecdf3c32c4): org.eclipse.persistence.exceptions.DatabaseException
Internal Exception: java.sql.SQLTransactionRollbackException: A operação &apos;DROP CONSTRAINT&apos; não pôde ser efetuada no objeto &apos;SQL210223141630030&apos;, porque CONSTRAINT &apos;TBPRDCTCTGRASDCTGR&apos; é dependente deste objeto.
Error Code: 30000
Call: DROP TABLE TB_CATEGORY
Query: DataModifyQuery(sql=&quot;DROP TABLE TB_CATEGORY&quot;)
[EL Config]: metadata: 2021-02-23 15:09:48.371--Thread(Thread[main,5,main])--The default table generator could not locate or convert a java type (null) into a database type for database field (TB_ORDER.ID_CLIENT). The generator uses &quot;java.lang.String&quot; as default java type for the field.
[EL Config]: metadata: 2021-02-23 15:09:48.371--Thread(Thread[main,5,main])--The default table generator could not locate or convert a java type (null) into a database type for database field (TB_USER.ID_USER). The generator uses &quot;java.lang.String&quot; as default java type for the field.
[EL Config]: metadata: 2021-02-23 15:09:48.371--Thread(Thread[main,5,main])--The default table generator could not locate or convert a java type (null) into a database type for database field (TB_CLIENT.ID_USER). The generator uses &quot;java.lang.String&quot; as default java type for the field.
[EL Fine]: sql: 2021-02-23 15:09:48.375--ServerSession(1894369629)--Connection(735085430)--Thread(Thread[main,5,main])--CREATE TABLE TB_ORDER (ID_ORDER BIGINT GENERATED BY DEFAULT AS IDENTITY NOT NULL, MOMENT VARCHAR(20) NOT NULL, ORDER_STATUS INTEGER NOT NULL, ID_CLIENT VARCHAR(255), ID_PAYMENT BIGINT, PRIMARY KEY (ID_ORDER))
[EL Fine]: sql: 2021-02-23 15:09:48.61--ServerSession(1894369629)--Connection(735085430)--Thread(Thread[main,5,main])--CREATE TABLE TB_PAYMENT (ID_PAYMENT BIGINT GENERATED BY DEFAULT AS IDENTITY NOT NULL, MOMENT VARCHAR(20) NOT NULL, PRIMARY KEY (ID_PAYMENT))
[EL Fine]: sql: 2021-02-23 15:09:48.802--ServerSession(1894369629)--Connection(735085430)--Thread(Thread[main,5,main])--CREATE TABLE TB_ORDER_ITEM (ID_ORDER_ITEM BIGINT GENERATED BY DEFAULT AS IDENTITY NOT NULL, PRICE FLOAT NOT NULL, QUANTITY INTEGER NOT NULL, order BIGINT, product BIGINT, PRIMARY KEY (ID_ORDER_ITEM))
[EL Fine]: sql: 2021-02-23 15:09:48.804--ServerSession(1894369629)--Thread(Thread[main,5,main])--VALUES(1)
[EL Warning]: 2021-02-23 15:09:48.805--ServerSession(1894369629)--Thread(Thread[main,5,main])--Exception [EclipseLink-4002] (Eclipse Persistence Services - 2.7.8.v20201217-ecdf3c32c4): org.eclipse.persistence.exceptions.DatabaseException
Internal Exception: java.sql.SQLSyntaxErrorException: Erro de sintaxe: Encountered &quot;order&quot; at line 1, column 142.
Error Code: 30000
Call: CREATE TABLE TB_ORDER_ITEM (ID_ORDER_ITEM BIGINT GENERATED BY DEFAULT AS IDENTITY NOT NULL, PRICE FLOAT NOT NULL, QUANTITY INTEGER NOT NULL, order BIGINT, product BIGINT, PRIMARY KEY (ID_ORDER_ITEM))
Query: DataModifyQuery(sql=&quot;CREATE TABLE TB_ORDER_ITEM (ID_ORDER_ITEM BIGINT GENERATED BY DEFAULT AS IDENTITY NOT NULL, PRICE FLOAT NOT NULL, QUANTITY INTEGER NOT NULL, order BIGINT, product BIGINT, PRIMARY KEY (ID_ORDER_ITEM))&quot;)
[EL Fine]: sql: 2021-02-23 15:09:48.808--ServerSession(1894369629)--Connection(735085430)--Thread(Thread[main,5,main])--CREATE TABLE TB_USER (ID BIGINT GENERATED BY DEFAULT AS IDENTITY NOT NULL, TYPE_USER VARCHAR(1), EMAIL VARCHAR(40) NOT NULL, NAME VARCHAR(150) NOT NULL, PASSWORD VARCHAR(20) NOT NULL, PHONE VARCHAR(20) NOT NULL, ID_USER VARCHAR(255), PRIMARY KEY (ID))
[EL Fine]: sql: 2021-02-23 15:09:49.036--ServerSession(1894369629)--Connection(735085430)--Thread(Thread[main,5,main])--CREATE TABLE TB_CLIENT (ID_USER VARCHAR(255) NOT NULL, PRIMARY KEY (ID_USER))
[EL Fine]: sql: 2021-02-23 15:09:49.205--ServerSession(1894369629)--Connection(735085430)--Thread(Thread[main,5,main])--CREATE TABLE TB_PRODUCT_CATEGORY (ID_ITEM BIGINT NOT NULL, ID_CATEGORY BIGINT NOT NULL, PRIMARY KEY (ID_ITEM, ID_CATEGORY))
[EL Fine]: sql: 2021-02-23 15:09:49.424--ServerSession(1894369629)--Connection(735085430)--Thread(Thread[main,5,main])--ALTER TABLE TB_ORDER ADD CONSTRAINT TB_ORDER_ID_CLIENT FOREIGN KEY (ID_CLIENT) REFERENCES TB_USER (ID_USER)
[EL Fine]: sql: 2021-02-23 15:09:49.562--ServerSession(1894369629)--Thread(Thread[main,5,main])--VALUES(1)
[EL Warning]: 2021-02-23 15:09:49.563--ServerSession(1894369629)--Thread(Thread[main,5,main])--Exception [EclipseLink-4002] (Eclipse Persistence Services - 2.7.8.v20201217-ecdf3c32c4): org.eclipse.persistence.exceptions.DatabaseException
Internal Exception: java.sql.SQLTransactionRollbackException: A restrição &apos;TB_ORDER_ID_CLIENT&apos; não é válida: não há nenhuma restrição de chave primária ou exclusiva na tabela &apos;&quot;APP&quot;.&quot;TB_USER&quot;&apos; que corresponda ao número e aos tipos de colunas na chave estrangeira.
Error Code: 30000
Call: ALTER TABLE TB_ORDER ADD CONSTRAINT TB_ORDER_ID_CLIENT FOREIGN KEY (ID_CLIENT) REFERENCES TB_USER (ID_USER)
Query: DataModifyQuery(sql=&quot;ALTER TABLE TB_ORDER ADD CONSTRAINT TB_ORDER_ID_CLIENT FOREIGN KEY (ID_CLIENT) REFERENCES TB_USER (ID_USER)&quot;)
[EL Fine]: sql: 2021-02-23 15:09:49.564--ServerSession(1894369629)--Connection(735085430)--Thread(Thread[main,5,main])--ALTER TABLE TB_ORDER_ITEM ADD CONSTRAINT TBORDERITEMproduct FOREIGN KEY (product) REFERENCES TB_PRODUCT (ID_PRODUCT)
[EL Fine]: sql: 2021-02-23 15:09:49.566--ServerSession(1894369629)--Thread(Thread[main,5,main])--VALUES(1)
[EL Warning]: 2021-02-23 15:09:49.567--ServerSession(1894369629)--Thread(Thread[main,5,main])--Exception [EclipseLink-4002] (Eclipse Persistence Services - 2.7.8.v20201217-ecdf3c32c4): org.eclipse.persistence.exceptions.DatabaseException
Internal Exception: java.sql.SQLSyntaxErrorException: &apos;ALTER TABLE&apos; não pode ser realizado em &apos;TB_ORDER_ITEM&apos;, porque &apos;TB_ORDER_ITEM&apos; não existe.
Error Code: 30000
Call: ALTER TABLE TB_ORDER_ITEM ADD CONSTRAINT TBORDERITEMproduct FOREIGN KEY (product) REFERENCES TB_PRODUCT (ID_PRODUCT)
Query: DataModifyQuery(sql=&quot;ALTER TABLE TB_ORDER_ITEM ADD CONSTRAINT TBORDERITEMproduct FOREIGN KEY (product) REFERENCES TB_PRODUCT (ID_PRODUCT)&quot;)
[EL Fine]: sql: 2021-02-23 15:09:49.567--ServerSession(1894369629)--Connection(735085430)--Thread(Thread[main,5,main])--ALTER TABLE TB_CLIENT ADD CONSTRAINT TB_CLIENT_ID_USER FOREIGN KEY (ID_USER) REFERENCES TB_USER (ID_USER)
[EL Fine]: sql: 2021-02-23 15:09:49.572--ServerSession(1894369629)--Thread(Thread[main,5,main])--VALUES(1)
[EL Warning]: 2021-02-23 15:09:49.573--ServerSession(1894369629)--Thread(Thread[main,5,main])--Exception [EclipseLink-4002] (Eclipse Persistence Services - 2.7.8.v20201217-ecdf3c32c4): org.eclipse.persistence.exceptions.DatabaseException
Internal Exception: java.sql.SQLTransactionRollbackException: A restrição &apos;TB_CLIENT_ID_USER&apos; não é válida: não há nenhuma restrição de chave primária ou exclusiva na tabela &apos;&quot;APP&quot;.&quot;TB_USER&quot;&apos; que corresponda ao número e aos tipos de colunas na chave estrangeira.
Error Code: 30000
Call: ALTER TABLE TB_CLIENT ADD CONSTRAINT TB_CLIENT_ID_USER FOREIGN KEY (ID_USER) REFERENCES TB_USER (ID_USER)
Query: DataModifyQuery(sql=&quot;ALTER TABLE TB_CLIENT ADD CONSTRAINT TB_CLIENT_ID_USER FOREIGN KEY (ID_USER) REFERENCES TB_USER (ID_USER)&quot;)
[EL Fine]: sql: 2021-02-23 15:09:49.573--ServerSession(1894369629)--Connection(735085430)--Thread(Thread[main,5,main])--ALTER TABLE TB_PRODUCT_CATEGORY ADD CONSTRAINT TBPRDCTCATEGORYDTM FOREIGN KEY (ID_ITEM) REFERENCES TB_PRODUCT (ID_PRODUCT)
[EL Fine]: sql: 2021-02-23 15:09:49.688--ServerSession(1894369629)--Thread(Thread[main,5,main])--VALUES(1)
[EL Warning]: 2021-02-23 15:09:49.689--ServerSession(1894369629)--Thread(Thread[main,5,main])--Exception [EclipseLink-4002] (Eclipse Persistence Services - 2.7.8.v20201217-ecdf3c32c4): org.eclipse.persistence.exceptions.DatabaseException
Internal Exception: java.sql.SQLTransactionRollbackException: A restrição &apos;TBPRDCTCATEGORYDTM&apos; não é válida: não há nenhuma restrição de chave primária ou exclusiva na tabela &apos;&quot;APP&quot;.&quot;TB_PRODUCT&quot;&apos; que corresponda ao número e aos tipos de colunas na chave estrangeira.
Error Code: 30000
Call: ALTER TABLE TB_PRODUCT_CATEGORY ADD CONSTRAINT TBPRDCTCATEGORYDTM FOREIGN KEY (ID_ITEM) REFERENCES TB_PRODUCT (ID_PRODUCT)
Query: DataModifyQuery(sql=&quot;ALTER TABLE TB_PRODUCT_CATEGORY ADD CONSTRAINT TBPRDCTCATEGORYDTM FOREIGN KEY (ID_ITEM) REFERENCES TB_PRODUCT (ID_PRODUCT)&quot;)
[EL Fine]: connection: 2021-02-23 15:09:49.765--ServerSession(1894369629)--Connection(735085430)--Thread(Thread[main,5,main])--disconnect
[EL Fine]: connection: 2021-02-23 15:09:49.766--ServerSession(1894369629)--Thread(Thread[main,5,main])--/file:/C:/Users/eletr/Desktop/trabalho_01/target/classes/_trabalho_01 logout successful
[EL Fine]: connection: 2021-02-23 15:09:49.766--ServerSession(1894369629)--Connection(28094269)--Thread(Thread[main,5,main])--disconnect
</system-out>
    <system-err>SLF4J: Failed to load class &quot;org.slf4j.impl.StaticLoggerBinder&quot;.
SLF4J: Defaulting to no-operation (NOP) logger implementation
SLF4J: See http://www.slf4j.org/codes.html#StaticLoggerBinder for further details.
</system-err>
  </testcase>
  <testcase classname="trabalho.PaymentTeste" name="trabalho.PaymentTeste" time="7.458">
    <error message="TB_ORDER_ITEM" type="java.lang.RuntimeException">java.lang.RuntimeException: TB_ORDER_ITEM
	at trabalho.DbUnitUtil.inserirDados(DbUnitUtil.java:43)
	at trabalho.Teste.setUpClass(Teste.java:30)
	at java.base/jdk.internal.reflect.NativeMethodAccessorImpl.invoke0(Native Method)
	at java.base/jdk.internal.reflect.NativeMethodAccessorImpl.invoke(NativeMethodAccessorImpl.java:62)
	at java.base/jdk.internal.reflect.DelegatingMethodAccessorImpl.invoke(DelegatingMethodAccessorImpl.java:43)
	at java.base/java.lang.reflect.Method.invoke(Method.java:566)
	at org.junit.runners.model.FrameworkMethod$1.runReflectiveCall(FrameworkMethod.java:59)
	at org.junit.internal.runners.model.ReflectiveCallable.run(ReflectiveCallable.java:12)
	at org.junit.runners.model.FrameworkMethod.invokeExplosively(FrameworkMethod.java:56)
	at org.junit.internal.runners.statements.RunBefores.invokeMethod(RunBefores.java:33)
	at org.junit.internal.runners.statements.RunBefores.evaluate(RunBefores.java:24)
	at org.junit.internal.runners.statements.RunAfters.evaluate(RunAfters.java:27)
	at org.junit.runners.ParentRunner$3.evaluate(ParentRunner.java:306)
	at org.junit.runners.ParentRunner.run(ParentRunner.java:413)
	at org.junit.runners.Suite.runChild(Suite.java:128)
	at org.junit.runners.Suite.runChild(Suite.java:27)
	at org.junit.runners.ParentRunner$4.run(ParentRunner.java:331)
	at org.junit.runners.ParentRunner$1.schedule(ParentRunner.java:79)
	at org.junit.runners.ParentRunner.runChildren(ParentRunner.java:329)
	at org.junit.runners.ParentRunner.access$100(ParentRunner.java:66)
	at org.junit.runners.ParentRunner$2.evaluate(ParentRunner.java:293)
	at org.junit.runners.ParentRunner$3.evaluate(ParentRunner.java:306)
	at org.junit.runners.ParentRunner.run(ParentRunner.java:413)
	at org.apache.maven.surefire.junit4.JUnit4Provider.execute(JUnit4Provider.java:252)
	at org.apache.maven.surefire.junit4.JUnit4Provider.executeTestSet(JUnit4Provider.java:141)
	at org.apache.maven.surefire.junit4.JUnit4Provider.invoke(JUnit4Provider.java:112)
	at java.base/jdk.internal.reflect.NativeMethodAccessorImpl.invoke0(Native Method)
	at java.base/jdk.internal.reflect.NativeMethodAccessorImpl.invoke(NativeMethodAccessorImpl.java:62)
	at java.base/jdk.internal.reflect.DelegatingMethodAccessorImpl.invoke(DelegatingMethodAccessorImpl.java:43)
	at java.base/java.lang.reflect.Method.invoke(Method.java:566)
	at org.apache.maven.surefire.util.ReflectionUtils.invokeMethodWithArray(ReflectionUtils.java:189)
	at org.apache.maven.surefire.booter.ProviderFactory$ProviderProxy.invoke(ProviderFactory.java:165)
	at org.apache.maven.surefire.booter.ProviderFactory.invokeProvider(ProviderFactory.java:85)
	at org.apache.maven.surefire.booter.ForkedBooter.runSuitesInProcess(ForkedBooter.java:115)
	at org.apache.maven.surefire.booter.ForkedBooter.main(ForkedBooter.java:75)
Caused by: org.dbunit.dataset.NoSuchTableException: TB_ORDER_ITEM
	at org.dbunit.database.DatabaseDataSet.getTableMetaData(DatabaseDataSet.java:305)
	at org.dbunit.operation.DeleteAllOperation.execute(DeleteAllOperation.java:109)
	at org.dbunit.operation.CompositeOperation.execute(CompositeOperation.java:79)
	at trabalho.DbUnitUtil.inserirDados(DbUnitUtil.java:41)
	... 34 more
</error>
    <system-out>[EL Fine]: moxy: 2021-02-23 15:09:49.778--Thread(Thread[main,5,main])--SAXParserFactory instance: com.sun.org.apache.xerces.internal.jaxp.SAXParserFactoryImpl@73163d48
[EL Fine]: server: 2021-02-23 15:09:49.785--Thread(Thread[main,5,main])--Configured server platform: org.eclipse.persistence.platform.server.NoServerPlatform
[EL Config]: metadata: 2021-02-23 15:09:49.813--ServerSession(1489193907)--Thread(Thread[main,5,main])--The access type for the persistent class [class entities.Order] is set to [FIELD].
[EL Config]: metadata: 2021-02-23 15:09:49.813--ServerSession(1489193907)--Thread(Thread[main,5,main])--The target entity (reference) class for the many to one mapping element [field client] is being defaulted to: class entities.Client.
[EL Config]: metadata: 2021-02-23 15:09:49.814--ServerSession(1489193907)--Thread(Thread[main,5,main])--The target entity (reference) class for the one to one mapping element [field payment] is being defaulted to: class entities.Payment.
[EL Config]: metadata: 2021-02-23 15:09:49.814--ServerSession(1489193907)--Thread(Thread[main,5,main])--The target entity (reference) class for the one to many mapping element [field items] is being defaulted to: class entities.OrderItem.
[EL Config]: metadata: 2021-02-23 15:09:49.815--ServerSession(1489193907)--Thread(Thread[main,5,main])--The access type for the persistent class [class entities.Product] is set to [FIELD].
[EL Config]: metadata: 2021-02-23 15:09:49.815--ServerSession(1489193907)--Thread(Thread[main,5,main])--The target entity (reference) class for the many to many mapping element [field categories] is being defaulted to: class entities.Category.
[EL Config]: metadata: 2021-02-23 15:09:49.816--ServerSession(1489193907)--Thread(Thread[main,5,main])--The target entity (reference) class for the one to many mapping element [field items] is being defaulted to: class entities.OrderItem.
[EL Config]: metadata: 2021-02-23 15:09:49.816--ServerSession(1489193907)--Thread(Thread[main,5,main])--The access type for the persistent class [class entities.Payment] is set to [FIELD].
[EL Config]: metadata: 2021-02-23 15:09:49.816--ServerSession(1489193907)--Thread(Thread[main,5,main])--The target entity (reference) class for the one to one mapping element [field order] is being defaulted to: class entities.Order.
[EL Config]: metadata: 2021-02-23 15:09:49.816--ServerSession(1489193907)--Thread(Thread[main,5,main])--The access type for the persistent class [class entities.Category] is set to [FIELD].
[EL Config]: metadata: 2021-02-23 15:09:49.817--ServerSession(1489193907)--Thread(Thread[main,5,main])--The access type for the persistent class [class entities.OrderItem] is set to [FIELD].
[EL Config]: metadata: 2021-02-23 15:09:49.817--ServerSession(1489193907)--Thread(Thread[main,5,main])--The access type for the persistent class [class entities.Client] is set to [FIELD].
[EL Config]: metadata: 2021-02-23 15:09:49.818--ServerSession(1489193907)--Thread(Thread[main,5,main])--The target entity (reference) class for the one to many mapping element [field orders] is being defaulted to: class entities.Order.
[EL Config]: metadata: 2021-02-23 15:09:49.818--ServerSession(1489193907)--Thread(Thread[main,5,main])--The access type for the persistent class [class entities.pk.OrderItemPK] is set to [FIELD].
[EL Config]: metadata: 2021-02-23 15:09:49.818--ServerSession(1489193907)--Thread(Thread[main,5,main])--The target entity (reference) class for the many to one mapping element [field product] is being defaulted to: class entities.Product.
[EL Config]: metadata: 2021-02-23 15:09:49.819--ServerSession(1489193907)--Thread(Thread[main,5,main])--The target entity (reference) class for the many to one mapping element [field order] is being defaulted to: class entities.Order.
[EL Config]: metadata: 2021-02-23 15:09:49.819--ServerSession(1489193907)--Thread(Thread[main,5,main])--The alias name for the entity class [class entities.User] is being defaulted to: User.
[EL Config]: metadata: 2021-02-23 15:09:49.821--ServerSession(1489193907)--Thread(Thread[main,5,main])--The alias name for the entity class [class entities.Order] is being defaulted to: Order.
[EL Config]: metadata: 2021-02-23 15:09:49.821--ServerSession(1489193907)--Thread(Thread[main,5,main])--The alias name for the entity class [class entities.Product] is being defaulted to: Product.
[EL Config]: metadata: 2021-02-23 15:09:49.821--ServerSession(1489193907)--Thread(Thread[main,5,main])--The alias name for the entity class [class entities.Payment] is being defaulted to: Payment.
[EL Config]: metadata: 2021-02-23 15:09:49.822--ServerSession(1489193907)--Thread(Thread[main,5,main])--The alias name for the entity class [class entities.Category] is being defaulted to: Category.
[EL Config]: metadata: 2021-02-23 15:09:49.822--ServerSession(1489193907)--Thread(Thread[main,5,main])--The alias name for the entity class [class entities.OrderItem] is being defaulted to: OrderItem.
[EL Config]: metadata: 2021-02-23 15:09:49.822--ServerSession(1489193907)--Thread(Thread[main,5,main])--The alias name for the entity class [class entities.Client] is being defaulted to: Client.
[EL Warning]: metadata: 2021-02-23 15:09:49.822--ServerSession(1489193907)--Thread(Thread[main,5,main])--The reference column name [ID_USER] mapped on the element [class entities.Client] does not correspond to a valid id or basic field/column on the mapping reference. Will use referenced column name as provided.
[EL Warning]: metadata: 2021-02-23 15:09:49.823--ServerSession(1489193907)--Thread(Thread[main,5,main])--The reference column name [ID_USER] mapped on the element [field client] does not correspond to a valid id or basic field/column on the mapping reference. Will use referenced column name as provided.
[EL Config]: metadata: 2021-02-23 15:09:49.823--ServerSession(1489193907)--Thread(Thread[main,5,main])--The source primary key column name for the many to many mapping [field categories] is being defaulted to: ID_PRODUCT.
[EL Config]: metadata: 2021-02-23 15:09:49.823--ServerSession(1489193907)--Thread(Thread[main,5,main])--The target primary key column name for the many to many mapping [field categories] is being defaulted to: ID_CATEGORY.
[EL Info]: 2021-02-23 15:09:49.829--ServerSession(1489193907)--Thread(Thread[main,5,main])--EclipseLink, version: Eclipse Persistence Services - 2.7.8.v20201217-ecdf3c32c4
[EL Fine]: connection: 2021-02-23 15:09:49.83--ServerSession(1489193907)--Connection(882471736)--Thread(Thread[main,5,main])--connecting(DatabaseLogin(
	platform=&gt;DerbyPlatform
	user name=&gt; &quot;app&quot;
	datasource URL=&gt; &quot;jdbc:derby://localhost:1527/trabalho_01;create=true&quot;
))
[EL Config]: connection: 2021-02-23 15:09:49.834--ServerSession(1489193907)--Connection(1475192960)--Thread(Thread[main,5,main])--Connected: jdbc:derby://localhost:1527/trabalho_01;create=true
	User: app
	Database: Apache Derby  Version: 10.14.2.0 - (1828579)
	Driver: Apache Derby Network Client JDBC Driver  Version: 10.14.2.0 - (1828579)
[EL Warning]: metadata: 2021-02-23 15:09:49.835--ServerSession(1489193907)--Thread(Thread[main,5,main])--Reverting the lazy setting on the OneToOne or ManyToOne attribute [client] for the entity class [class entities.Order] since weaving was not enabled or did not occur.
[EL Warning]: metadata: 2021-02-23 15:09:49.835--ServerSession(1489193907)--Thread(Thread[main,5,main])--Reverting the lazy setting on the OneToOne or ManyToOne attribute [payment] for the entity class [class entities.Order] since weaving was not enabled or did not occur.
[EL Warning]: metadata: 2021-02-23 15:09:49.837--ServerSession(1489193907)--Thread(Thread[main,5,main])--Reverting the lazy setting on the OneToOne or ManyToOne attribute [order] for the entity class [class entities.Payment] since weaving was not enabled or did not occur.
[EL Warning]: metadata: 2021-02-23 15:09:49.838--ServerSession(1489193907)--Thread(Thread[main,5,main])--Reverting the lazy setting on the OneToOne or ManyToOne attribute [product] for the entity class [class entities.pk.OrderItemPK] since weaving was not enabled or did not occur.
[EL Warning]: metadata: 2021-02-23 15:09:49.838--ServerSession(1489193907)--Thread(Thread[main,5,main])--Reverting the lazy setting on the OneToOne or ManyToOne attribute [order] for the entity class [class entities.pk.OrderItemPK] since weaving was not enabled or did not occur.
[EL Fine]: connection: 2021-02-23 15:09:49.84--ServerSession(1489193907)--Thread(Thread[main,5,main])--/file:/C:/Users/eletr/Desktop/trabalho_01/target/classes/_trabalho_01 login successful
[EL Config]: metadata: 2021-02-23 15:09:49.841--Thread(Thread[main,5,main])--The default table generator could not locate or convert a java type (null) into a database type for database field (TB_ORDER.ID_CLIENT). The generator uses &quot;java.lang.String&quot; as default java type for the field.
[EL Config]: metadata: 2021-02-23 15:09:49.841--Thread(Thread[main,5,main])--The default table generator could not locate or convert a java type (null) into a database type for database field (TB_USER.ID_USER). The generator uses &quot;java.lang.String&quot; as default java type for the field.
[EL Config]: metadata: 2021-02-23 15:09:49.841--Thread(Thread[main,5,main])--The default table generator could not locate or convert a java type (null) into a database type for database field (TB_CLIENT.ID_USER). The generator uses &quot;java.lang.String&quot; as default java type for the field.
[EL Fine]: sql: 2021-02-23 15:09:49.842--ServerSession(1489193907)--Connection(1475192960)--Thread(Thread[main,5,main])--ALTER TABLE TB_ORDER DROP CONSTRAINT TB_ORDER_ID_CLIENT
[EL Fine]: sql: 2021-02-23 15:09:49.858--ServerSession(1489193907)--Thread(Thread[main,5,main])--VALUES(1)
[EL Warning]: 2021-02-23 15:09:49.859--ServerSession(1489193907)--Thread(Thread[main,5,main])--Exception [EclipseLink-4002] (Eclipse Persistence Services - 2.7.8.v20201217-ecdf3c32c4): org.eclipse.persistence.exceptions.DatabaseException
Internal Exception: java.sql.SQLSyntaxErrorException: ALTER TABLE falhou. Não existe a restrição &apos;APP.TB_ORDER_ID_CLIENT&apos; na tabela &apos;&quot;APP&quot;.&quot;TB_ORDER&quot;&apos;.
Error Code: 30000
Call: ALTER TABLE TB_ORDER DROP CONSTRAINT TB_ORDER_ID_CLIENT
Query: DataModifyQuery(sql=&quot;ALTER TABLE TB_ORDER DROP CONSTRAINT TB_ORDER_ID_CLIENT&quot;)
[EL Fine]: sql: 2021-02-23 15:09:49.859--ServerSession(1489193907)--Connection(1475192960)--Thread(Thread[main,5,main])--ALTER TABLE TB_ORDER DROP CONSTRAINT TB_ORDERID_PAYMENT
[EL Fine]: sql: 2021-02-23 15:09:49.861--ServerSession(1489193907)--Thread(Thread[main,5,main])--VALUES(1)
[EL Warning]: 2021-02-23 15:09:49.861--ServerSession(1489193907)--Thread(Thread[main,5,main])--Exception [EclipseLink-4002] (Eclipse Persistence Services - 2.7.8.v20201217-ecdf3c32c4): org.eclipse.persistence.exceptions.DatabaseException
Internal Exception: java.sql.SQLSyntaxErrorException: ALTER TABLE falhou. Não existe a restrição &apos;APP.TB_ORDERID_PAYMENT&apos; na tabela &apos;&quot;APP&quot;.&quot;TB_ORDER&quot;&apos;.
Error Code: 30000
Call: ALTER TABLE TB_ORDER DROP CONSTRAINT TB_ORDERID_PAYMENT
Query: DataModifyQuery(sql=&quot;ALTER TABLE TB_ORDER DROP CONSTRAINT TB_ORDERID_PAYMENT&quot;)
[EL Fine]: sql: 2021-02-23 15:09:49.862--ServerSession(1489193907)--Connection(1475192960)--Thread(Thread[main,5,main])--ALTER TABLE TB_ORDER_ITEM DROP CONSTRAINT TBORDERITEMproduct
[EL Fine]: sql: 2021-02-23 15:09:49.863--ServerSession(1489193907)--Thread(Thread[main,5,main])--VALUES(1)
[EL Warning]: 2021-02-23 15:09:49.865--ServerSession(1489193907)--Thread(Thread[main,5,main])--Exception [EclipseLink-4002] (Eclipse Persistence Services - 2.7.8.v20201217-ecdf3c32c4): org.eclipse.persistence.exceptions.DatabaseException
Internal Exception: java.sql.SQLSyntaxErrorException: &apos;ALTER TABLE&apos; não pode ser realizado em &apos;TB_ORDER_ITEM&apos;, porque &apos;TB_ORDER_ITEM&apos; não existe.
Error Code: 30000
Call: ALTER TABLE TB_ORDER_ITEM DROP CONSTRAINT TBORDERITEMproduct
Query: DataModifyQuery(sql=&quot;ALTER TABLE TB_ORDER_ITEM DROP CONSTRAINT TBORDERITEMproduct&quot;)
[EL Fine]: sql: 2021-02-23 15:09:49.866--ServerSession(1489193907)--Connection(1475192960)--Thread(Thread[main,5,main])--ALTER TABLE TB_ORDER_ITEM DROP CONSTRAINT TB_ORDER_ITEMorder
[EL Fine]: sql: 2021-02-23 15:09:49.867--ServerSession(1489193907)--Thread(Thread[main,5,main])--VALUES(1)
[EL Warning]: 2021-02-23 15:09:49.869--ServerSession(1489193907)--Thread(Thread[main,5,main])--Exception [EclipseLink-4002] (Eclipse Persistence Services - 2.7.8.v20201217-ecdf3c32c4): org.eclipse.persistence.exceptions.DatabaseException
Internal Exception: java.sql.SQLSyntaxErrorException: &apos;ALTER TABLE&apos; não pode ser realizado em &apos;TB_ORDER_ITEM&apos;, porque &apos;TB_ORDER_ITEM&apos; não existe.
Error Code: 30000
Call: ALTER TABLE TB_ORDER_ITEM DROP CONSTRAINT TB_ORDER_ITEMorder
Query: DataModifyQuery(sql=&quot;ALTER TABLE TB_ORDER_ITEM DROP CONSTRAINT TB_ORDER_ITEMorder&quot;)
[EL Fine]: sql: 2021-02-23 15:09:49.87--ServerSession(1489193907)--Connection(1475192960)--Thread(Thread[main,5,main])--ALTER TABLE TB_CLIENT DROP CONSTRAINT TB_CLIENT_ID_USER
[EL Fine]: sql: 2021-02-23 15:09:49.871--ServerSession(1489193907)--Thread(Thread[main,5,main])--VALUES(1)
[EL Warning]: 2021-02-23 15:09:49.872--ServerSession(1489193907)--Thread(Thread[main,5,main])--Exception [EclipseLink-4002] (Eclipse Persistence Services - 2.7.8.v20201217-ecdf3c32c4): org.eclipse.persistence.exceptions.DatabaseException
Internal Exception: java.sql.SQLSyntaxErrorException: ALTER TABLE falhou. Não existe a restrição &apos;APP.TB_CLIENT_ID_USER&apos; na tabela &apos;&quot;APP&quot;.&quot;TB_CLIENT&quot;&apos;.
Error Code: 30000
Call: ALTER TABLE TB_CLIENT DROP CONSTRAINT TB_CLIENT_ID_USER
Query: DataModifyQuery(sql=&quot;ALTER TABLE TB_CLIENT DROP CONSTRAINT TB_CLIENT_ID_USER&quot;)
[EL Fine]: sql: 2021-02-23 15:09:49.873--ServerSession(1489193907)--Connection(1475192960)--Thread(Thread[main,5,main])--ALTER TABLE TB_PRODUCT_CATEGORY DROP CONSTRAINT TBPRDCTCATEGORYDTM
[EL Fine]: sql: 2021-02-23 15:09:49.874--ServerSession(1489193907)--Thread(Thread[main,5,main])--VALUES(1)
[EL Warning]: 2021-02-23 15:09:49.875--ServerSession(1489193907)--Thread(Thread[main,5,main])--Exception [EclipseLink-4002] (Eclipse Persistence Services - 2.7.8.v20201217-ecdf3c32c4): org.eclipse.persistence.exceptions.DatabaseException
Internal Exception: java.sql.SQLSyntaxErrorException: ALTER TABLE falhou. Não existe a restrição &apos;APP.TBPRDCTCATEGORYDTM&apos; na tabela &apos;&quot;APP&quot;.&quot;TB_PRODUCT_CATEGORY&quot;&apos;.
Error Code: 30000
Call: ALTER TABLE TB_PRODUCT_CATEGORY DROP CONSTRAINT TBPRDCTCATEGORYDTM
Query: DataModifyQuery(sql=&quot;ALTER TABLE TB_PRODUCT_CATEGORY DROP CONSTRAINT TBPRDCTCATEGORYDTM&quot;)
[EL Fine]: sql: 2021-02-23 15:09:49.876--ServerSession(1489193907)--Connection(1475192960)--Thread(Thread[main,5,main])--ALTER TABLE TB_PRODUCT_CATEGORY DROP CONSTRAINT TBPRDCTCTGRYDCTGRY
[EL Fine]: sql: 2021-02-23 15:09:49.877--ServerSession(1489193907)--Thread(Thread[main,5,main])--VALUES(1)
[EL Warning]: 2021-02-23 15:09:49.878--ServerSession(1489193907)--Thread(Thread[main,5,main])--Exception [EclipseLink-4002] (Eclipse Persistence Services - 2.7.8.v20201217-ecdf3c32c4): org.eclipse.persistence.exceptions.DatabaseException
Internal Exception: java.sql.SQLSyntaxErrorException: ALTER TABLE falhou. Não existe a restrição &apos;APP.TBPRDCTCTGRYDCTGRY&apos; na tabela &apos;&quot;APP&quot;.&quot;TB_PRODUCT_CATEGORY&quot;&apos;.
Error Code: 30000
Call: ALTER TABLE TB_PRODUCT_CATEGORY DROP CONSTRAINT TBPRDCTCTGRYDCTGRY
Query: DataModifyQuery(sql=&quot;ALTER TABLE TB_PRODUCT_CATEGORY DROP CONSTRAINT TBPRDCTCTGRYDCTGRY&quot;)
[EL Fine]: sql: 2021-02-23 15:09:49.878--ServerSession(1489193907)--Connection(1475192960)--Thread(Thread[main,5,main])--DROP TABLE TB_ORDER
[EL Fine]: sql: 2021-02-23 15:09:49.983--ServerSession(1489193907)--Connection(1475192960)--Thread(Thread[main,5,main])--DROP TABLE TB_PAYMENT
[EL Fine]: sql: 2021-02-23 15:09:50.141--ServerSession(1489193907)--Connection(1475192960)--Thread(Thread[main,5,main])--DROP TABLE TB_ORDER_ITEM
[EL Fine]: sql: 2021-02-23 15:09:50.149--ServerSession(1489193907)--Thread(Thread[main,5,main])--VALUES(1)
[EL Warning]: 2021-02-23 15:09:50.15--ServerSession(1489193907)--Thread(Thread[main,5,main])--Exception [EclipseLink-4002] (Eclipse Persistence Services - 2.7.8.v20201217-ecdf3c32c4): org.eclipse.persistence.exceptions.DatabaseException
Internal Exception: java.sql.SQLSyntaxErrorException: &apos;DROP TABLE&apos; não pode ser realizado em &apos;TB_ORDER_ITEM&apos;, porque &apos;TB_ORDER_ITEM&apos; não existe.
Error Code: 30000
Call: DROP TABLE TB_ORDER_ITEM
Query: DataModifyQuery(sql=&quot;DROP TABLE TB_ORDER_ITEM&quot;)
[EL Fine]: sql: 2021-02-23 15:09:50.15--ServerSession(1489193907)--Connection(1475192960)--Thread(Thread[main,5,main])--DROP TABLE TB_USER
[EL Fine]: sql: 2021-02-23 15:09:50.271--ServerSession(1489193907)--Connection(1475192960)--Thread(Thread[main,5,main])--DROP TABLE TB_CLIENT
[EL Fine]: sql: 2021-02-23 15:09:50.379--ServerSession(1489193907)--Connection(1475192960)--Thread(Thread[main,5,main])--DROP TABLE TB_PRODUCT
[EL Fine]: sql: 2021-02-23 15:09:50.386--ServerSession(1489193907)--Thread(Thread[main,5,main])--VALUES(1)
[EL Warning]: 2021-02-23 15:09:50.387--ServerSession(1489193907)--Thread(Thread[main,5,main])--Exception [EclipseLink-4002] (Eclipse Persistence Services - 2.7.8.v20201217-ecdf3c32c4): org.eclipse.persistence.exceptions.DatabaseException
Internal Exception: java.sql.SQLTransactionRollbackException: A operação &apos;DROP CONSTRAINT&apos; não pôde ser efetuada no objeto &apos;SQL210223141629940&apos;, porque CONSTRAINT &apos;TBPRDCTCTGORIASDTM&apos; é dependente deste objeto.
Error Code: 30000
Call: DROP TABLE TB_PRODUCT
Query: DataModifyQuery(sql=&quot;DROP TABLE TB_PRODUCT&quot;)
[EL Fine]: sql: 2021-02-23 15:09:50.387--ServerSession(1489193907)--Connection(1475192960)--Thread(Thread[main,5,main])--DROP TABLE TB_CATEGORY
[EL Fine]: sql: 2021-02-23 15:09:50.392--ServerSession(1489193907)--Thread(Thread[main,5,main])--VALUES(1)
[EL Warning]: 2021-02-23 15:09:50.397--ServerSession(1489193907)--Thread(Thread[main,5,main])--Exception [EclipseLink-4002] (Eclipse Persistence Services - 2.7.8.v20201217-ecdf3c32c4): org.eclipse.persistence.exceptions.DatabaseException
Internal Exception: java.sql.SQLTransactionRollbackException: A operação &apos;DROP CONSTRAINT&apos; não pôde ser efetuada no objeto &apos;SQL210223141630030&apos;, porque CONSTRAINT &apos;TBPRDCTCTGRASDCTGR&apos; é dependente deste objeto.
Error Code: 30000
Call: DROP TABLE TB_CATEGORY
Query: DataModifyQuery(sql=&quot;DROP TABLE TB_CATEGORY&quot;)
[EL Fine]: sql: 2021-02-23 15:09:50.397--ServerSession(1489193907)--Connection(1475192960)--Thread(Thread[main,5,main])--DROP TABLE TB_PRODUCT_CATEGORY
[EL Fine]: sql: 2021-02-23 15:09:50.491--ServerSession(1489193907)--Connection(1475192960)--Thread(Thread[main,5,main])--DROP TABLE TB_ORDER_ITEM
[EL Fine]: sql: 2021-02-23 15:09:50.494--ServerSession(1489193907)--Thread(Thread[main,5,main])--VALUES(1)
[EL Warning]: 2021-02-23 15:09:50.495--ServerSession(1489193907)--Thread(Thread[main,5,main])--Exception [EclipseLink-4002] (Eclipse Persistence Services - 2.7.8.v20201217-ecdf3c32c4): org.eclipse.persistence.exceptions.DatabaseException
Internal Exception: java.sql.SQLSyntaxErrorException: &apos;DROP TABLE&apos; não pode ser realizado em &apos;TB_ORDER_ITEM&apos;, porque &apos;TB_ORDER_ITEM&apos; não existe.
Error Code: 30000
Call: DROP TABLE TB_ORDER_ITEM
Query: DataModifyQuery(sql=&quot;DROP TABLE TB_ORDER_ITEM&quot;)
[EL Fine]: sql: 2021-02-23 15:09:50.496--ServerSession(1489193907)--Connection(1475192960)--Thread(Thread[main,5,main])--DROP TABLE TB_PRODUCT
[EL Fine]: sql: 2021-02-23 15:09:50.504--ServerSession(1489193907)--Thread(Thread[main,5,main])--VALUES(1)
[EL Warning]: 2021-02-23 15:09:50.505--ServerSession(1489193907)--Thread(Thread[main,5,main])--Exception [EclipseLink-4002] (Eclipse Persistence Services - 2.7.8.v20201217-ecdf3c32c4): org.eclipse.persistence.exceptions.DatabaseException
Internal Exception: java.sql.SQLTransactionRollbackException: A operação &apos;DROP CONSTRAINT&apos; não pôde ser efetuada no objeto &apos;SQL210223141629940&apos;, porque CONSTRAINT &apos;TBPRDCTCTGORIASDTM&apos; é dependente deste objeto.
Error Code: 30000
Call: DROP TABLE TB_PRODUCT
Query: DataModifyQuery(sql=&quot;DROP TABLE TB_PRODUCT&quot;)
[EL Fine]: sql: 2021-02-23 15:09:50.506--ServerSession(1489193907)--Connection(1475192960)--Thread(Thread[main,5,main])--DROP TABLE TB_CATEGORY
[EL Fine]: sql: 2021-02-23 15:09:50.512--ServerSession(1489193907)--Thread(Thread[main,5,main])--VALUES(1)
[EL Warning]: 2021-02-23 15:09:50.512--ServerSession(1489193907)--Thread(Thread[main,5,main])--Exception [EclipseLink-4002] (Eclipse Persistence Services - 2.7.8.v20201217-ecdf3c32c4): org.eclipse.persistence.exceptions.DatabaseException
Internal Exception: java.sql.SQLTransactionRollbackException: A operação &apos;DROP CONSTRAINT&apos; não pôde ser efetuada no objeto &apos;SQL210223141630030&apos;, porque CONSTRAINT &apos;TBPRDCTCTGRASDCTGR&apos; é dependente deste objeto.
Error Code: 30000
Call: DROP TABLE TB_CATEGORY
Query: DataModifyQuery(sql=&quot;DROP TABLE TB_CATEGORY&quot;)
[EL Fine]: sql: 2021-02-23 15:09:50.513--ServerSession(1489193907)--Connection(1475192960)--Thread(Thread[main,5,main])--DROP TABLE TB_ORDER_ITEM
[EL Fine]: sql: 2021-02-23 15:09:50.514--ServerSession(1489193907)--Thread(Thread[main,5,main])--VALUES(1)
[EL Warning]: 2021-02-23 15:09:50.515--ServerSession(1489193907)--Thread(Thread[main,5,main])--Exception [EclipseLink-4002] (Eclipse Persistence Services - 2.7.8.v20201217-ecdf3c32c4): org.eclipse.persistence.exceptions.DatabaseException
Internal Exception: java.sql.SQLSyntaxErrorException: &apos;DROP TABLE&apos; não pode ser realizado em &apos;TB_ORDER_ITEM&apos;, porque &apos;TB_ORDER_ITEM&apos; não existe.
Error Code: 30000
Call: DROP TABLE TB_ORDER_ITEM
Query: DataModifyQuery(sql=&quot;DROP TABLE TB_ORDER_ITEM&quot;)
[EL Fine]: sql: 2021-02-23 15:09:50.515--ServerSession(1489193907)--Connection(1475192960)--Thread(Thread[main,5,main])--DROP TABLE TB_PRODUCT
[EL Fine]: sql: 2021-02-23 15:09:50.521--ServerSession(1489193907)--Thread(Thread[main,5,main])--VALUES(1)
[EL Warning]: 2021-02-23 15:09:50.522--ServerSession(1489193907)--Thread(Thread[main,5,main])--Exception [EclipseLink-4002] (Eclipse Persistence Services - 2.7.8.v20201217-ecdf3c32c4): org.eclipse.persistence.exceptions.DatabaseException
Internal Exception: java.sql.SQLTransactionRollbackException: A operação &apos;DROP CONSTRAINT&apos; não pôde ser efetuada no objeto &apos;SQL210223141629940&apos;, porque CONSTRAINT &apos;TBPRDCTCTGORIASDTM&apos; é dependente deste objeto.
Error Code: 30000
Call: DROP TABLE TB_PRODUCT
Query: DataModifyQuery(sql=&quot;DROP TABLE TB_PRODUCT&quot;)
[EL Fine]: sql: 2021-02-23 15:09:50.522--ServerSession(1489193907)--Connection(1475192960)--Thread(Thread[main,5,main])--DROP TABLE TB_CATEGORY
[EL Fine]: sql: 2021-02-23 15:09:50.528--ServerSession(1489193907)--Thread(Thread[main,5,main])--VALUES(1)
[EL Warning]: 2021-02-23 15:09:50.528--ServerSession(1489193907)--Thread(Thread[main,5,main])--Exception [EclipseLink-4002] (Eclipse Persistence Services - 2.7.8.v20201217-ecdf3c32c4): org.eclipse.persistence.exceptions.DatabaseException
Internal Exception: java.sql.SQLTransactionRollbackException: A operação &apos;DROP CONSTRAINT&apos; não pôde ser efetuada no objeto &apos;SQL210223141630030&apos;, porque CONSTRAINT &apos;TBPRDCTCTGRASDCTGR&apos; é dependente deste objeto.
Error Code: 30000
Call: DROP TABLE TB_CATEGORY
Query: DataModifyQuery(sql=&quot;DROP TABLE TB_CATEGORY&quot;)
[EL Fine]: sql: 2021-02-23 15:09:50.529--ServerSession(1489193907)--Connection(1475192960)--Thread(Thread[main,5,main])--DROP TABLE TB_ORDER_ITEM
[EL Fine]: sql: 2021-02-23 15:09:50.53--ServerSession(1489193907)--Thread(Thread[main,5,main])--VALUES(1)
[EL Warning]: 2021-02-23 15:09:50.53--ServerSession(1489193907)--Thread(Thread[main,5,main])--Exception [EclipseLink-4002] (Eclipse Persistence Services - 2.7.8.v20201217-ecdf3c32c4): org.eclipse.persistence.exceptions.DatabaseException
Internal Exception: java.sql.SQLSyntaxErrorException: &apos;DROP TABLE&apos; não pode ser realizado em &apos;TB_ORDER_ITEM&apos;, porque &apos;TB_ORDER_ITEM&apos; não existe.
Error Code: 30000
Call: DROP TABLE TB_ORDER_ITEM
Query: DataModifyQuery(sql=&quot;DROP TABLE TB_ORDER_ITEM&quot;)
[EL Fine]: sql: 2021-02-23 15:09:50.53--ServerSession(1489193907)--Connection(1475192960)--Thread(Thread[main,5,main])--DROP TABLE TB_PRODUCT
[EL Fine]: sql: 2021-02-23 15:09:50.537--ServerSession(1489193907)--Thread(Thread[main,5,main])--VALUES(1)
[EL Warning]: 2021-02-23 15:09:50.538--ServerSession(1489193907)--Thread(Thread[main,5,main])--Exception [EclipseLink-4002] (Eclipse Persistence Services - 2.7.8.v20201217-ecdf3c32c4): org.eclipse.persistence.exceptions.DatabaseException
Internal Exception: java.sql.SQLTransactionRollbackException: A operação &apos;DROP CONSTRAINT&apos; não pôde ser efetuada no objeto &apos;SQL210223141629940&apos;, porque CONSTRAINT &apos;TBPRDCTCTGORIASDTM&apos; é dependente deste objeto.
Error Code: 30000
Call: DROP TABLE TB_PRODUCT
Query: DataModifyQuery(sql=&quot;DROP TABLE TB_PRODUCT&quot;)
[EL Fine]: sql: 2021-02-23 15:09:50.538--ServerSession(1489193907)--Connection(1475192960)--Thread(Thread[main,5,main])--DROP TABLE TB_CATEGORY
[EL Fine]: sql: 2021-02-23 15:09:50.544--ServerSession(1489193907)--Thread(Thread[main,5,main])--VALUES(1)
[EL Warning]: 2021-02-23 15:09:50.545--ServerSession(1489193907)--Thread(Thread[main,5,main])--Exception [EclipseLink-4002] (Eclipse Persistence Services - 2.7.8.v20201217-ecdf3c32c4): org.eclipse.persistence.exceptions.DatabaseException
Internal Exception: java.sql.SQLTransactionRollbackException: A operação &apos;DROP CONSTRAINT&apos; não pôde ser efetuada no objeto &apos;SQL210223141630030&apos;, porque CONSTRAINT &apos;TBPRDCTCTGRASDCTGR&apos; é dependente deste objeto.
Error Code: 30000
Call: DROP TABLE TB_CATEGORY
Query: DataModifyQuery(sql=&quot;DROP TABLE TB_CATEGORY&quot;)
[EL Fine]: sql: 2021-02-23 15:09:50.545--ServerSession(1489193907)--Connection(1475192960)--Thread(Thread[main,5,main])--DROP TABLE TB_ORDER_ITEM
[EL Fine]: sql: 2021-02-23 15:09:50.546--ServerSession(1489193907)--Thread(Thread[main,5,main])--VALUES(1)
[EL Warning]: 2021-02-23 15:09:50.547--ServerSession(1489193907)--Thread(Thread[main,5,main])--Exception [EclipseLink-4002] (Eclipse Persistence Services - 2.7.8.v20201217-ecdf3c32c4): org.eclipse.persistence.exceptions.DatabaseException
Internal Exception: java.sql.SQLSyntaxErrorException: &apos;DROP TABLE&apos; não pode ser realizado em &apos;TB_ORDER_ITEM&apos;, porque &apos;TB_ORDER_ITEM&apos; não existe.
Error Code: 30000
Call: DROP TABLE TB_ORDER_ITEM
Query: DataModifyQuery(sql=&quot;DROP TABLE TB_ORDER_ITEM&quot;)
[EL Fine]: sql: 2021-02-23 15:09:50.547--ServerSession(1489193907)--Connection(1475192960)--Thread(Thread[main,5,main])--DROP TABLE TB_PRODUCT
[EL Fine]: sql: 2021-02-23 15:09:50.554--ServerSession(1489193907)--Thread(Thread[main,5,main])--VALUES(1)
[EL Warning]: 2021-02-23 15:09:50.557--ServerSession(1489193907)--Thread(Thread[main,5,main])--Exception [EclipseLink-4002] (Eclipse Persistence Services - 2.7.8.v20201217-ecdf3c32c4): org.eclipse.persistence.exceptions.DatabaseException
Internal Exception: java.sql.SQLTransactionRollbackException: A operação &apos;DROP CONSTRAINT&apos; não pôde ser efetuada no objeto &apos;SQL210223141629940&apos;, porque CONSTRAINT &apos;TBPRDCTCTGORIASDTM&apos; é dependente deste objeto.
Error Code: 30000
Call: DROP TABLE TB_PRODUCT
Query: DataModifyQuery(sql=&quot;DROP TABLE TB_PRODUCT&quot;)
[EL Fine]: sql: 2021-02-23 15:09:50.557--ServerSession(1489193907)--Connection(1475192960)--Thread(Thread[main,5,main])--DROP TABLE TB_CATEGORY
[EL Fine]: sql: 2021-02-23 15:09:50.563--ServerSession(1489193907)--Thread(Thread[main,5,main])--VALUES(1)
[EL Warning]: 2021-02-23 15:09:50.564--ServerSession(1489193907)--Thread(Thread[main,5,main])--Exception [EclipseLink-4002] (Eclipse Persistence Services - 2.7.8.v20201217-ecdf3c32c4): org.eclipse.persistence.exceptions.DatabaseException
Internal Exception: java.sql.SQLTransactionRollbackException: A operação &apos;DROP CONSTRAINT&apos; não pôde ser efetuada no objeto &apos;SQL210223141630030&apos;, porque CONSTRAINT &apos;TBPRDCTCTGRASDCTGR&apos; é dependente deste objeto.
Error Code: 30000
Call: DROP TABLE TB_CATEGORY
Query: DataModifyQuery(sql=&quot;DROP TABLE TB_CATEGORY&quot;)
[EL Config]: metadata: 2021-02-23 15:09:50.564--Thread(Thread[main,5,main])--The default table generator could not locate or convert a java type (null) into a database type for database field (TB_ORDER.ID_CLIENT). The generator uses &quot;java.lang.String&quot; as default java type for the field.
[EL Config]: metadata: 2021-02-23 15:09:50.564--Thread(Thread[main,5,main])--The default table generator could not locate or convert a java type (null) into a database type for database field (TB_USER.ID_USER). The generator uses &quot;java.lang.String&quot; as default java type for the field.
[EL Config]: metadata: 2021-02-23 15:09:50.564--Thread(Thread[main,5,main])--The default table generator could not locate or convert a java type (null) into a database type for database field (TB_CLIENT.ID_USER). The generator uses &quot;java.lang.String&quot; as default java type for the field.
[EL Fine]: sql: 2021-02-23 15:09:50.567--ServerSession(1489193907)--Connection(1475192960)--Thread(Thread[main,5,main])--CREATE TABLE TB_ORDER (ID_ORDER BIGINT GENERATED BY DEFAULT AS IDENTITY NOT NULL, MOMENT VARCHAR(20) NOT NULL, ORDER_STATUS INTEGER NOT NULL, ID_CLIENT VARCHAR(255), ID_PAYMENT BIGINT, PRIMARY KEY (ID_ORDER))
[EL Fine]: sql: 2021-02-23 15:09:50.685--ServerSession(1489193907)--Connection(1475192960)--Thread(Thread[main,5,main])--CREATE TABLE TB_PAYMENT (ID_PAYMENT BIGINT GENERATED BY DEFAULT AS IDENTITY NOT NULL, MOMENT VARCHAR(20) NOT NULL, PRIMARY KEY (ID_PAYMENT))
[EL Fine]: sql: 2021-02-23 15:09:50.863--ServerSession(1489193907)--Connection(1475192960)--Thread(Thread[main,5,main])--CREATE TABLE TB_ORDER_ITEM (ID_ORDER_ITEM BIGINT GENERATED BY DEFAULT AS IDENTITY NOT NULL, PRICE FLOAT NOT NULL, QUANTITY INTEGER NOT NULL, order BIGINT, product BIGINT, PRIMARY KEY (ID_ORDER_ITEM))
[EL Fine]: sql: 2021-02-23 15:09:50.865--ServerSession(1489193907)--Thread(Thread[main,5,main])--VALUES(1)
[EL Warning]: 2021-02-23 15:09:50.866--ServerSession(1489193907)--Thread(Thread[main,5,main])--Exception [EclipseLink-4002] (Eclipse Persistence Services - 2.7.8.v20201217-ecdf3c32c4): org.eclipse.persistence.exceptions.DatabaseException
Internal Exception: java.sql.SQLSyntaxErrorException: Erro de sintaxe: Encountered &quot;order&quot; at line 1, column 142.
Error Code: 30000
Call: CREATE TABLE TB_ORDER_ITEM (ID_ORDER_ITEM BIGINT GENERATED BY DEFAULT AS IDENTITY NOT NULL, PRICE FLOAT NOT NULL, QUANTITY INTEGER NOT NULL, order BIGINT, product BIGINT, PRIMARY KEY (ID_ORDER_ITEM))
Query: DataModifyQuery(sql=&quot;CREATE TABLE TB_ORDER_ITEM (ID_ORDER_ITEM BIGINT GENERATED BY DEFAULT AS IDENTITY NOT NULL, PRICE FLOAT NOT NULL, QUANTITY INTEGER NOT NULL, order BIGINT, product BIGINT, PRIMARY KEY (ID_ORDER_ITEM))&quot;)
[EL Fine]: sql: 2021-02-23 15:09:50.869--ServerSession(1489193907)--Connection(1475192960)--Thread(Thread[main,5,main])--CREATE TABLE TB_USER (ID BIGINT GENERATED BY DEFAULT AS IDENTITY NOT NULL, TYPE_USER VARCHAR(1), EMAIL VARCHAR(40) NOT NULL, NAME VARCHAR(150) NOT NULL, PASSWORD VARCHAR(20) NOT NULL, PHONE VARCHAR(20) NOT NULL, ID_USER VARCHAR(255), PRIMARY KEY (ID))
[EL Fine]: sql: 2021-02-23 15:09:51.01--ServerSession(1489193907)--Connection(1475192960)--Thread(Thread[main,5,main])--CREATE TABLE TB_CLIENT (ID_USER VARCHAR(255) NOT NULL, PRIMARY KEY (ID_USER))
[EL Fine]: sql: 2021-02-23 15:09:51.148--ServerSession(1489193907)--Connection(1475192960)--Thread(Thread[main,5,main])--CREATE TABLE TB_PRODUCT_CATEGORY (ID_ITEM BIGINT NOT NULL, ID_CATEGORY BIGINT NOT NULL, PRIMARY KEY (ID_ITEM, ID_CATEGORY))
[EL Fine]: sql: 2021-02-23 15:09:51.289--ServerSession(1489193907)--Connection(1475192960)--Thread(Thread[main,5,main])--ALTER TABLE TB_ORDER ADD CONSTRAINT TB_ORDER_ID_CLIENT FOREIGN KEY (ID_CLIENT) REFERENCES TB_USER (ID_USER)
[EL Fine]: sql: 2021-02-23 15:09:51.429--ServerSession(1489193907)--Thread(Thread[main,5,main])--VALUES(1)
[EL Warning]: 2021-02-23 15:09:51.43--ServerSession(1489193907)--Thread(Thread[main,5,main])--Exception [EclipseLink-4002] (Eclipse Persistence Services - 2.7.8.v20201217-ecdf3c32c4): org.eclipse.persistence.exceptions.DatabaseException
Internal Exception: java.sql.SQLTransactionRollbackException: A restrição &apos;TB_ORDER_ID_CLIENT&apos; não é válida: não há nenhuma restrição de chave primária ou exclusiva na tabela &apos;&quot;APP&quot;.&quot;TB_USER&quot;&apos; que corresponda ao número e aos tipos de colunas na chave estrangeira.
Error Code: 30000
Call: ALTER TABLE TB_ORDER ADD CONSTRAINT TB_ORDER_ID_CLIENT FOREIGN KEY (ID_CLIENT) REFERENCES TB_USER (ID_USER)
Query: DataModifyQuery(sql=&quot;ALTER TABLE TB_ORDER ADD CONSTRAINT TB_ORDER_ID_CLIENT FOREIGN KEY (ID_CLIENT) REFERENCES TB_USER (ID_USER)&quot;)
[EL Fine]: sql: 2021-02-23 15:09:51.43--ServerSession(1489193907)--Connection(1475192960)--Thread(Thread[main,5,main])--ALTER TABLE TB_ORDER_ITEM ADD CONSTRAINT TBORDERITEMproduct FOREIGN KEY (product) REFERENCES TB_PRODUCT (ID_PRODUCT)
[EL Fine]: sql: 2021-02-23 15:09:51.431--ServerSession(1489193907)--Thread(Thread[main,5,main])--VALUES(1)
[EL Warning]: 2021-02-23 15:09:51.432--ServerSession(1489193907)--Thread(Thread[main,5,main])--Exception [EclipseLink-4002] (Eclipse Persistence Services - 2.7.8.v20201217-ecdf3c32c4): org.eclipse.persistence.exceptions.DatabaseException
Internal Exception: java.sql.SQLSyntaxErrorException: &apos;ALTER TABLE&apos; não pode ser realizado em &apos;TB_ORDER_ITEM&apos;, porque &apos;TB_ORDER_ITEM&apos; não existe.
Error Code: 30000
Call: ALTER TABLE TB_ORDER_ITEM ADD CONSTRAINT TBORDERITEMproduct FOREIGN KEY (product) REFERENCES TB_PRODUCT (ID_PRODUCT)
Query: DataModifyQuery(sql=&quot;ALTER TABLE TB_ORDER_ITEM ADD CONSTRAINT TBORDERITEMproduct FOREIGN KEY (product) REFERENCES TB_PRODUCT (ID_PRODUCT)&quot;)
[EL Fine]: sql: 2021-02-23 15:09:51.432--ServerSession(1489193907)--Connection(1475192960)--Thread(Thread[main,5,main])--ALTER TABLE TB_CLIENT ADD CONSTRAINT TB_CLIENT_ID_USER FOREIGN KEY (ID_USER) REFERENCES TB_USER (ID_USER)
[EL Fine]: sql: 2021-02-23 15:09:51.438--ServerSession(1489193907)--Thread(Thread[main,5,main])--VALUES(1)
[EL Warning]: 2021-02-23 15:09:51.439--ServerSession(1489193907)--Thread(Thread[main,5,main])--Exception [EclipseLink-4002] (Eclipse Persistence Services - 2.7.8.v20201217-ecdf3c32c4): org.eclipse.persistence.exceptions.DatabaseException
Internal Exception: java.sql.SQLTransactionRollbackException: A restrição &apos;TB_CLIENT_ID_USER&apos; não é válida: não há nenhuma restrição de chave primária ou exclusiva na tabela &apos;&quot;APP&quot;.&quot;TB_USER&quot;&apos; que corresponda ao número e aos tipos de colunas na chave estrangeira.
Error Code: 30000
Call: ALTER TABLE TB_CLIENT ADD CONSTRAINT TB_CLIENT_ID_USER FOREIGN KEY (ID_USER) REFERENCES TB_USER (ID_USER)
Query: DataModifyQuery(sql=&quot;ALTER TABLE TB_CLIENT ADD CONSTRAINT TB_CLIENT_ID_USER FOREIGN KEY (ID_USER) REFERENCES TB_USER (ID_USER)&quot;)
[EL Fine]: sql: 2021-02-23 15:09:51.439--ServerSession(1489193907)--Connection(1475192960)--Thread(Thread[main,5,main])--ALTER TABLE TB_PRODUCT_CATEGORY ADD CONSTRAINT TBPRDCTCATEGORYDTM FOREIGN KEY (ID_ITEM) REFERENCES TB_PRODUCT (ID_PRODUCT)
[EL Fine]: sql: 2021-02-23 15:09:51.588--ServerSession(1489193907)--Thread(Thread[main,5,main])--VALUES(1)
[EL Warning]: 2021-02-23 15:09:51.589--ServerSession(1489193907)--Thread(Thread[main,5,main])--Exception [EclipseLink-4002] (Eclipse Persistence Services - 2.7.8.v20201217-ecdf3c32c4): org.eclipse.persistence.exceptions.DatabaseException
Internal Exception: java.sql.SQLTransactionRollbackException: A restrição &apos;TBPRDCTCATEGORYDTM&apos; não é válida: não há nenhuma restrição de chave primária ou exclusiva na tabela &apos;&quot;APP&quot;.&quot;TB_PRODUCT&quot;&apos; que corresponda ao número e aos tipos de colunas na chave estrangeira.
Error Code: 30000
Call: ALTER TABLE TB_PRODUCT_CATEGORY ADD CONSTRAINT TBPRDCTCATEGORYDTM FOREIGN KEY (ID_ITEM) REFERENCES TB_PRODUCT (ID_PRODUCT)
Query: DataModifyQuery(sql=&quot;ALTER TABLE TB_PRODUCT_CATEGORY ADD CONSTRAINT TBPRDCTCATEGORYDTM FOREIGN KEY (ID_ITEM) REFERENCES TB_PRODUCT (ID_PRODUCT)&quot;)
[EL Fine]: connection: 2021-02-23 15:09:51.6--ServerSession(1489193907)--Connection(1475192960)--Thread(Thread[main,5,main])--disconnect
[EL Fine]: connection: 2021-02-23 15:09:51.601--ServerSession(1489193907)--Thread(Thread[main,5,main])--/file:/C:/Users/eletr/Desktop/trabalho_01/target/classes/_trabalho_01 logout successful
[EL Fine]: connection: 2021-02-23 15:09:51.601--ServerSession(1489193907)--Connection(882471736)--Thread(Thread[main,5,main])--disconnect
</system-out>
  </testcase>
  <testcase classname="trabalho.OrderTeste" name="trabalho.OrderTeste" time="9.419">
    <error message="TB_ORDER_ITEM" type="java.lang.RuntimeException">java.lang.RuntimeException: TB_ORDER_ITEM
	at trabalho.DbUnitUtil.inserirDados(DbUnitUtil.java:43)
	at trabalho.Teste.setUpClass(Teste.java:30)
	at java.base/jdk.internal.reflect.NativeMethodAccessorImpl.invoke0(Native Method)
	at java.base/jdk.internal.reflect.NativeMethodAccessorImpl.invoke(NativeMethodAccessorImpl.java:62)
	at java.base/jdk.internal.reflect.DelegatingMethodAccessorImpl.invoke(DelegatingMethodAccessorImpl.java:43)
	at java.base/java.lang.reflect.Method.invoke(Method.java:566)
	at org.junit.runners.model.FrameworkMethod$1.runReflectiveCall(FrameworkMethod.java:59)
	at org.junit.internal.runners.model.ReflectiveCallable.run(ReflectiveCallable.java:12)
	at org.junit.runners.model.FrameworkMethod.invokeExplosively(FrameworkMethod.java:56)
	at org.junit.internal.runners.statements.RunBefores.invokeMethod(RunBefores.java:33)
	at org.junit.internal.runners.statements.RunBefores.evaluate(RunBefores.java:24)
	at org.junit.internal.runners.statements.RunAfters.evaluate(RunAfters.java:27)
	at org.junit.runners.ParentRunner$3.evaluate(ParentRunner.java:306)
	at org.junit.runners.ParentRunner.run(ParentRunner.java:413)
	at org.junit.runners.Suite.runChild(Suite.java:128)
	at org.junit.runners.Suite.runChild(Suite.java:27)
	at org.junit.runners.ParentRunner$4.run(ParentRunner.java:331)
	at org.junit.runners.ParentRunner$1.schedule(ParentRunner.java:79)
	at org.junit.runners.ParentRunner.runChildren(ParentRunner.java:329)
	at org.junit.runners.ParentRunner.access$100(ParentRunner.java:66)
	at org.junit.runners.ParentRunner$2.evaluate(ParentRunner.java:293)
	at org.junit.runners.ParentRunner$3.evaluate(ParentRunner.java:306)
	at org.junit.runners.ParentRunner.run(ParentRunner.java:413)
	at org.apache.maven.surefire.junit4.JUnit4Provider.execute(JUnit4Provider.java:252)
	at org.apache.maven.surefire.junit4.JUnit4Provider.executeTestSet(JUnit4Provider.java:141)
	at org.apache.maven.surefire.junit4.JUnit4Provider.invoke(JUnit4Provider.java:112)
	at java.base/jdk.internal.reflect.NativeMethodAccessorImpl.invoke0(Native Method)
	at java.base/jdk.internal.reflect.NativeMethodAccessorImpl.invoke(NativeMethodAccessorImpl.java:62)
	at java.base/jdk.internal.reflect.DelegatingMethodAccessorImpl.invoke(DelegatingMethodAccessorImpl.java:43)
	at java.base/java.lang.reflect.Method.invoke(Method.java:566)
	at org.apache.maven.surefire.util.ReflectionUtils.invokeMethodWithArray(ReflectionUtils.java:189)
	at org.apache.maven.surefire.booter.ProviderFactory$ProviderProxy.invoke(ProviderFactory.java:165)
	at org.apache.maven.surefire.booter.ProviderFactory.invokeProvider(ProviderFactory.java:85)
	at org.apache.maven.surefire.booter.ForkedBooter.runSuitesInProcess(ForkedBooter.java:115)
	at org.apache.maven.surefire.booter.ForkedBooter.main(ForkedBooter.java:75)
Caused by: org.dbunit.dataset.NoSuchTableException: TB_ORDER_ITEM
	at org.dbunit.database.DatabaseDataSet.getTableMetaData(DatabaseDataSet.java:305)
	at org.dbunit.operation.DeleteAllOperation.execute(DeleteAllOperation.java:109)
	at org.dbunit.operation.CompositeOperation.execute(CompositeOperation.java:79)
	at trabalho.DbUnitUtil.inserirDados(DbUnitUtil.java:41)
	... 34 more
</error>
    <system-out>[EL Fine]: moxy: 2021-02-23 15:09:51.608--Thread(Thread[main,5,main])--SAXParserFactory instance: com.sun.org.apache.xerces.internal.jaxp.SAXParserFactoryImpl@239b0f9d
[EL Fine]: server: 2021-02-23 15:09:51.614--Thread(Thread[main,5,main])--Configured server platform: org.eclipse.persistence.platform.server.NoServerPlatform
[EL Config]: metadata: 2021-02-23 15:09:51.651--ServerSession(1637613097)--Thread(Thread[main,5,main])--The access type for the persistent class [class entities.Order] is set to [FIELD].
[EL Config]: metadata: 2021-02-23 15:09:51.652--ServerSession(1637613097)--Thread(Thread[main,5,main])--The target entity (reference) class for the many to one mapping element [field client] is being defaulted to: class entities.Client.
[EL Config]: metadata: 2021-02-23 15:09:51.653--ServerSession(1637613097)--Thread(Thread[main,5,main])--The target entity (reference) class for the one to one mapping element [field payment] is being defaulted to: class entities.Payment.
[EL Config]: metadata: 2021-02-23 15:09:51.653--ServerSession(1637613097)--Thread(Thread[main,5,main])--The target entity (reference) class for the one to many mapping element [field items] is being defaulted to: class entities.OrderItem.
[EL Config]: metadata: 2021-02-23 15:09:51.654--ServerSession(1637613097)--Thread(Thread[main,5,main])--The access type for the persistent class [class entities.Product] is set to [FIELD].
[EL Config]: metadata: 2021-02-23 15:09:51.654--ServerSession(1637613097)--Thread(Thread[main,5,main])--The target entity (reference) class for the many to many mapping element [field categories] is being defaulted to: class entities.Category.
[EL Config]: metadata: 2021-02-23 15:09:51.655--ServerSession(1637613097)--Thread(Thread[main,5,main])--The target entity (reference) class for the one to many mapping element [field items] is being defaulted to: class entities.OrderItem.
[EL Config]: metadata: 2021-02-23 15:09:51.655--ServerSession(1637613097)--Thread(Thread[main,5,main])--The access type for the persistent class [class entities.Payment] is set to [FIELD].
[EL Config]: metadata: 2021-02-23 15:09:51.656--ServerSession(1637613097)--Thread(Thread[main,5,main])--The target entity (reference) class for the one to one mapping element [field order] is being defaulted to: class entities.Order.
[EL Config]: metadata: 2021-02-23 15:09:51.657--ServerSession(1637613097)--Thread(Thread[main,5,main])--The access type for the persistent class [class entities.Category] is set to [FIELD].
[EL Config]: metadata: 2021-02-23 15:09:51.657--ServerSession(1637613097)--Thread(Thread[main,5,main])--The access type for the persistent class [class entities.OrderItem] is set to [FIELD].
[EL Config]: metadata: 2021-02-23 15:09:51.657--ServerSession(1637613097)--Thread(Thread[main,5,main])--The access type for the persistent class [class entities.Client] is set to [FIELD].
[EL Config]: metadata: 2021-02-23 15:09:51.658--ServerSession(1637613097)--Thread(Thread[main,5,main])--The target entity (reference) class for the one to many mapping element [field orders] is being defaulted to: class entities.Order.
[EL Config]: metadata: 2021-02-23 15:09:51.658--ServerSession(1637613097)--Thread(Thread[main,5,main])--The access type for the persistent class [class entities.pk.OrderItemPK] is set to [FIELD].
[EL Config]: metadata: 2021-02-23 15:09:51.658--ServerSession(1637613097)--Thread(Thread[main,5,main])--The target entity (reference) class for the many to one mapping element [field product] is being defaulted to: class entities.Product.
[EL Config]: metadata: 2021-02-23 15:09:51.658--ServerSession(1637613097)--Thread(Thread[main,5,main])--The target entity (reference) class for the many to one mapping element [field order] is being defaulted to: class entities.Order.
[EL Config]: metadata: 2021-02-23 15:09:51.659--ServerSession(1637613097)--Thread(Thread[main,5,main])--The alias name for the entity class [class entities.User] is being defaulted to: User.
[EL Config]: metadata: 2021-02-23 15:09:51.659--ServerSession(1637613097)--Thread(Thread[main,5,main])--The alias name for the entity class [class entities.Order] is being defaulted to: Order.
[EL Config]: metadata: 2021-02-23 15:09:51.659--ServerSession(1637613097)--Thread(Thread[main,5,main])--The alias name for the entity class [class entities.Product] is being defaulted to: Product.
[EL Config]: metadata: 2021-02-23 15:09:51.66--ServerSession(1637613097)--Thread(Thread[main,5,main])--The alias name for the entity class [class entities.Payment] is being defaulted to: Payment.
[EL Config]: metadata: 2021-02-23 15:09:51.66--ServerSession(1637613097)--Thread(Thread[main,5,main])--The alias name for the entity class [class entities.Category] is being defaulted to: Category.
[EL Config]: metadata: 2021-02-23 15:09:51.66--ServerSession(1637613097)--Thread(Thread[main,5,main])--The alias name for the entity class [class entities.OrderItem] is being defaulted to: OrderItem.
[EL Config]: metadata: 2021-02-23 15:09:51.661--ServerSession(1637613097)--Thread(Thread[main,5,main])--The alias name for the entity class [class entities.Client] is being defaulted to: Client.
[EL Warning]: metadata: 2021-02-23 15:09:51.661--ServerSession(1637613097)--Thread(Thread[main,5,main])--The reference column name [ID_USER] mapped on the element [class entities.Client] does not correspond to a valid id or basic field/column on the mapping reference. Will use referenced column name as provided.
[EL Warning]: metadata: 2021-02-23 15:09:51.661--ServerSession(1637613097)--Thread(Thread[main,5,main])--The reference column name [ID_USER] mapped on the element [field client] does not correspond to a valid id or basic field/column on the mapping reference. Will use referenced column name as provided.
[EL Config]: metadata: 2021-02-23 15:09:51.662--ServerSession(1637613097)--Thread(Thread[main,5,main])--The source primary key column name for the many to many mapping [field categories] is being defaulted to: ID_PRODUCT.
[EL Config]: metadata: 2021-02-23 15:09:51.662--ServerSession(1637613097)--Thread(Thread[main,5,main])--The target primary key column name for the many to many mapping [field categories] is being defaulted to: ID_CATEGORY.
[EL Info]: 2021-02-23 15:09:51.666--ServerSession(1637613097)--Thread(Thread[main,5,main])--EclipseLink, version: Eclipse Persistence Services - 2.7.8.v20201217-ecdf3c32c4
[EL Fine]: connection: 2021-02-23 15:09:51.666--ServerSession(1637613097)--Connection(1408533352)--Thread(Thread[main,5,main])--connecting(DatabaseLogin(
	platform=&gt;DerbyPlatform
	user name=&gt; &quot;app&quot;
	datasource URL=&gt; &quot;jdbc:derby://localhost:1527/trabalho_01;create=true&quot;
))
[EL Config]: connection: 2021-02-23 15:09:51.67--ServerSession(1637613097)--Connection(617928649)--Thread(Thread[main,5,main])--Connected: jdbc:derby://localhost:1527/trabalho_01;create=true
	User: app
	Database: Apache Derby  Version: 10.14.2.0 - (1828579)
	Driver: Apache Derby Network Client JDBC Driver  Version: 10.14.2.0 - (1828579)
[EL Warning]: metadata: 2021-02-23 15:09:51.671--ServerSession(1637613097)--Thread(Thread[main,5,main])--Reverting the lazy setting on the OneToOne or ManyToOne attribute [client] for the entity class [class entities.Order] since weaving was not enabled or did not occur.
[EL Warning]: metadata: 2021-02-23 15:09:51.671--ServerSession(1637613097)--Thread(Thread[main,5,main])--Reverting the lazy setting on the OneToOne or ManyToOne attribute [payment] for the entity class [class entities.Order] since weaving was not enabled or did not occur.
[EL Warning]: metadata: 2021-02-23 15:09:51.672--ServerSession(1637613097)--Thread(Thread[main,5,main])--Reverting the lazy setting on the OneToOne or ManyToOne attribute [order] for the entity class [class entities.Payment] since weaving was not enabled or did not occur.
[EL Warning]: metadata: 2021-02-23 15:09:51.672--ServerSession(1637613097)--Thread(Thread[main,5,main])--Reverting the lazy setting on the OneToOne or ManyToOne attribute [product] for the entity class [class entities.pk.OrderItemPK] since weaving was not enabled or did not occur.
[EL Warning]: metadata: 2021-02-23 15:09:51.672--ServerSession(1637613097)--Thread(Thread[main,5,main])--Reverting the lazy setting on the OneToOne or ManyToOne attribute [order] for the entity class [class entities.pk.OrderItemPK] since weaving was not enabled or did not occur.
[EL Fine]: connection: 2021-02-23 15:09:51.674--ServerSession(1637613097)--Thread(Thread[main,5,main])--/file:/C:/Users/eletr/Desktop/trabalho_01/target/classes/_trabalho_01 login successful
[EL Config]: metadata: 2021-02-23 15:09:51.676--Thread(Thread[main,5,main])--The default table generator could not locate or convert a java type (null) into a database type for database field (TB_ORDER.ID_CLIENT). The generator uses &quot;java.lang.String&quot; as default java type for the field.
[EL Config]: metadata: 2021-02-23 15:09:51.676--Thread(Thread[main,5,main])--The default table generator could not locate or convert a java type (null) into a database type for database field (TB_USER.ID_USER). The generator uses &quot;java.lang.String&quot; as default java type for the field.
[EL Config]: metadata: 2021-02-23 15:09:51.676--Thread(Thread[main,5,main])--The default table generator could not locate or convert a java type (null) into a database type for database field (TB_CLIENT.ID_USER). The generator uses &quot;java.lang.String&quot; as default java type for the field.
[EL Fine]: sql: 2021-02-23 15:09:51.677--ServerSession(1637613097)--Connection(617928649)--Thread(Thread[main,5,main])--ALTER TABLE TB_ORDER DROP CONSTRAINT TB_ORDER_ID_CLIENT
[EL Fine]: sql: 2021-02-23 15:09:51.679--ServerSession(1637613097)--Thread(Thread[main,5,main])--VALUES(1)
[EL Warning]: 2021-02-23 15:09:51.68--ServerSession(1637613097)--Thread(Thread[main,5,main])--Exception [EclipseLink-4002] (Eclipse Persistence Services - 2.7.8.v20201217-ecdf3c32c4): org.eclipse.persistence.exceptions.DatabaseException
Internal Exception: java.sql.SQLSyntaxErrorException: ALTER TABLE falhou. Não existe a restrição &apos;APP.TB_ORDER_ID_CLIENT&apos; na tabela &apos;&quot;APP&quot;.&quot;TB_ORDER&quot;&apos;.
Error Code: 30000
Call: ALTER TABLE TB_ORDER DROP CONSTRAINT TB_ORDER_ID_CLIENT
Query: DataModifyQuery(sql=&quot;ALTER TABLE TB_ORDER DROP CONSTRAINT TB_ORDER_ID_CLIENT&quot;)
[EL Fine]: sql: 2021-02-23 15:09:51.68--ServerSession(1637613097)--Connection(617928649)--Thread(Thread[main,5,main])--ALTER TABLE TB_ORDER DROP CONSTRAINT TB_ORDERID_PAYMENT
[EL Fine]: sql: 2021-02-23 15:09:51.682--ServerSession(1637613097)--Thread(Thread[main,5,main])--VALUES(1)
[EL Warning]: 2021-02-23 15:09:51.683--ServerSession(1637613097)--Thread(Thread[main,5,main])--Exception [EclipseLink-4002] (Eclipse Persistence Services - 2.7.8.v20201217-ecdf3c32c4): org.eclipse.persistence.exceptions.DatabaseException
Internal Exception: java.sql.SQLSyntaxErrorException: ALTER TABLE falhou. Não existe a restrição &apos;APP.TB_ORDERID_PAYMENT&apos; na tabela &apos;&quot;APP&quot;.&quot;TB_ORDER&quot;&apos;.
Error Code: 30000
Call: ALTER TABLE TB_ORDER DROP CONSTRAINT TB_ORDERID_PAYMENT
Query: DataModifyQuery(sql=&quot;ALTER TABLE TB_ORDER DROP CONSTRAINT TB_ORDERID_PAYMENT&quot;)
[EL Fine]: sql: 2021-02-23 15:09:51.683--ServerSession(1637613097)--Connection(617928649)--Thread(Thread[main,5,main])--ALTER TABLE TB_ORDER_ITEM DROP CONSTRAINT TBORDERITEMproduct
[EL Fine]: sql: 2021-02-23 15:09:51.685--ServerSession(1637613097)--Thread(Thread[main,5,main])--VALUES(1)
[EL Warning]: 2021-02-23 15:09:51.686--ServerSession(1637613097)--Thread(Thread[main,5,main])--Exception [EclipseLink-4002] (Eclipse Persistence Services - 2.7.8.v20201217-ecdf3c32c4): org.eclipse.persistence.exceptions.DatabaseException
Internal Exception: java.sql.SQLSyntaxErrorException: &apos;ALTER TABLE&apos; não pode ser realizado em &apos;TB_ORDER_ITEM&apos;, porque &apos;TB_ORDER_ITEM&apos; não existe.
Error Code: 30000
Call: ALTER TABLE TB_ORDER_ITEM DROP CONSTRAINT TBORDERITEMproduct
Query: DataModifyQuery(sql=&quot;ALTER TABLE TB_ORDER_ITEM DROP CONSTRAINT TBORDERITEMproduct&quot;)
[EL Fine]: sql: 2021-02-23 15:09:51.686--ServerSession(1637613097)--Connection(617928649)--Thread(Thread[main,5,main])--ALTER TABLE TB_ORDER_ITEM DROP CONSTRAINT TB_ORDER_ITEMorder
[EL Fine]: sql: 2021-02-23 15:09:51.689--ServerSession(1637613097)--Thread(Thread[main,5,main])--VALUES(1)
[EL Warning]: 2021-02-23 15:09:51.69--ServerSession(1637613097)--Thread(Thread[main,5,main])--Exception [EclipseLink-4002] (Eclipse Persistence Services - 2.7.8.v20201217-ecdf3c32c4): org.eclipse.persistence.exceptions.DatabaseException
Internal Exception: java.sql.SQLSyntaxErrorException: &apos;ALTER TABLE&apos; não pode ser realizado em &apos;TB_ORDER_ITEM&apos;, porque &apos;TB_ORDER_ITEM&apos; não existe.
Error Code: 30000
Call: ALTER TABLE TB_ORDER_ITEM DROP CONSTRAINT TB_ORDER_ITEMorder
Query: DataModifyQuery(sql=&quot;ALTER TABLE TB_ORDER_ITEM DROP CONSTRAINT TB_ORDER_ITEMorder&quot;)
[EL Fine]: sql: 2021-02-23 15:09:51.69--ServerSession(1637613097)--Connection(617928649)--Thread(Thread[main,5,main])--ALTER TABLE TB_CLIENT DROP CONSTRAINT TB_CLIENT_ID_USER
[EL Fine]: sql: 2021-02-23 15:09:51.692--ServerSession(1637613097)--Thread(Thread[main,5,main])--VALUES(1)
[EL Warning]: 2021-02-23 15:09:51.693--ServerSession(1637613097)--Thread(Thread[main,5,main])--Exception [EclipseLink-4002] (Eclipse Persistence Services - 2.7.8.v20201217-ecdf3c32c4): org.eclipse.persistence.exceptions.DatabaseException
Internal Exception: java.sql.SQLSyntaxErrorException: ALTER TABLE falhou. Não existe a restrição &apos;APP.TB_CLIENT_ID_USER&apos; na tabela &apos;&quot;APP&quot;.&quot;TB_CLIENT&quot;&apos;.
Error Code: 30000
Call: ALTER TABLE TB_CLIENT DROP CONSTRAINT TB_CLIENT_ID_USER
Query: DataModifyQuery(sql=&quot;ALTER TABLE TB_CLIENT DROP CONSTRAINT TB_CLIENT_ID_USER&quot;)
[EL Fine]: sql: 2021-02-23 15:09:51.693--ServerSession(1637613097)--Connection(617928649)--Thread(Thread[main,5,main])--ALTER TABLE TB_PRODUCT_CATEGORY DROP CONSTRAINT TBPRDCTCATEGORYDTM
[EL Fine]: sql: 2021-02-23 15:09:51.695--ServerSession(1637613097)--Thread(Thread[main,5,main])--VALUES(1)
[EL Warning]: 2021-02-23 15:09:51.696--ServerSession(1637613097)--Thread(Thread[main,5,main])--Exception [EclipseLink-4002] (Eclipse Persistence Services - 2.7.8.v20201217-ecdf3c32c4): org.eclipse.persistence.exceptions.DatabaseException
Internal Exception: java.sql.SQLSyntaxErrorException: ALTER TABLE falhou. Não existe a restrição &apos;APP.TBPRDCTCATEGORYDTM&apos; na tabela &apos;&quot;APP&quot;.&quot;TB_PRODUCT_CATEGORY&quot;&apos;.
Error Code: 30000
Call: ALTER TABLE TB_PRODUCT_CATEGORY DROP CONSTRAINT TBPRDCTCATEGORYDTM
Query: DataModifyQuery(sql=&quot;ALTER TABLE TB_PRODUCT_CATEGORY DROP CONSTRAINT TBPRDCTCATEGORYDTM&quot;)
[EL Fine]: sql: 2021-02-23 15:09:51.696--ServerSession(1637613097)--Connection(617928649)--Thread(Thread[main,5,main])--ALTER TABLE TB_PRODUCT_CATEGORY DROP CONSTRAINT TBPRDCTCTGRYDCTGRY
[EL Fine]: sql: 2021-02-23 15:09:51.698--ServerSession(1637613097)--Thread(Thread[main,5,main])--VALUES(1)
[EL Warning]: 2021-02-23 15:09:51.699--ServerSession(1637613097)--Thread(Thread[main,5,main])--Exception [EclipseLink-4002] (Eclipse Persistence Services - 2.7.8.v20201217-ecdf3c32c4): org.eclipse.persistence.exceptions.DatabaseException
Internal Exception: java.sql.SQLSyntaxErrorException: ALTER TABLE falhou. Não existe a restrição &apos;APP.TBPRDCTCTGRYDCTGRY&apos; na tabela &apos;&quot;APP&quot;.&quot;TB_PRODUCT_CATEGORY&quot;&apos;.
Error Code: 30000
Call: ALTER TABLE TB_PRODUCT_CATEGORY DROP CONSTRAINT TBPRDCTCTGRYDCTGRY
Query: DataModifyQuery(sql=&quot;ALTER TABLE TB_PRODUCT_CATEGORY DROP CONSTRAINT TBPRDCTCTGRYDCTGRY&quot;)
[EL Fine]: sql: 2021-02-23 15:09:51.699--ServerSession(1637613097)--Connection(617928649)--Thread(Thread[main,5,main])--DROP TABLE TB_ORDER
[EL Fine]: sql: 2021-02-23 15:09:51.842--ServerSession(1637613097)--Connection(617928649)--Thread(Thread[main,5,main])--DROP TABLE TB_PAYMENT
[EL Fine]: sql: 2021-02-23 15:09:51.997--ServerSession(1637613097)--Connection(617928649)--Thread(Thread[main,5,main])--DROP TABLE TB_ORDER_ITEM
[EL Fine]: sql: 2021-02-23 15:09:51.998--ServerSession(1637613097)--Thread(Thread[main,5,main])--VALUES(1)
[EL Warning]: 2021-02-23 15:09:51.999--ServerSession(1637613097)--Thread(Thread[main,5,main])--Exception [EclipseLink-4002] (Eclipse Persistence Services - 2.7.8.v20201217-ecdf3c32c4): org.eclipse.persistence.exceptions.DatabaseException
Internal Exception: java.sql.SQLSyntaxErrorException: &apos;DROP TABLE&apos; não pode ser realizado em &apos;TB_ORDER_ITEM&apos;, porque &apos;TB_ORDER_ITEM&apos; não existe.
Error Code: 30000
Call: DROP TABLE TB_ORDER_ITEM
Query: DataModifyQuery(sql=&quot;DROP TABLE TB_ORDER_ITEM&quot;)
[EL Fine]: sql: 2021-02-23 15:09:51.999--ServerSession(1637613097)--Connection(617928649)--Thread(Thread[main,5,main])--DROP TABLE TB_USER
[EL Fine]: sql: 2021-02-23 15:09:52.125--ServerSession(1637613097)--Connection(617928649)--Thread(Thread[main,5,main])--DROP TABLE TB_CLIENT
[EL Fine]: sql: 2021-02-23 15:09:52.255--ServerSession(1637613097)--Connection(617928649)--Thread(Thread[main,5,main])--DROP TABLE TB_PRODUCT
[EL Fine]: sql: 2021-02-23 15:09:52.265--ServerSession(1637613097)--Thread(Thread[main,5,main])--VALUES(1)
[EL Warning]: 2021-02-23 15:09:52.265--ServerSession(1637613097)--Thread(Thread[main,5,main])--Exception [EclipseLink-4002] (Eclipse Persistence Services - 2.7.8.v20201217-ecdf3c32c4): org.eclipse.persistence.exceptions.DatabaseException
Internal Exception: java.sql.SQLTransactionRollbackException: A operação &apos;DROP CONSTRAINT&apos; não pôde ser efetuada no objeto &apos;SQL210223141629940&apos;, porque CONSTRAINT &apos;TBPRDCTCTGORIASDTM&apos; é dependente deste objeto.
Error Code: 30000
Call: DROP TABLE TB_PRODUCT
Query: DataModifyQuery(sql=&quot;DROP TABLE TB_PRODUCT&quot;)
[EL Fine]: sql: 2021-02-23 15:09:52.265--ServerSession(1637613097)--Connection(617928649)--Thread(Thread[main,5,main])--DROP TABLE TB_CATEGORY
[EL Fine]: sql: 2021-02-23 15:09:52.265--ServerSession(1637613097)--Thread(Thread[main,5,main])--VALUES(1)
[EL Warning]: 2021-02-23 15:09:52.265--ServerSession(1637613097)--Thread(Thread[main,5,main])--Exception [EclipseLink-4002] (Eclipse Persistence Services - 2.7.8.v20201217-ecdf3c32c4): org.eclipse.persistence.exceptions.DatabaseException
Internal Exception: java.sql.SQLTransactionRollbackException: A operação &apos;DROP CONSTRAINT&apos; não pôde ser efetuada no objeto &apos;SQL210223141630030&apos;, porque CONSTRAINT &apos;TBPRDCTCTGRASDCTGR&apos; é dependente deste objeto.
Error Code: 30000
Call: DROP TABLE TB_CATEGORY
Query: DataModifyQuery(sql=&quot;DROP TABLE TB_CATEGORY&quot;)
[EL Fine]: sql: 2021-02-23 15:09:52.265--ServerSession(1637613097)--Connection(617928649)--Thread(Thread[main,5,main])--DROP TABLE TB_PRODUCT_CATEGORY
[EL Fine]: sql: 2021-02-23 15:09:52.365--ServerSession(1637613097)--Connection(617928649)--Thread(Thread[main,5,main])--DROP TABLE TB_ORDER_ITEM
[EL Fine]: sql: 2021-02-23 15:09:52.365--ServerSession(1637613097)--Thread(Thread[main,5,main])--VALUES(1)
[EL Warning]: 2021-02-23 15:09:52.369--ServerSession(1637613097)--Thread(Thread[main,5,main])--Exception [EclipseLink-4002] (Eclipse Persistence Services - 2.7.8.v20201217-ecdf3c32c4): org.eclipse.persistence.exceptions.DatabaseException
Internal Exception: java.sql.SQLSyntaxErrorException: &apos;DROP TABLE&apos; não pode ser realizado em &apos;TB_ORDER_ITEM&apos;, porque &apos;TB_ORDER_ITEM&apos; não existe.
Error Code: 30000
Call: DROP TABLE TB_ORDER_ITEM
Query: DataModifyQuery(sql=&quot;DROP TABLE TB_ORDER_ITEM&quot;)
[EL Fine]: sql: 2021-02-23 15:09:52.369--ServerSession(1637613097)--Connection(617928649)--Thread(Thread[main,5,main])--DROP TABLE TB_PRODUCT
[EL Fine]: sql: 2021-02-23 15:09:52.374--ServerSession(1637613097)--Thread(Thread[main,5,main])--VALUES(1)
[EL Warning]: 2021-02-23 15:09:52.374--ServerSession(1637613097)--Thread(Thread[main,5,main])--Exception [EclipseLink-4002] (Eclipse Persistence Services - 2.7.8.v20201217-ecdf3c32c4): org.eclipse.persistence.exceptions.DatabaseException
Internal Exception: java.sql.SQLTransactionRollbackException: A operação &apos;DROP CONSTRAINT&apos; não pôde ser efetuada no objeto &apos;SQL210223141629940&apos;, porque CONSTRAINT &apos;TBPRDCTCTGORIASDTM&apos; é dependente deste objeto.
Error Code: 30000
Call: DROP TABLE TB_PRODUCT
Query: DataModifyQuery(sql=&quot;DROP TABLE TB_PRODUCT&quot;)
[EL Fine]: sql: 2021-02-23 15:09:52.374--ServerSession(1637613097)--Connection(617928649)--Thread(Thread[main,5,main])--DROP TABLE TB_CATEGORY
[EL Fine]: sql: 2021-02-23 15:09:52.379--ServerSession(1637613097)--Thread(Thread[main,5,main])--VALUES(1)
[EL Warning]: 2021-02-23 15:09:52.384--ServerSession(1637613097)--Thread(Thread[main,5,main])--Exception [EclipseLink-4002] (Eclipse Persistence Services - 2.7.8.v20201217-ecdf3c32c4): org.eclipse.persistence.exceptions.DatabaseException
Internal Exception: java.sql.SQLTransactionRollbackException: A operação &apos;DROP CONSTRAINT&apos; não pôde ser efetuada no objeto &apos;SQL210223141630030&apos;, porque CONSTRAINT &apos;TBPRDCTCTGRASDCTGR&apos; é dependente deste objeto.
Error Code: 30000
Call: DROP TABLE TB_CATEGORY
Query: DataModifyQuery(sql=&quot;DROP TABLE TB_CATEGORY&quot;)
[EL Fine]: sql: 2021-02-23 15:09:52.384--ServerSession(1637613097)--Connection(617928649)--Thread(Thread[main,5,main])--DROP TABLE TB_ORDER_ITEM
[EL Fine]: sql: 2021-02-23 15:09:52.384--ServerSession(1637613097)--Thread(Thread[main,5,main])--VALUES(1)
[EL Warning]: 2021-02-23 15:09:52.384--ServerSession(1637613097)--Thread(Thread[main,5,main])--Exception [EclipseLink-4002] (Eclipse Persistence Services - 2.7.8.v20201217-ecdf3c32c4): org.eclipse.persistence.exceptions.DatabaseException
Internal Exception: java.sql.SQLSyntaxErrorException: &apos;DROP TABLE&apos; não pode ser realizado em &apos;TB_ORDER_ITEM&apos;, porque &apos;TB_ORDER_ITEM&apos; não existe.
Error Code: 30000
Call: DROP TABLE TB_ORDER_ITEM
Query: DataModifyQuery(sql=&quot;DROP TABLE TB_ORDER_ITEM&quot;)
[EL Fine]: sql: 2021-02-23 15:09:52.384--ServerSession(1637613097)--Connection(617928649)--Thread(Thread[main,5,main])--DROP TABLE TB_PRODUCT
[EL Fine]: sql: 2021-02-23 15:09:52.393--ServerSession(1637613097)--Thread(Thread[main,5,main])--VALUES(1)
[EL Warning]: 2021-02-23 15:09:52.394--ServerSession(1637613097)--Thread(Thread[main,5,main])--Exception [EclipseLink-4002] (Eclipse Persistence Services - 2.7.8.v20201217-ecdf3c32c4): org.eclipse.persistence.exceptions.DatabaseException
Internal Exception: java.sql.SQLTransactionRollbackException: A operação &apos;DROP CONSTRAINT&apos; não pôde ser efetuada no objeto &apos;SQL210223141629940&apos;, porque CONSTRAINT &apos;TBPRDCTCTGORIASDTM&apos; é dependente deste objeto.
Error Code: 30000
Call: DROP TABLE TB_PRODUCT
Query: DataModifyQuery(sql=&quot;DROP TABLE TB_PRODUCT&quot;)
[EL Fine]: sql: 2021-02-23 15:09:52.394--ServerSession(1637613097)--Connection(617928649)--Thread(Thread[main,5,main])--DROP TABLE TB_CATEGORY
[EL Fine]: sql: 2021-02-23 15:09:52.399--ServerSession(1637613097)--Thread(Thread[main,5,main])--VALUES(1)
[EL Warning]: 2021-02-23 15:09:52.4--ServerSession(1637613097)--Thread(Thread[main,5,main])--Exception [EclipseLink-4002] (Eclipse Persistence Services - 2.7.8.v20201217-ecdf3c32c4): org.eclipse.persistence.exceptions.DatabaseException
Internal Exception: java.sql.SQLTransactionRollbackException: A operação &apos;DROP CONSTRAINT&apos; não pôde ser efetuada no objeto &apos;SQL210223141630030&apos;, porque CONSTRAINT &apos;TBPRDCTCTGRASDCTGR&apos; é dependente deste objeto.
Error Code: 30000
Call: DROP TABLE TB_CATEGORY
Query: DataModifyQuery(sql=&quot;DROP TABLE TB_CATEGORY&quot;)
[EL Fine]: sql: 2021-02-23 15:09:52.4--ServerSession(1637613097)--Connection(617928649)--Thread(Thread[main,5,main])--DROP TABLE TB_ORDER_ITEM
[EL Fine]: sql: 2021-02-23 15:09:52.402--ServerSession(1637613097)--Thread(Thread[main,5,main])--VALUES(1)
[EL Warning]: 2021-02-23 15:09:52.402--ServerSession(1637613097)--Thread(Thread[main,5,main])--Exception [EclipseLink-4002] (Eclipse Persistence Services - 2.7.8.v20201217-ecdf3c32c4): org.eclipse.persistence.exceptions.DatabaseException
Internal Exception: java.sql.SQLSyntaxErrorException: &apos;DROP TABLE&apos; não pode ser realizado em &apos;TB_ORDER_ITEM&apos;, porque &apos;TB_ORDER_ITEM&apos; não existe.
Error Code: 30000
Call: DROP TABLE TB_ORDER_ITEM
Query: DataModifyQuery(sql=&quot;DROP TABLE TB_ORDER_ITEM&quot;)
[EL Fine]: sql: 2021-02-23 15:09:52.403--ServerSession(1637613097)--Connection(617928649)--Thread(Thread[main,5,main])--DROP TABLE TB_PRODUCT
[EL Fine]: sql: 2021-02-23 15:09:52.406--ServerSession(1637613097)--Thread(Thread[main,5,main])--VALUES(1)
[EL Warning]: 2021-02-23 15:09:52.406--ServerSession(1637613097)--Thread(Thread[main,5,main])--Exception [EclipseLink-4002] (Eclipse Persistence Services - 2.7.8.v20201217-ecdf3c32c4): org.eclipse.persistence.exceptions.DatabaseException
Internal Exception: java.sql.SQLTransactionRollbackException: A operação &apos;DROP CONSTRAINT&apos; não pôde ser efetuada no objeto &apos;SQL210223141629940&apos;, porque CONSTRAINT &apos;TBPRDCTCTGORIASDTM&apos; é dependente deste objeto.
Error Code: 30000
Call: DROP TABLE TB_PRODUCT
Query: DataModifyQuery(sql=&quot;DROP TABLE TB_PRODUCT&quot;)
[EL Fine]: sql: 2021-02-23 15:09:52.406--ServerSession(1637613097)--Connection(617928649)--Thread(Thread[main,5,main])--DROP TABLE TB_CATEGORY
[EL Fine]: sql: 2021-02-23 15:09:52.415--ServerSession(1637613097)--Thread(Thread[main,5,main])--VALUES(1)
[EL Warning]: 2021-02-23 15:09:52.415--ServerSession(1637613097)--Thread(Thread[main,5,main])--Exception [EclipseLink-4002] (Eclipse Persistence Services - 2.7.8.v20201217-ecdf3c32c4): org.eclipse.persistence.exceptions.DatabaseException
Internal Exception: java.sql.SQLTransactionRollbackException: A operação &apos;DROP CONSTRAINT&apos; não pôde ser efetuada no objeto &apos;SQL210223141630030&apos;, porque CONSTRAINT &apos;TBPRDCTCTGRASDCTGR&apos; é dependente deste objeto.
Error Code: 30000
Call: DROP TABLE TB_CATEGORY
Query: DataModifyQuery(sql=&quot;DROP TABLE TB_CATEGORY&quot;)
[EL Fine]: sql: 2021-02-23 15:09:52.415--ServerSession(1637613097)--Connection(617928649)--Thread(Thread[main,5,main])--DROP TABLE TB_ORDER_ITEM
[EL Fine]: sql: 2021-02-23 15:09:52.415--ServerSession(1637613097)--Thread(Thread[main,5,main])--VALUES(1)
[EL Warning]: 2021-02-23 15:09:52.415--ServerSession(1637613097)--Thread(Thread[main,5,main])--Exception [EclipseLink-4002] (Eclipse Persistence Services - 2.7.8.v20201217-ecdf3c32c4): org.eclipse.persistence.exceptions.DatabaseException
Internal Exception: java.sql.SQLSyntaxErrorException: &apos;DROP TABLE&apos; não pode ser realizado em &apos;TB_ORDER_ITEM&apos;, porque &apos;TB_ORDER_ITEM&apos; não existe.
Error Code: 30000
Call: DROP TABLE TB_ORDER_ITEM
Query: DataModifyQuery(sql=&quot;DROP TABLE TB_ORDER_ITEM&quot;)
[EL Fine]: sql: 2021-02-23 15:09:52.42--ServerSession(1637613097)--Connection(617928649)--Thread(Thread[main,5,main])--DROP TABLE TB_PRODUCT
[EL Fine]: sql: 2021-02-23 15:09:52.424--ServerSession(1637613097)--Thread(Thread[main,5,main])--VALUES(1)
[EL Warning]: 2021-02-23 15:09:52.424--ServerSession(1637613097)--Thread(Thread[main,5,main])--Exception [EclipseLink-4002] (Eclipse Persistence Services - 2.7.8.v20201217-ecdf3c32c4): org.eclipse.persistence.exceptions.DatabaseException
Internal Exception: java.sql.SQLTransactionRollbackException: A operação &apos;DROP CONSTRAINT&apos; não pôde ser efetuada no objeto &apos;SQL210223141629940&apos;, porque CONSTRAINT &apos;TBPRDCTCTGORIASDTM&apos; é dependente deste objeto.
Error Code: 30000
Call: DROP TABLE TB_PRODUCT
Query: DataModifyQuery(sql=&quot;DROP TABLE TB_PRODUCT&quot;)
[EL Fine]: sql: 2021-02-23 15:09:52.424--ServerSession(1637613097)--Connection(617928649)--Thread(Thread[main,5,main])--DROP TABLE TB_CATEGORY
[EL Fine]: sql: 2021-02-23 15:09:52.429--ServerSession(1637613097)--Thread(Thread[main,5,main])--VALUES(1)
[EL Warning]: 2021-02-23 15:09:52.429--ServerSession(1637613097)--Thread(Thread[main,5,main])--Exception [EclipseLink-4002] (Eclipse Persistence Services - 2.7.8.v20201217-ecdf3c32c4): org.eclipse.persistence.exceptions.DatabaseException
Internal Exception: java.sql.SQLTransactionRollbackException: A operação &apos;DROP CONSTRAINT&apos; não pôde ser efetuada no objeto &apos;SQL210223141630030&apos;, porque CONSTRAINT &apos;TBPRDCTCTGRASDCTGR&apos; é dependente deste objeto.
Error Code: 30000
Call: DROP TABLE TB_CATEGORY
Query: DataModifyQuery(sql=&quot;DROP TABLE TB_CATEGORY&quot;)
[EL Config]: metadata: 2021-02-23 15:09:52.429--Thread(Thread[main,5,main])--The default table generator could not locate or convert a java type (null) into a database type for database field (TB_ORDER.ID_CLIENT). The generator uses &quot;java.lang.String&quot; as default java type for the field.
[EL Config]: metadata: 2021-02-23 15:09:52.429--Thread(Thread[main,5,main])--The default table generator could not locate or convert a java type (null) into a database type for database field (TB_USER.ID_USER). The generator uses &quot;java.lang.String&quot; as default java type for the field.
[EL Config]: metadata: 2021-02-23 15:09:52.429--Thread(Thread[main,5,main])--The default table generator could not locate or convert a java type (null) into a database type for database field (TB_CLIENT.ID_USER). The generator uses &quot;java.lang.String&quot; as default java type for the field.
[EL Fine]: sql: 2021-02-23 15:09:52.435--ServerSession(1637613097)--Connection(617928649)--Thread(Thread[main,5,main])--CREATE TABLE TB_ORDER (ID_ORDER BIGINT GENERATED BY DEFAULT AS IDENTITY NOT NULL, MOMENT VARCHAR(20) NOT NULL, ORDER_STATUS INTEGER NOT NULL, ID_CLIENT VARCHAR(255), ID_PAYMENT BIGINT, PRIMARY KEY (ID_ORDER))
[EL Fine]: sql: 2021-02-23 15:09:52.585--ServerSession(1637613097)--Connection(617928649)--Thread(Thread[main,5,main])--CREATE TABLE TB_PAYMENT (ID_PAYMENT BIGINT GENERATED BY DEFAULT AS IDENTITY NOT NULL, MOMENT VARCHAR(20) NOT NULL, PRIMARY KEY (ID_PAYMENT))
[EL Fine]: sql: 2021-02-23 15:09:52.735--ServerSession(1637613097)--Connection(617928649)--Thread(Thread[main,5,main])--CREATE TABLE TB_ORDER_ITEM (ID_ORDER_ITEM BIGINT GENERATED BY DEFAULT AS IDENTITY NOT NULL, PRICE FLOAT NOT NULL, QUANTITY INTEGER NOT NULL, order BIGINT, product BIGINT, PRIMARY KEY (ID_ORDER_ITEM))
[EL Fine]: sql: 2021-02-23 15:09:52.735--ServerSession(1637613097)--Thread(Thread[main,5,main])--VALUES(1)
[EL Warning]: 2021-02-23 15:09:52.735--ServerSession(1637613097)--Thread(Thread[main,5,main])--Exception [EclipseLink-4002] (Eclipse Persistence Services - 2.7.8.v20201217-ecdf3c32c4): org.eclipse.persistence.exceptions.DatabaseException
Internal Exception: java.sql.SQLSyntaxErrorException: Erro de sintaxe: Encountered &quot;order&quot; at line 1, column 142.
Error Code: 30000
Call: CREATE TABLE TB_ORDER_ITEM (ID_ORDER_ITEM BIGINT GENERATED BY DEFAULT AS IDENTITY NOT NULL, PRICE FLOAT NOT NULL, QUANTITY INTEGER NOT NULL, order BIGINT, product BIGINT, PRIMARY KEY (ID_ORDER_ITEM))
Query: DataModifyQuery(sql=&quot;CREATE TABLE TB_ORDER_ITEM (ID_ORDER_ITEM BIGINT GENERATED BY DEFAULT AS IDENTITY NOT NULL, PRICE FLOAT NOT NULL, QUANTITY INTEGER NOT NULL, order BIGINT, product BIGINT, PRIMARY KEY (ID_ORDER_ITEM))&quot;)
[EL Fine]: sql: 2021-02-23 15:09:52.735--ServerSession(1637613097)--Connection(617928649)--Thread(Thread[main,5,main])--CREATE TABLE TB_USER (ID BIGINT GENERATED BY DEFAULT AS IDENTITY NOT NULL, TYPE_USER VARCHAR(1), EMAIL VARCHAR(40) NOT NULL, NAME VARCHAR(150) NOT NULL, PASSWORD VARCHAR(20) NOT NULL, PHONE VARCHAR(20) NOT NULL, ID_USER VARCHAR(255), PRIMARY KEY (ID))
[EL Fine]: sql: 2021-02-23 15:09:52.885--ServerSession(1637613097)--Connection(617928649)--Thread(Thread[main,5,main])--CREATE TABLE TB_CLIENT (ID_USER VARCHAR(255) NOT NULL, PRIMARY KEY (ID_USER))
[EL Fine]: sql: 2021-02-23 15:09:53.035--ServerSession(1637613097)--Connection(617928649)--Thread(Thread[main,5,main])--CREATE TABLE TB_PRODUCT_CATEGORY (ID_ITEM BIGINT NOT NULL, ID_CATEGORY BIGINT NOT NULL, PRIMARY KEY (ID_ITEM, ID_CATEGORY))
[EL Fine]: sql: 2021-02-23 15:09:53.205--ServerSession(1637613097)--Connection(617928649)--Thread(Thread[main,5,main])--ALTER TABLE TB_ORDER ADD CONSTRAINT TB_ORDER_ID_CLIENT FOREIGN KEY (ID_CLIENT) REFERENCES TB_USER (ID_USER)
[EL Fine]: sql: 2021-02-23 15:09:53.335--ServerSession(1637613097)--Thread(Thread[main,5,main])--VALUES(1)
[EL Warning]: 2021-02-23 15:09:53.335--ServerSession(1637613097)--Thread(Thread[main,5,main])--Exception [EclipseLink-4002] (Eclipse Persistence Services - 2.7.8.v20201217-ecdf3c32c4): org.eclipse.persistence.exceptions.DatabaseException
Internal Exception: java.sql.SQLTransactionRollbackException: A restrição &apos;TB_ORDER_ID_CLIENT&apos; não é válida: não há nenhuma restrição de chave primária ou exclusiva na tabela &apos;&quot;APP&quot;.&quot;TB_USER&quot;&apos; que corresponda ao número e aos tipos de colunas na chave estrangeira.
Error Code: 30000
Call: ALTER TABLE TB_ORDER ADD CONSTRAINT TB_ORDER_ID_CLIENT FOREIGN KEY (ID_CLIENT) REFERENCES TB_USER (ID_USER)
Query: DataModifyQuery(sql=&quot;ALTER TABLE TB_ORDER ADD CONSTRAINT TB_ORDER_ID_CLIENT FOREIGN KEY (ID_CLIENT) REFERENCES TB_USER (ID_USER)&quot;)
[EL Fine]: sql: 2021-02-23 15:09:53.335--ServerSession(1637613097)--Connection(617928649)--Thread(Thread[main,5,main])--ALTER TABLE TB_ORDER_ITEM ADD CONSTRAINT TBORDERITEMproduct FOREIGN KEY (product) REFERENCES TB_PRODUCT (ID_PRODUCT)
[EL Fine]: sql: 2021-02-23 15:09:53.335--ServerSession(1637613097)--Thread(Thread[main,5,main])--VALUES(1)
[EL Warning]: 2021-02-23 15:09:53.335--ServerSession(1637613097)--Thread(Thread[main,5,main])--Exception [EclipseLink-4002] (Eclipse Persistence Services - 2.7.8.v20201217-ecdf3c32c4): org.eclipse.persistence.exceptions.DatabaseException
Internal Exception: java.sql.SQLSyntaxErrorException: &apos;ALTER TABLE&apos; não pode ser realizado em &apos;TB_ORDER_ITEM&apos;, porque &apos;TB_ORDER_ITEM&apos; não existe.
Error Code: 30000
Call: ALTER TABLE TB_ORDER_ITEM ADD CONSTRAINT TBORDERITEMproduct FOREIGN KEY (product) REFERENCES TB_PRODUCT (ID_PRODUCT)
Query: DataModifyQuery(sql=&quot;ALTER TABLE TB_ORDER_ITEM ADD CONSTRAINT TBORDERITEMproduct FOREIGN KEY (product) REFERENCES TB_PRODUCT (ID_PRODUCT)&quot;)
[EL Fine]: sql: 2021-02-23 15:09:53.335--ServerSession(1637613097)--Connection(617928649)--Thread(Thread[main,5,main])--ALTER TABLE TB_CLIENT ADD CONSTRAINT TB_CLIENT_ID_USER FOREIGN KEY (ID_USER) REFERENCES TB_USER (ID_USER)
[EL Fine]: sql: 2021-02-23 15:09:53.345--ServerSession(1637613097)--Thread(Thread[main,5,main])--VALUES(1)
[EL Warning]: 2021-02-23 15:09:53.345--ServerSession(1637613097)--Thread(Thread[main,5,main])--Exception [EclipseLink-4002] (Eclipse Persistence Services - 2.7.8.v20201217-ecdf3c32c4): org.eclipse.persistence.exceptions.DatabaseException
Internal Exception: java.sql.SQLTransactionRollbackException: A restrição &apos;TB_CLIENT_ID_USER&apos; não é válida: não há nenhuma restrição de chave primária ou exclusiva na tabela &apos;&quot;APP&quot;.&quot;TB_USER&quot;&apos; que corresponda ao número e aos tipos de colunas na chave estrangeira.
Error Code: 30000
Call: ALTER TABLE TB_CLIENT ADD CONSTRAINT TB_CLIENT_ID_USER FOREIGN KEY (ID_USER) REFERENCES TB_USER (ID_USER)
Query: DataModifyQuery(sql=&quot;ALTER TABLE TB_CLIENT ADD CONSTRAINT TB_CLIENT_ID_USER FOREIGN KEY (ID_USER) REFERENCES TB_USER (ID_USER)&quot;)
[EL Fine]: sql: 2021-02-23 15:09:53.345--ServerSession(1637613097)--Connection(617928649)--Thread(Thread[main,5,main])--ALTER TABLE TB_PRODUCT_CATEGORY ADD CONSTRAINT TBPRDCTCATEGORYDTM FOREIGN KEY (ID_ITEM) REFERENCES TB_PRODUCT (ID_PRODUCT)
[EL Fine]: sql: 2021-02-23 15:09:53.505--ServerSession(1637613097)--Thread(Thread[main,5,main])--VALUES(1)
[EL Warning]: 2021-02-23 15:09:53.505--ServerSession(1637613097)--Thread(Thread[main,5,main])--Exception [EclipseLink-4002] (Eclipse Persistence Services - 2.7.8.v20201217-ecdf3c32c4): org.eclipse.persistence.exceptions.DatabaseException
Internal Exception: java.sql.SQLTransactionRollbackException: A restrição &apos;TBPRDCTCATEGORYDTM&apos; não é válida: não há nenhuma restrição de chave primária ou exclusiva na tabela &apos;&quot;APP&quot;.&quot;TB_PRODUCT&quot;&apos; que corresponda ao número e aos tipos de colunas na chave estrangeira.
Error Code: 30000
Call: ALTER TABLE TB_PRODUCT_CATEGORY ADD CONSTRAINT TBPRDCTCATEGORYDTM FOREIGN KEY (ID_ITEM) REFERENCES TB_PRODUCT (ID_PRODUCT)
Query: DataModifyQuery(sql=&quot;ALTER TABLE TB_PRODUCT_CATEGORY ADD CONSTRAINT TBPRDCTCATEGORYDTM FOREIGN KEY (ID_ITEM) REFERENCES TB_PRODUCT (ID_PRODUCT)&quot;)
[EL Fine]: connection: 2021-02-23 15:09:53.515--ServerSession(1637613097)--Connection(617928649)--Thread(Thread[main,5,main])--disconnect
[EL Fine]: connection: 2021-02-23 15:09:53.515--ServerSession(1637613097)--Thread(Thread[main,5,main])--/file:/C:/Users/eletr/Desktop/trabalho_01/target/classes/_trabalho_01 logout successful
[EL Fine]: connection: 2021-02-23 15:09:53.515--ServerSession(1637613097)--Connection(1408533352)--Thread(Thread[main,5,main])--disconnect
</system-out>
  </testcase>
  <testcase classname="trabalho.CategoryTeste" name="trabalho.CategoryTeste" time="11.304">
    <error message="TB_ORDER_ITEM" type="java.lang.RuntimeException">java.lang.RuntimeException: TB_ORDER_ITEM
	at trabalho.DbUnitUtil.inserirDados(DbUnitUtil.java:43)
	at trabalho.Teste.setUpClass(Teste.java:30)
	at java.base/jdk.internal.reflect.NativeMethodAccessorImpl.invoke0(Native Method)
	at java.base/jdk.internal.reflect.NativeMethodAccessorImpl.invoke(NativeMethodAccessorImpl.java:62)
	at java.base/jdk.internal.reflect.DelegatingMethodAccessorImpl.invoke(DelegatingMethodAccessorImpl.java:43)
	at java.base/java.lang.reflect.Method.invoke(Method.java:566)
	at org.junit.runners.model.FrameworkMethod$1.runReflectiveCall(FrameworkMethod.java:59)
	at org.junit.internal.runners.model.ReflectiveCallable.run(ReflectiveCallable.java:12)
	at org.junit.runners.model.FrameworkMethod.invokeExplosively(FrameworkMethod.java:56)
	at org.junit.internal.runners.statements.RunBefores.invokeMethod(RunBefores.java:33)
	at org.junit.internal.runners.statements.RunBefores.evaluate(RunBefores.java:24)
	at org.junit.internal.runners.statements.RunAfters.evaluate(RunAfters.java:27)
	at org.junit.runners.ParentRunner$3.evaluate(ParentRunner.java:306)
	at org.junit.runners.ParentRunner.run(ParentRunner.java:413)
	at org.junit.runners.Suite.runChild(Suite.java:128)
	at org.junit.runners.Suite.runChild(Suite.java:27)
	at org.junit.runners.ParentRunner$4.run(ParentRunner.java:331)
	at org.junit.runners.ParentRunner$1.schedule(ParentRunner.java:79)
	at org.junit.runners.ParentRunner.runChildren(ParentRunner.java:329)
	at org.junit.runners.ParentRunner.access$100(ParentRunner.java:66)
	at org.junit.runners.ParentRunner$2.evaluate(ParentRunner.java:293)
	at org.junit.runners.ParentRunner$3.evaluate(ParentRunner.java:306)
	at org.junit.runners.ParentRunner.run(ParentRunner.java:413)
	at org.apache.maven.surefire.junit4.JUnit4Provider.execute(JUnit4Provider.java:252)
	at org.apache.maven.surefire.junit4.JUnit4Provider.executeTestSet(JUnit4Provider.java:141)
	at org.apache.maven.surefire.junit4.JUnit4Provider.invoke(JUnit4Provider.java:112)
	at java.base/jdk.internal.reflect.NativeMethodAccessorImpl.invoke0(Native Method)
	at java.base/jdk.internal.reflect.NativeMethodAccessorImpl.invoke(NativeMethodAccessorImpl.java:62)
	at java.base/jdk.internal.reflect.DelegatingMethodAccessorImpl.invoke(DelegatingMethodAccessorImpl.java:43)
	at java.base/java.lang.reflect.Method.invoke(Method.java:566)
	at org.apache.maven.surefire.util.ReflectionUtils.invokeMethodWithArray(ReflectionUtils.java:189)
	at org.apache.maven.surefire.booter.ProviderFactory$ProviderProxy.invoke(ProviderFactory.java:165)
	at org.apache.maven.surefire.booter.ProviderFactory.invokeProvider(ProviderFactory.java:85)
	at org.apache.maven.surefire.booter.ForkedBooter.runSuitesInProcess(ForkedBooter.java:115)
	at org.apache.maven.surefire.booter.ForkedBooter.main(ForkedBooter.java:75)
Caused by: org.dbunit.dataset.NoSuchTableException: TB_ORDER_ITEM
	at org.dbunit.database.DatabaseDataSet.getTableMetaData(DatabaseDataSet.java:305)
	at org.dbunit.operation.DeleteAllOperation.execute(DeleteAllOperation.java:109)
	at org.dbunit.operation.CompositeOperation.execute(CompositeOperation.java:79)
	at trabalho.DbUnitUtil.inserirDados(DbUnitUtil.java:41)
	... 34 more
</error>
    <system-out>[EL Fine]: moxy: 2021-02-23 15:09:53.523--Thread(Thread[main,5,main])--SAXParserFactory instance: com.sun.org.apache.xerces.internal.jaxp.SAXParserFactoryImpl@10fde30a
[EL Fine]: server: 2021-02-23 15:09:53.525--Thread(Thread[main,5,main])--Configured server platform: org.eclipse.persistence.platform.server.NoServerPlatform
[EL Config]: metadata: 2021-02-23 15:09:53.555--ServerSession(15892131)--Thread(Thread[main,5,main])--The access type for the persistent class [class entities.Order] is set to [FIELD].
[EL Config]: metadata: 2021-02-23 15:09:53.555--ServerSession(15892131)--Thread(Thread[main,5,main])--The target entity (reference) class for the many to one mapping element [field client] is being defaulted to: class entities.Client.
[EL Config]: metadata: 2021-02-23 15:09:53.555--ServerSession(15892131)--Thread(Thread[main,5,main])--The target entity (reference) class for the one to one mapping element [field payment] is being defaulted to: class entities.Payment.
[EL Config]: metadata: 2021-02-23 15:09:53.555--ServerSession(15892131)--Thread(Thread[main,5,main])--The target entity (reference) class for the one to many mapping element [field items] is being defaulted to: class entities.OrderItem.
[EL Config]: metadata: 2021-02-23 15:09:53.555--ServerSession(15892131)--Thread(Thread[main,5,main])--The access type for the persistent class [class entities.Product] is set to [FIELD].
[EL Config]: metadata: 2021-02-23 15:09:53.555--ServerSession(15892131)--Thread(Thread[main,5,main])--The target entity (reference) class for the many to many mapping element [field categories] is being defaulted to: class entities.Category.
[EL Config]: metadata: 2021-02-23 15:09:53.555--ServerSession(15892131)--Thread(Thread[main,5,main])--The target entity (reference) class for the one to many mapping element [field items] is being defaulted to: class entities.OrderItem.
[EL Config]: metadata: 2021-02-23 15:09:53.555--ServerSession(15892131)--Thread(Thread[main,5,main])--The access type for the persistent class [class entities.Payment] is set to [FIELD].
[EL Config]: metadata: 2021-02-23 15:09:53.555--ServerSession(15892131)--Thread(Thread[main,5,main])--The target entity (reference) class for the one to one mapping element [field order] is being defaulted to: class entities.Order.
[EL Config]: metadata: 2021-02-23 15:09:53.555--ServerSession(15892131)--Thread(Thread[main,5,main])--The access type for the persistent class [class entities.Category] is set to [FIELD].
[EL Config]: metadata: 2021-02-23 15:09:53.555--ServerSession(15892131)--Thread(Thread[main,5,main])--The access type for the persistent class [class entities.OrderItem] is set to [FIELD].
[EL Config]: metadata: 2021-02-23 15:09:53.555--ServerSession(15892131)--Thread(Thread[main,5,main])--The access type for the persistent class [class entities.Client] is set to [FIELD].
[EL Config]: metadata: 2021-02-23 15:09:53.555--ServerSession(15892131)--Thread(Thread[main,5,main])--The target entity (reference) class for the one to many mapping element [field orders] is being defaulted to: class entities.Order.
[EL Config]: metadata: 2021-02-23 15:09:53.555--ServerSession(15892131)--Thread(Thread[main,5,main])--The access type for the persistent class [class entities.pk.OrderItemPK] is set to [FIELD].
[EL Config]: metadata: 2021-02-23 15:09:53.555--ServerSession(15892131)--Thread(Thread[main,5,main])--The target entity (reference) class for the many to one mapping element [field product] is being defaulted to: class entities.Product.
[EL Config]: metadata: 2021-02-23 15:09:53.555--ServerSession(15892131)--Thread(Thread[main,5,main])--The target entity (reference) class for the many to one mapping element [field order] is being defaulted to: class entities.Order.
[EL Config]: metadata: 2021-02-23 15:09:53.555--ServerSession(15892131)--Thread(Thread[main,5,main])--The alias name for the entity class [class entities.User] is being defaulted to: User.
[EL Config]: metadata: 2021-02-23 15:09:53.555--ServerSession(15892131)--Thread(Thread[main,5,main])--The alias name for the entity class [class entities.Order] is being defaulted to: Order.
[EL Config]: metadata: 2021-02-23 15:09:53.555--ServerSession(15892131)--Thread(Thread[main,5,main])--The alias name for the entity class [class entities.Product] is being defaulted to: Product.
[EL Config]: metadata: 2021-02-23 15:09:53.555--ServerSession(15892131)--Thread(Thread[main,5,main])--The alias name for the entity class [class entities.Payment] is being defaulted to: Payment.
[EL Config]: metadata: 2021-02-23 15:09:53.555--ServerSession(15892131)--Thread(Thread[main,5,main])--The alias name for the entity class [class entities.Category] is being defaulted to: Category.
[EL Config]: metadata: 2021-02-23 15:09:53.555--ServerSession(15892131)--Thread(Thread[main,5,main])--The alias name for the entity class [class entities.OrderItem] is being defaulted to: OrderItem.
[EL Config]: metadata: 2021-02-23 15:09:53.555--ServerSession(15892131)--Thread(Thread[main,5,main])--The alias name for the entity class [class entities.Client] is being defaulted to: Client.
[EL Warning]: metadata: 2021-02-23 15:09:53.555--ServerSession(15892131)--Thread(Thread[main,5,main])--The reference column name [ID_USER] mapped on the element [class entities.Client] does not correspond to a valid id or basic field/column on the mapping reference. Will use referenced column name as provided.
[EL Warning]: metadata: 2021-02-23 15:09:53.555--ServerSession(15892131)--Thread(Thread[main,5,main])--The reference column name [ID_USER] mapped on the element [field client] does not correspond to a valid id or basic field/column on the mapping reference. Will use referenced column name as provided.
[EL Config]: metadata: 2021-02-23 15:09:53.555--ServerSession(15892131)--Thread(Thread[main,5,main])--The source primary key column name for the many to many mapping [field categories] is being defaulted to: ID_PRODUCT.
[EL Config]: metadata: 2021-02-23 15:09:53.555--ServerSession(15892131)--Thread(Thread[main,5,main])--The target primary key column name for the many to many mapping [field categories] is being defaulted to: ID_CATEGORY.
[EL Info]: 2021-02-23 15:09:53.555--ServerSession(15892131)--Thread(Thread[main,5,main])--EclipseLink, version: Eclipse Persistence Services - 2.7.8.v20201217-ecdf3c32c4
[EL Fine]: connection: 2021-02-23 15:09:53.555--ServerSession(15892131)--Connection(1850597787)--Thread(Thread[main,5,main])--connecting(DatabaseLogin(
	platform=&gt;DerbyPlatform
	user name=&gt; &quot;app&quot;
	datasource URL=&gt; &quot;jdbc:derby://localhost:1527/trabalho_01;create=true&quot;
))
[EL Config]: connection: 2021-02-23 15:09:53.564--ServerSession(15892131)--Connection(258737099)--Thread(Thread[main,5,main])--Connected: jdbc:derby://localhost:1527/trabalho_01;create=true
	User: app
	Database: Apache Derby  Version: 10.14.2.0 - (1828579)
	Driver: Apache Derby Network Client JDBC Driver  Version: 10.14.2.0 - (1828579)
[EL Warning]: metadata: 2021-02-23 15:09:53.564--ServerSession(15892131)--Thread(Thread[main,5,main])--Reverting the lazy setting on the OneToOne or ManyToOne attribute [client] for the entity class [class entities.Order] since weaving was not enabled or did not occur.
[EL Warning]: metadata: 2021-02-23 15:09:53.564--ServerSession(15892131)--Thread(Thread[main,5,main])--Reverting the lazy setting on the OneToOne or ManyToOne attribute [payment] for the entity class [class entities.Order] since weaving was not enabled or did not occur.
[EL Warning]: metadata: 2021-02-23 15:09:53.564--ServerSession(15892131)--Thread(Thread[main,5,main])--Reverting the lazy setting on the OneToOne or ManyToOne attribute [order] for the entity class [class entities.Payment] since weaving was not enabled or did not occur.
[EL Warning]: metadata: 2021-02-23 15:09:53.564--ServerSession(15892131)--Thread(Thread[main,5,main])--Reverting the lazy setting on the OneToOne or ManyToOne attribute [product] for the entity class [class entities.pk.OrderItemPK] since weaving was not enabled or did not occur.
[EL Warning]: metadata: 2021-02-23 15:09:53.564--ServerSession(15892131)--Thread(Thread[main,5,main])--Reverting the lazy setting on the OneToOne or ManyToOne attribute [order] for the entity class [class entities.pk.OrderItemPK] since weaving was not enabled or did not occur.
[EL Fine]: connection: 2021-02-23 15:09:53.564--ServerSession(15892131)--Thread(Thread[main,5,main])--/file:/C:/Users/eletr/Desktop/trabalho_01/target/classes/_trabalho_01 login successful
[EL Config]: metadata: 2021-02-23 15:09:53.564--Thread(Thread[main,5,main])--The default table generator could not locate or convert a java type (null) into a database type for database field (TB_ORDER.ID_CLIENT). The generator uses &quot;java.lang.String&quot; as default java type for the field.
[EL Config]: metadata: 2021-02-23 15:09:53.564--Thread(Thread[main,5,main])--The default table generator could not locate or convert a java type (null) into a database type for database field (TB_USER.ID_USER). The generator uses &quot;java.lang.String&quot; as default java type for the field.
[EL Config]: metadata: 2021-02-23 15:09:53.564--Thread(Thread[main,5,main])--The default table generator could not locate or convert a java type (null) into a database type for database field (TB_CLIENT.ID_USER). The generator uses &quot;java.lang.String&quot; as default java type for the field.
[EL Fine]: sql: 2021-02-23 15:09:53.564--ServerSession(15892131)--Connection(258737099)--Thread(Thread[main,5,main])--ALTER TABLE TB_ORDER DROP CONSTRAINT TB_ORDER_ID_CLIENT
[EL Fine]: sql: 2021-02-23 15:09:53.564--ServerSession(15892131)--Thread(Thread[main,5,main])--VALUES(1)
[EL Warning]: 2021-02-23 15:09:53.564--ServerSession(15892131)--Thread(Thread[main,5,main])--Exception [EclipseLink-4002] (Eclipse Persistence Services - 2.7.8.v20201217-ecdf3c32c4): org.eclipse.persistence.exceptions.DatabaseException
Internal Exception: java.sql.SQLSyntaxErrorException: ALTER TABLE falhou. Não existe a restrição &apos;APP.TB_ORDER_ID_CLIENT&apos; na tabela &apos;&quot;APP&quot;.&quot;TB_ORDER&quot;&apos;.
Error Code: 30000
Call: ALTER TABLE TB_ORDER DROP CONSTRAINT TB_ORDER_ID_CLIENT
Query: DataModifyQuery(sql=&quot;ALTER TABLE TB_ORDER DROP CONSTRAINT TB_ORDER_ID_CLIENT&quot;)
[EL Fine]: sql: 2021-02-23 15:09:53.564--ServerSession(15892131)--Connection(258737099)--Thread(Thread[main,5,main])--ALTER TABLE TB_ORDER DROP CONSTRAINT TB_ORDERID_PAYMENT
[EL Fine]: sql: 2021-02-23 15:09:53.564--ServerSession(15892131)--Thread(Thread[main,5,main])--VALUES(1)
[EL Warning]: 2021-02-23 15:09:53.574--ServerSession(15892131)--Thread(Thread[main,5,main])--Exception [EclipseLink-4002] (Eclipse Persistence Services - 2.7.8.v20201217-ecdf3c32c4): org.eclipse.persistence.exceptions.DatabaseException
Internal Exception: java.sql.SQLSyntaxErrorException: ALTER TABLE falhou. Não existe a restrição &apos;APP.TB_ORDERID_PAYMENT&apos; na tabela &apos;&quot;APP&quot;.&quot;TB_ORDER&quot;&apos;.
Error Code: 30000
Call: ALTER TABLE TB_ORDER DROP CONSTRAINT TB_ORDERID_PAYMENT
Query: DataModifyQuery(sql=&quot;ALTER TABLE TB_ORDER DROP CONSTRAINT TB_ORDERID_PAYMENT&quot;)
[EL Fine]: sql: 2021-02-23 15:09:53.574--ServerSession(15892131)--Connection(258737099)--Thread(Thread[main,5,main])--ALTER TABLE TB_ORDER_ITEM DROP CONSTRAINT TBORDERITEMproduct
[EL Fine]: sql: 2021-02-23 15:09:53.574--ServerSession(15892131)--Thread(Thread[main,5,main])--VALUES(1)
[EL Warning]: 2021-02-23 15:09:53.574--ServerSession(15892131)--Thread(Thread[main,5,main])--Exception [EclipseLink-4002] (Eclipse Persistence Services - 2.7.8.v20201217-ecdf3c32c4): org.eclipse.persistence.exceptions.DatabaseException
Internal Exception: java.sql.SQLSyntaxErrorException: &apos;ALTER TABLE&apos; não pode ser realizado em &apos;TB_ORDER_ITEM&apos;, porque &apos;TB_ORDER_ITEM&apos; não existe.
Error Code: 30000
Call: ALTER TABLE TB_ORDER_ITEM DROP CONSTRAINT TBORDERITEMproduct
Query: DataModifyQuery(sql=&quot;ALTER TABLE TB_ORDER_ITEM DROP CONSTRAINT TBORDERITEMproduct&quot;)
[EL Fine]: sql: 2021-02-23 15:09:53.574--ServerSession(15892131)--Connection(258737099)--Thread(Thread[main,5,main])--ALTER TABLE TB_ORDER_ITEM DROP CONSTRAINT TB_ORDER_ITEMorder
[EL Fine]: sql: 2021-02-23 15:09:53.574--ServerSession(15892131)--Thread(Thread[main,5,main])--VALUES(1)
[EL Warning]: 2021-02-23 15:09:53.579--ServerSession(15892131)--Thread(Thread[main,5,main])--Exception [EclipseLink-4002] (Eclipse Persistence Services - 2.7.8.v20201217-ecdf3c32c4): org.eclipse.persistence.exceptions.DatabaseException
Internal Exception: java.sql.SQLSyntaxErrorException: &apos;ALTER TABLE&apos; não pode ser realizado em &apos;TB_ORDER_ITEM&apos;, porque &apos;TB_ORDER_ITEM&apos; não existe.
Error Code: 30000
Call: ALTER TABLE TB_ORDER_ITEM DROP CONSTRAINT TB_ORDER_ITEMorder
Query: DataModifyQuery(sql=&quot;ALTER TABLE TB_ORDER_ITEM DROP CONSTRAINT TB_ORDER_ITEMorder&quot;)
[EL Fine]: sql: 2021-02-23 15:09:53.579--ServerSession(15892131)--Connection(258737099)--Thread(Thread[main,5,main])--ALTER TABLE TB_CLIENT DROP CONSTRAINT TB_CLIENT_ID_USER
[EL Fine]: sql: 2021-02-23 15:09:53.579--ServerSession(15892131)--Thread(Thread[main,5,main])--VALUES(1)
[EL Warning]: 2021-02-23 15:09:53.579--ServerSession(15892131)--Thread(Thread[main,5,main])--Exception [EclipseLink-4002] (Eclipse Persistence Services - 2.7.8.v20201217-ecdf3c32c4): org.eclipse.persistence.exceptions.DatabaseException
Internal Exception: java.sql.SQLSyntaxErrorException: ALTER TABLE falhou. Não existe a restrição &apos;APP.TB_CLIENT_ID_USER&apos; na tabela &apos;&quot;APP&quot;.&quot;TB_CLIENT&quot;&apos;.
Error Code: 30000
Call: ALTER TABLE TB_CLIENT DROP CONSTRAINT TB_CLIENT_ID_USER
Query: DataModifyQuery(sql=&quot;ALTER TABLE TB_CLIENT DROP CONSTRAINT TB_CLIENT_ID_USER&quot;)
[EL Fine]: sql: 2021-02-23 15:09:53.579--ServerSession(15892131)--Connection(258737099)--Thread(Thread[main,5,main])--ALTER TABLE TB_PRODUCT_CATEGORY DROP CONSTRAINT TBPRDCTCATEGORYDTM
[EL Fine]: sql: 2021-02-23 15:09:53.579--ServerSession(15892131)--Thread(Thread[main,5,main])--VALUES(1)
[EL Warning]: 2021-02-23 15:09:53.585--ServerSession(15892131)--Thread(Thread[main,5,main])--Exception [EclipseLink-4002] (Eclipse Persistence Services - 2.7.8.v20201217-ecdf3c32c4): org.eclipse.persistence.exceptions.DatabaseException
Internal Exception: java.sql.SQLSyntaxErrorException: ALTER TABLE falhou. Não existe a restrição &apos;APP.TBPRDCTCATEGORYDTM&apos; na tabela &apos;&quot;APP&quot;.&quot;TB_PRODUCT_CATEGORY&quot;&apos;.
Error Code: 30000
Call: ALTER TABLE TB_PRODUCT_CATEGORY DROP CONSTRAINT TBPRDCTCATEGORYDTM
Query: DataModifyQuery(sql=&quot;ALTER TABLE TB_PRODUCT_CATEGORY DROP CONSTRAINT TBPRDCTCATEGORYDTM&quot;)
[EL Fine]: sql: 2021-02-23 15:09:53.585--ServerSession(15892131)--Connection(258737099)--Thread(Thread[main,5,main])--ALTER TABLE TB_PRODUCT_CATEGORY DROP CONSTRAINT TBPRDCTCTGRYDCTGRY
[EL Fine]: sql: 2021-02-23 15:09:53.588--ServerSession(15892131)--Thread(Thread[main,5,main])--VALUES(1)
[EL Warning]: 2021-02-23 15:09:53.59--ServerSession(15892131)--Thread(Thread[main,5,main])--Exception [EclipseLink-4002] (Eclipse Persistence Services - 2.7.8.v20201217-ecdf3c32c4): org.eclipse.persistence.exceptions.DatabaseException
Internal Exception: java.sql.SQLSyntaxErrorException: ALTER TABLE falhou. Não existe a restrição &apos;APP.TBPRDCTCTGRYDCTGRY&apos; na tabela &apos;&quot;APP&quot;.&quot;TB_PRODUCT_CATEGORY&quot;&apos;.
Error Code: 30000
Call: ALTER TABLE TB_PRODUCT_CATEGORY DROP CONSTRAINT TBPRDCTCTGRYDCTGRY
Query: DataModifyQuery(sql=&quot;ALTER TABLE TB_PRODUCT_CATEGORY DROP CONSTRAINT TBPRDCTCTGRYDCTGRY&quot;)
[EL Fine]: sql: 2021-02-23 15:09:53.591--ServerSession(15892131)--Connection(258737099)--Thread(Thread[main,5,main])--DROP TABLE TB_ORDER
[EL Fine]: sql: 2021-02-23 15:09:53.754--ServerSession(15892131)--Connection(258737099)--Thread(Thread[main,5,main])--DROP TABLE TB_PAYMENT
[EL Fine]: sql: 2021-02-23 15:09:53.862--ServerSession(15892131)--Connection(258737099)--Thread(Thread[main,5,main])--DROP TABLE TB_ORDER_ITEM
[EL Fine]: sql: 2021-02-23 15:09:53.863--ServerSession(15892131)--Thread(Thread[main,5,main])--VALUES(1)
[EL Warning]: 2021-02-23 15:09:53.864--ServerSession(15892131)--Thread(Thread[main,5,main])--Exception [EclipseLink-4002] (Eclipse Persistence Services - 2.7.8.v20201217-ecdf3c32c4): org.eclipse.persistence.exceptions.DatabaseException
Internal Exception: java.sql.SQLSyntaxErrorException: &apos;DROP TABLE&apos; não pode ser realizado em &apos;TB_ORDER_ITEM&apos;, porque &apos;TB_ORDER_ITEM&apos; não existe.
Error Code: 30000
Call: DROP TABLE TB_ORDER_ITEM
Query: DataModifyQuery(sql=&quot;DROP TABLE TB_ORDER_ITEM&quot;)
[EL Fine]: sql: 2021-02-23 15:09:53.864--ServerSession(15892131)--Connection(258737099)--Thread(Thread[main,5,main])--DROP TABLE TB_USER
[EL Fine]: sql: 2021-02-23 15:09:53.937--ServerSession(15892131)--Connection(258737099)--Thread(Thread[main,5,main])--DROP TABLE TB_CLIENT
[EL Fine]: sql: 2021-02-23 15:09:54.045--ServerSession(15892131)--Connection(258737099)--Thread(Thread[main,5,main])--DROP TABLE TB_PRODUCT
[EL Fine]: sql: 2021-02-23 15:09:54.051--ServerSession(15892131)--Thread(Thread[main,5,main])--VALUES(1)
[EL Warning]: 2021-02-23 15:09:54.052--ServerSession(15892131)--Thread(Thread[main,5,main])--Exception [EclipseLink-4002] (Eclipse Persistence Services - 2.7.8.v20201217-ecdf3c32c4): org.eclipse.persistence.exceptions.DatabaseException
Internal Exception: java.sql.SQLTransactionRollbackException: A operação &apos;DROP CONSTRAINT&apos; não pôde ser efetuada no objeto &apos;SQL210223141629940&apos;, porque CONSTRAINT &apos;TBPRDCTCTGORIASDTM&apos; é dependente deste objeto.
Error Code: 30000
Call: DROP TABLE TB_PRODUCT
Query: DataModifyQuery(sql=&quot;DROP TABLE TB_PRODUCT&quot;)
[EL Fine]: sql: 2021-02-23 15:09:54.052--ServerSession(15892131)--Connection(258737099)--Thread(Thread[main,5,main])--DROP TABLE TB_CATEGORY
[EL Fine]: sql: 2021-02-23 15:09:54.058--ServerSession(15892131)--Thread(Thread[main,5,main])--VALUES(1)
[EL Warning]: 2021-02-23 15:09:54.059--ServerSession(15892131)--Thread(Thread[main,5,main])--Exception [EclipseLink-4002] (Eclipse Persistence Services - 2.7.8.v20201217-ecdf3c32c4): org.eclipse.persistence.exceptions.DatabaseException
Internal Exception: java.sql.SQLTransactionRollbackException: A operação &apos;DROP CONSTRAINT&apos; não pôde ser efetuada no objeto &apos;SQL210223141630030&apos;, porque CONSTRAINT &apos;TBPRDCTCTGRASDCTGR&apos; é dependente deste objeto.
Error Code: 30000
Call: DROP TABLE TB_CATEGORY
Query: DataModifyQuery(sql=&quot;DROP TABLE TB_CATEGORY&quot;)
[EL Fine]: sql: 2021-02-23 15:09:54.06--ServerSession(15892131)--Connection(258737099)--Thread(Thread[main,5,main])--DROP TABLE TB_PRODUCT_CATEGORY
[EL Fine]: sql: 2021-02-23 15:09:54.146--ServerSession(15892131)--Connection(258737099)--Thread(Thread[main,5,main])--DROP TABLE TB_ORDER_ITEM
[EL Fine]: sql: 2021-02-23 15:09:54.155--ServerSession(15892131)--Thread(Thread[main,5,main])--VALUES(1)
[EL Warning]: 2021-02-23 15:09:54.155--ServerSession(15892131)--Thread(Thread[main,5,main])--Exception [EclipseLink-4002] (Eclipse Persistence Services - 2.7.8.v20201217-ecdf3c32c4): org.eclipse.persistence.exceptions.DatabaseException
Internal Exception: java.sql.SQLSyntaxErrorException: &apos;DROP TABLE&apos; não pode ser realizado em &apos;TB_ORDER_ITEM&apos;, porque &apos;TB_ORDER_ITEM&apos; não existe.
Error Code: 30000
Call: DROP TABLE TB_ORDER_ITEM
Query: DataModifyQuery(sql=&quot;DROP TABLE TB_ORDER_ITEM&quot;)
[EL Fine]: sql: 2021-02-23 15:09:54.155--ServerSession(15892131)--Connection(258737099)--Thread(Thread[main,5,main])--DROP TABLE TB_PRODUCT
[EL Fine]: sql: 2021-02-23 15:09:54.164--ServerSession(15892131)--Thread(Thread[main,5,main])--VALUES(1)
[EL Warning]: 2021-02-23 15:09:54.165--ServerSession(15892131)--Thread(Thread[main,5,main])--Exception [EclipseLink-4002] (Eclipse Persistence Services - 2.7.8.v20201217-ecdf3c32c4): org.eclipse.persistence.exceptions.DatabaseException
Internal Exception: java.sql.SQLTransactionRollbackException: A operação &apos;DROP CONSTRAINT&apos; não pôde ser efetuada no objeto &apos;SQL210223141629940&apos;, porque CONSTRAINT &apos;TBPRDCTCTGORIASDTM&apos; é dependente deste objeto.
Error Code: 30000
Call: DROP TABLE TB_PRODUCT
Query: DataModifyQuery(sql=&quot;DROP TABLE TB_PRODUCT&quot;)
[EL Fine]: sql: 2021-02-23 15:09:54.165--ServerSession(15892131)--Connection(258737099)--Thread(Thread[main,5,main])--DROP TABLE TB_CATEGORY
[EL Fine]: sql: 2021-02-23 15:09:54.171--ServerSession(15892131)--Thread(Thread[main,5,main])--VALUES(1)
[EL Warning]: 2021-02-23 15:09:54.171--ServerSession(15892131)--Thread(Thread[main,5,main])--Exception [EclipseLink-4002] (Eclipse Persistence Services - 2.7.8.v20201217-ecdf3c32c4): org.eclipse.persistence.exceptions.DatabaseException
Internal Exception: java.sql.SQLTransactionRollbackException: A operação &apos;DROP CONSTRAINT&apos; não pôde ser efetuada no objeto &apos;SQL210223141630030&apos;, porque CONSTRAINT &apos;TBPRDCTCTGRASDCTGR&apos; é dependente deste objeto.
Error Code: 30000
Call: DROP TABLE TB_CATEGORY
Query: DataModifyQuery(sql=&quot;DROP TABLE TB_CATEGORY&quot;)
[EL Fine]: sql: 2021-02-23 15:09:54.171--ServerSession(15892131)--Connection(258737099)--Thread(Thread[main,5,main])--DROP TABLE TB_ORDER_ITEM
[EL Fine]: sql: 2021-02-23 15:09:54.173--ServerSession(15892131)--Thread(Thread[main,5,main])--VALUES(1)
[EL Warning]: 2021-02-23 15:09:54.174--ServerSession(15892131)--Thread(Thread[main,5,main])--Exception [EclipseLink-4002] (Eclipse Persistence Services - 2.7.8.v20201217-ecdf3c32c4): org.eclipse.persistence.exceptions.DatabaseException
Internal Exception: java.sql.SQLSyntaxErrorException: &apos;DROP TABLE&apos; não pode ser realizado em &apos;TB_ORDER_ITEM&apos;, porque &apos;TB_ORDER_ITEM&apos; não existe.
Error Code: 30000
Call: DROP TABLE TB_ORDER_ITEM
Query: DataModifyQuery(sql=&quot;DROP TABLE TB_ORDER_ITEM&quot;)
[EL Fine]: sql: 2021-02-23 15:09:54.174--ServerSession(15892131)--Connection(258737099)--Thread(Thread[main,5,main])--DROP TABLE TB_PRODUCT
[EL Fine]: sql: 2021-02-23 15:09:54.181--ServerSession(15892131)--Thread(Thread[main,5,main])--VALUES(1)
[EL Warning]: 2021-02-23 15:09:54.182--ServerSession(15892131)--Thread(Thread[main,5,main])--Exception [EclipseLink-4002] (Eclipse Persistence Services - 2.7.8.v20201217-ecdf3c32c4): org.eclipse.persistence.exceptions.DatabaseException
Internal Exception: java.sql.SQLTransactionRollbackException: A operação &apos;DROP CONSTRAINT&apos; não pôde ser efetuada no objeto &apos;SQL210223141629940&apos;, porque CONSTRAINT &apos;TBPRDCTCTGORIASDTM&apos; é dependente deste objeto.
Error Code: 30000
Call: DROP TABLE TB_PRODUCT
Query: DataModifyQuery(sql=&quot;DROP TABLE TB_PRODUCT&quot;)
[EL Fine]: sql: 2021-02-23 15:09:54.182--ServerSession(15892131)--Connection(258737099)--Thread(Thread[main,5,main])--DROP TABLE TB_CATEGORY
[EL Fine]: sql: 2021-02-23 15:09:54.187--ServerSession(15892131)--Thread(Thread[main,5,main])--VALUES(1)
[EL Warning]: 2021-02-23 15:09:54.188--ServerSession(15892131)--Thread(Thread[main,5,main])--Exception [EclipseLink-4002] (Eclipse Persistence Services - 2.7.8.v20201217-ecdf3c32c4): org.eclipse.persistence.exceptions.DatabaseException
Internal Exception: java.sql.SQLTransactionRollbackException: A operação &apos;DROP CONSTRAINT&apos; não pôde ser efetuada no objeto &apos;SQL210223141630030&apos;, porque CONSTRAINT &apos;TBPRDCTCTGRASDCTGR&apos; é dependente deste objeto.
Error Code: 30000
Call: DROP TABLE TB_CATEGORY
Query: DataModifyQuery(sql=&quot;DROP TABLE TB_CATEGORY&quot;)
[EL Fine]: sql: 2021-02-23 15:09:54.188--ServerSession(15892131)--Connection(258737099)--Thread(Thread[main,5,main])--DROP TABLE TB_ORDER_ITEM
[EL Fine]: sql: 2021-02-23 15:09:54.189--ServerSession(15892131)--Thread(Thread[main,5,main])--VALUES(1)
[EL Warning]: 2021-02-23 15:09:54.19--ServerSession(15892131)--Thread(Thread[main,5,main])--Exception [EclipseLink-4002] (Eclipse Persistence Services - 2.7.8.v20201217-ecdf3c32c4): org.eclipse.persistence.exceptions.DatabaseException
Internal Exception: java.sql.SQLSyntaxErrorException: &apos;DROP TABLE&apos; não pode ser realizado em &apos;TB_ORDER_ITEM&apos;, porque &apos;TB_ORDER_ITEM&apos; não existe.
Error Code: 30000
Call: DROP TABLE TB_ORDER_ITEM
Query: DataModifyQuery(sql=&quot;DROP TABLE TB_ORDER_ITEM&quot;)
[EL Fine]: sql: 2021-02-23 15:09:54.19--ServerSession(15892131)--Connection(258737099)--Thread(Thread[main,5,main])--DROP TABLE TB_PRODUCT
[EL Fine]: sql: 2021-02-23 15:09:54.196--ServerSession(15892131)--Thread(Thread[main,5,main])--VALUES(1)
[EL Warning]: 2021-02-23 15:09:54.197--ServerSession(15892131)--Thread(Thread[main,5,main])--Exception [EclipseLink-4002] (Eclipse Persistence Services - 2.7.8.v20201217-ecdf3c32c4): org.eclipse.persistence.exceptions.DatabaseException
Internal Exception: java.sql.SQLTransactionRollbackException: A operação &apos;DROP CONSTRAINT&apos; não pôde ser efetuada no objeto &apos;SQL210223141629940&apos;, porque CONSTRAINT &apos;TBPRDCTCTGORIASDTM&apos; é dependente deste objeto.
Error Code: 30000
Call: DROP TABLE TB_PRODUCT
Query: DataModifyQuery(sql=&quot;DROP TABLE TB_PRODUCT&quot;)
[EL Fine]: sql: 2021-02-23 15:09:54.197--ServerSession(15892131)--Connection(258737099)--Thread(Thread[main,5,main])--DROP TABLE TB_CATEGORY
[EL Fine]: sql: 2021-02-23 15:09:54.203--ServerSession(15892131)--Thread(Thread[main,5,main])--VALUES(1)
[EL Warning]: 2021-02-23 15:09:54.204--ServerSession(15892131)--Thread(Thread[main,5,main])--Exception [EclipseLink-4002] (Eclipse Persistence Services - 2.7.8.v20201217-ecdf3c32c4): org.eclipse.persistence.exceptions.DatabaseException
Internal Exception: java.sql.SQLTransactionRollbackException: A operação &apos;DROP CONSTRAINT&apos; não pôde ser efetuada no objeto &apos;SQL210223141630030&apos;, porque CONSTRAINT &apos;TBPRDCTCTGRASDCTGR&apos; é dependente deste objeto.
Error Code: 30000
Call: DROP TABLE TB_CATEGORY
Query: DataModifyQuery(sql=&quot;DROP TABLE TB_CATEGORY&quot;)
[EL Fine]: sql: 2021-02-23 15:09:54.204--ServerSession(15892131)--Connection(258737099)--Thread(Thread[main,5,main])--DROP TABLE TB_ORDER_ITEM
[EL Fine]: sql: 2021-02-23 15:09:54.205--ServerSession(15892131)--Thread(Thread[main,5,main])--VALUES(1)
[EL Warning]: 2021-02-23 15:09:54.206--ServerSession(15892131)--Thread(Thread[main,5,main])--Exception [EclipseLink-4002] (Eclipse Persistence Services - 2.7.8.v20201217-ecdf3c32c4): org.eclipse.persistence.exceptions.DatabaseException
Internal Exception: java.sql.SQLSyntaxErrorException: &apos;DROP TABLE&apos; não pode ser realizado em &apos;TB_ORDER_ITEM&apos;, porque &apos;TB_ORDER_ITEM&apos; não existe.
Error Code: 30000
Call: DROP TABLE TB_ORDER_ITEM
Query: DataModifyQuery(sql=&quot;DROP TABLE TB_ORDER_ITEM&quot;)
[EL Fine]: sql: 2021-02-23 15:09:54.206--ServerSession(15892131)--Connection(258737099)--Thread(Thread[main,5,main])--DROP TABLE TB_PRODUCT
[EL Fine]: sql: 2021-02-23 15:09:54.212--ServerSession(15892131)--Thread(Thread[main,5,main])--VALUES(1)
[EL Warning]: 2021-02-23 15:09:54.213--ServerSession(15892131)--Thread(Thread[main,5,main])--Exception [EclipseLink-4002] (Eclipse Persistence Services - 2.7.8.v20201217-ecdf3c32c4): org.eclipse.persistence.exceptions.DatabaseException
Internal Exception: java.sql.SQLTransactionRollbackException: A operação &apos;DROP CONSTRAINT&apos; não pôde ser efetuada no objeto &apos;SQL210223141629940&apos;, porque CONSTRAINT &apos;TBPRDCTCTGORIASDTM&apos; é dependente deste objeto.
Error Code: 30000
Call: DROP TABLE TB_PRODUCT
Query: DataModifyQuery(sql=&quot;DROP TABLE TB_PRODUCT&quot;)
[EL Fine]: sql: 2021-02-23 15:09:54.213--ServerSession(15892131)--Connection(258737099)--Thread(Thread[main,5,main])--DROP TABLE TB_CATEGORY
[EL Fine]: sql: 2021-02-23 15:09:54.218--ServerSession(15892131)--Thread(Thread[main,5,main])--VALUES(1)
[EL Warning]: 2021-02-23 15:09:54.219--ServerSession(15892131)--Thread(Thread[main,5,main])--Exception [EclipseLink-4002] (Eclipse Persistence Services - 2.7.8.v20201217-ecdf3c32c4): org.eclipse.persistence.exceptions.DatabaseException
Internal Exception: java.sql.SQLTransactionRollbackException: A operação &apos;DROP CONSTRAINT&apos; não pôde ser efetuada no objeto &apos;SQL210223141630030&apos;, porque CONSTRAINT &apos;TBPRDCTCTGRASDCTGR&apos; é dependente deste objeto.
Error Code: 30000
Call: DROP TABLE TB_CATEGORY
Query: DataModifyQuery(sql=&quot;DROP TABLE TB_CATEGORY&quot;)
[EL Config]: metadata: 2021-02-23 15:09:54.219--Thread(Thread[main,5,main])--The default table generator could not locate or convert a java type (null) into a database type for database field (TB_ORDER.ID_CLIENT). The generator uses &quot;java.lang.String&quot; as default java type for the field.
[EL Config]: metadata: 2021-02-23 15:09:54.22--Thread(Thread[main,5,main])--The default table generator could not locate or convert a java type (null) into a database type for database field (TB_USER.ID_USER). The generator uses &quot;java.lang.String&quot; as default java type for the field.
[EL Config]: metadata: 2021-02-23 15:09:54.22--Thread(Thread[main,5,main])--The default table generator could not locate or convert a java type (null) into a database type for database field (TB_CLIENT.ID_USER). The generator uses &quot;java.lang.String&quot; as default java type for the field.
[EL Fine]: sql: 2021-02-23 15:09:54.222--ServerSession(15892131)--Connection(258737099)--Thread(Thread[main,5,main])--CREATE TABLE TB_ORDER (ID_ORDER BIGINT GENERATED BY DEFAULT AS IDENTITY NOT NULL, MOMENT VARCHAR(20) NOT NULL, ORDER_STATUS INTEGER NOT NULL, ID_CLIENT VARCHAR(255), ID_PAYMENT BIGINT, PRIMARY KEY (ID_ORDER))
[EL Fine]: sql: 2021-02-23 15:09:54.385--ServerSession(15892131)--Connection(258737099)--Thread(Thread[main,5,main])--CREATE TABLE TB_PAYMENT (ID_PAYMENT BIGINT GENERATED BY DEFAULT AS IDENTITY NOT NULL, MOMENT VARCHAR(20) NOT NULL, PRIMARY KEY (ID_PAYMENT))
[EL Fine]: sql: 2021-02-23 15:09:54.589--ServerSession(15892131)--Connection(258737099)--Thread(Thread[main,5,main])--CREATE TABLE TB_ORDER_ITEM (ID_ORDER_ITEM BIGINT GENERATED BY DEFAULT AS IDENTITY NOT NULL, PRICE FLOAT NOT NULL, QUANTITY INTEGER NOT NULL, order BIGINT, product BIGINT, PRIMARY KEY (ID_ORDER_ITEM))
[EL Fine]: sql: 2021-02-23 15:09:54.592--ServerSession(15892131)--Thread(Thread[main,5,main])--VALUES(1)
[EL Warning]: 2021-02-23 15:09:54.594--ServerSession(15892131)--Thread(Thread[main,5,main])--Exception [EclipseLink-4002] (Eclipse Persistence Services - 2.7.8.v20201217-ecdf3c32c4): org.eclipse.persistence.exceptions.DatabaseException
Internal Exception: java.sql.SQLSyntaxErrorException: Erro de sintaxe: Encountered &quot;order&quot; at line 1, column 142.
Error Code: 30000
Call: CREATE TABLE TB_ORDER_ITEM (ID_ORDER_ITEM BIGINT GENERATED BY DEFAULT AS IDENTITY NOT NULL, PRICE FLOAT NOT NULL, QUANTITY INTEGER NOT NULL, order BIGINT, product BIGINT, PRIMARY KEY (ID_ORDER_ITEM))
Query: DataModifyQuery(sql=&quot;CREATE TABLE TB_ORDER_ITEM (ID_ORDER_ITEM BIGINT GENERATED BY DEFAULT AS IDENTITY NOT NULL, PRICE FLOAT NOT NULL, QUANTITY INTEGER NOT NULL, order BIGINT, product BIGINT, PRIMARY KEY (ID_ORDER_ITEM))&quot;)
[EL Fine]: sql: 2021-02-23 15:09:54.597--ServerSession(15892131)--Connection(258737099)--Thread(Thread[main,5,main])--CREATE TABLE TB_USER (ID BIGINT GENERATED BY DEFAULT AS IDENTITY NOT NULL, TYPE_USER VARCHAR(1), EMAIL VARCHAR(40) NOT NULL, NAME VARCHAR(150) NOT NULL, PASSWORD VARCHAR(20) NOT NULL, PHONE VARCHAR(20) NOT NULL, ID_USER VARCHAR(255), PRIMARY KEY (ID))
[EL Fine]: sql: 2021-02-23 15:09:54.702--ServerSession(15892131)--Connection(258737099)--Thread(Thread[main,5,main])--CREATE TABLE TB_CLIENT (ID_USER VARCHAR(255) NOT NULL, PRIMARY KEY (ID_USER))
[EL Fine]: sql: 2021-02-23 15:09:54.894--ServerSession(15892131)--Connection(258737099)--Thread(Thread[main,5,main])--CREATE TABLE TB_PRODUCT_CATEGORY (ID_ITEM BIGINT NOT NULL, ID_CATEGORY BIGINT NOT NULL, PRIMARY KEY (ID_ITEM, ID_CATEGORY))
[EL Fine]: sql: 2021-02-23 15:09:55.038--ServerSession(15892131)--Connection(258737099)--Thread(Thread[main,5,main])--ALTER TABLE TB_ORDER ADD CONSTRAINT TB_ORDER_ID_CLIENT FOREIGN KEY (ID_CLIENT) REFERENCES TB_USER (ID_USER)
[EL Fine]: sql: 2021-02-23 15:09:55.212--ServerSession(15892131)--Thread(Thread[main,5,main])--VALUES(1)
[EL Warning]: 2021-02-23 15:09:55.212--ServerSession(15892131)--Thread(Thread[main,5,main])--Exception [EclipseLink-4002] (Eclipse Persistence Services - 2.7.8.v20201217-ecdf3c32c4): org.eclipse.persistence.exceptions.DatabaseException
Internal Exception: java.sql.SQLTransactionRollbackException: A restrição &apos;TB_ORDER_ID_CLIENT&apos; não é válida: não há nenhuma restrição de chave primária ou exclusiva na tabela &apos;&quot;APP&quot;.&quot;TB_USER&quot;&apos; que corresponda ao número e aos tipos de colunas na chave estrangeira.
Error Code: 30000
Call: ALTER TABLE TB_ORDER ADD CONSTRAINT TB_ORDER_ID_CLIENT FOREIGN KEY (ID_CLIENT) REFERENCES TB_USER (ID_USER)
Query: DataModifyQuery(sql=&quot;ALTER TABLE TB_ORDER ADD CONSTRAINT TB_ORDER_ID_CLIENT FOREIGN KEY (ID_CLIENT) REFERENCES TB_USER (ID_USER)&quot;)
[EL Fine]: sql: 2021-02-23 15:09:55.213--ServerSession(15892131)--Connection(258737099)--Thread(Thread[main,5,main])--ALTER TABLE TB_ORDER_ITEM ADD CONSTRAINT TBORDERITEMproduct FOREIGN KEY (product) REFERENCES TB_PRODUCT (ID_PRODUCT)
[EL Fine]: sql: 2021-02-23 15:09:55.214--ServerSession(15892131)--Thread(Thread[main,5,main])--VALUES(1)
[EL Warning]: 2021-02-23 15:09:55.215--ServerSession(15892131)--Thread(Thread[main,5,main])--Exception [EclipseLink-4002] (Eclipse Persistence Services - 2.7.8.v20201217-ecdf3c32c4): org.eclipse.persistence.exceptions.DatabaseException
Internal Exception: java.sql.SQLSyntaxErrorException: &apos;ALTER TABLE&apos; não pode ser realizado em &apos;TB_ORDER_ITEM&apos;, porque &apos;TB_ORDER_ITEM&apos; não existe.
Error Code: 30000
Call: ALTER TABLE TB_ORDER_ITEM ADD CONSTRAINT TBORDERITEMproduct FOREIGN KEY (product) REFERENCES TB_PRODUCT (ID_PRODUCT)
Query: DataModifyQuery(sql=&quot;ALTER TABLE TB_ORDER_ITEM ADD CONSTRAINT TBORDERITEMproduct FOREIGN KEY (product) REFERENCES TB_PRODUCT (ID_PRODUCT)&quot;)
[EL Fine]: sql: 2021-02-23 15:09:55.215--ServerSession(15892131)--Connection(258737099)--Thread(Thread[main,5,main])--ALTER TABLE TB_CLIENT ADD CONSTRAINT TB_CLIENT_ID_USER FOREIGN KEY (ID_USER) REFERENCES TB_USER (ID_USER)
[EL Fine]: sql: 2021-02-23 15:09:55.218--ServerSession(15892131)--Thread(Thread[main,5,main])--VALUES(1)
[EL Warning]: 2021-02-23 15:09:55.219--ServerSession(15892131)--Thread(Thread[main,5,main])--Exception [EclipseLink-4002] (Eclipse Persistence Services - 2.7.8.v20201217-ecdf3c32c4): org.eclipse.persistence.exceptions.DatabaseException
Internal Exception: java.sql.SQLTransactionRollbackException: A restrição &apos;TB_CLIENT_ID_USER&apos; não é válida: não há nenhuma restrição de chave primária ou exclusiva na tabela &apos;&quot;APP&quot;.&quot;TB_USER&quot;&apos; que corresponda ao número e aos tipos de colunas na chave estrangeira.
Error Code: 30000
Call: ALTER TABLE TB_CLIENT ADD CONSTRAINT TB_CLIENT_ID_USER FOREIGN KEY (ID_USER) REFERENCES TB_USER (ID_USER)
Query: DataModifyQuery(sql=&quot;ALTER TABLE TB_CLIENT ADD CONSTRAINT TB_CLIENT_ID_USER FOREIGN KEY (ID_USER) REFERENCES TB_USER (ID_USER)&quot;)
[EL Fine]: sql: 2021-02-23 15:09:55.219--ServerSession(15892131)--Connection(258737099)--Thread(Thread[main,5,main])--ALTER TABLE TB_PRODUCT_CATEGORY ADD CONSTRAINT TBPRDCTCATEGORYDTM FOREIGN KEY (ID_ITEM) REFERENCES TB_PRODUCT (ID_PRODUCT)
[EL Fine]: sql: 2021-02-23 15:09:55.432--ServerSession(15892131)--Thread(Thread[main,5,main])--VALUES(1)
[EL Warning]: 2021-02-23 15:09:55.433--ServerSession(15892131)--Thread(Thread[main,5,main])--Exception [EclipseLink-4002] (Eclipse Persistence Services - 2.7.8.v20201217-ecdf3c32c4): org.eclipse.persistence.exceptions.DatabaseException
Internal Exception: java.sql.SQLTransactionRollbackException: A restrição &apos;TBPRDCTCATEGORYDTM&apos; não é válida: não há nenhuma restrição de chave primária ou exclusiva na tabela &apos;&quot;APP&quot;.&quot;TB_PRODUCT&quot;&apos; que corresponda ao número e aos tipos de colunas na chave estrangeira.
Error Code: 30000
Call: ALTER TABLE TB_PRODUCT_CATEGORY ADD CONSTRAINT TBPRDCTCATEGORYDTM FOREIGN KEY (ID_ITEM) REFERENCES TB_PRODUCT (ID_PRODUCT)
Query: DataModifyQuery(sql=&quot;ALTER TABLE TB_PRODUCT_CATEGORY ADD CONSTRAINT TBPRDCTCATEGORYDTM FOREIGN KEY (ID_ITEM) REFERENCES TB_PRODUCT (ID_PRODUCT)&quot;)
[EL Fine]: connection: 2021-02-23 15:09:55.443--ServerSession(15892131)--Connection(258737099)--Thread(Thread[main,5,main])--disconnect
[EL Fine]: connection: 2021-02-23 15:09:55.443--ServerSession(15892131)--Thread(Thread[main,5,main])--/file:/C:/Users/eletr/Desktop/trabalho_01/target/classes/_trabalho_01 logout successful
[EL Fine]: connection: 2021-02-23 15:09:55.444--ServerSession(15892131)--Connection(1850597787)--Thread(Thread[main,5,main])--disconnect
</system-out>
  </testcase>
  <testcase classname="trabalho.UserTeste" name="trabalho.UserTeste" time="13.766">
    <error message="TB_ORDER_ITEM" type="java.lang.RuntimeException">java.lang.RuntimeException: TB_ORDER_ITEM
	at trabalho.DbUnitUtil.inserirDados(DbUnitUtil.java:43)
	at trabalho.Teste.setUpClass(Teste.java:30)
	at java.base/jdk.internal.reflect.NativeMethodAccessorImpl.invoke0(Native Method)
	at java.base/jdk.internal.reflect.NativeMethodAccessorImpl.invoke(NativeMethodAccessorImpl.java:62)
	at java.base/jdk.internal.reflect.DelegatingMethodAccessorImpl.invoke(DelegatingMethodAccessorImpl.java:43)
	at java.base/java.lang.reflect.Method.invoke(Method.java:566)
	at org.junit.runners.model.FrameworkMethod$1.runReflectiveCall(FrameworkMethod.java:59)
	at org.junit.internal.runners.model.ReflectiveCallable.run(ReflectiveCallable.java:12)
	at org.junit.runners.model.FrameworkMethod.invokeExplosively(FrameworkMethod.java:56)
	at org.junit.internal.runners.statements.RunBefores.invokeMethod(RunBefores.java:33)
	at org.junit.internal.runners.statements.RunBefores.evaluate(RunBefores.java:24)
	at org.junit.internal.runners.statements.RunAfters.evaluate(RunAfters.java:27)
	at org.junit.runners.ParentRunner$3.evaluate(ParentRunner.java:306)
	at org.junit.runners.ParentRunner.run(ParentRunner.java:413)
	at org.junit.runners.Suite.runChild(Suite.java:128)
	at org.junit.runners.Suite.runChild(Suite.java:27)
	at org.junit.runners.ParentRunner$4.run(ParentRunner.java:331)
	at org.junit.runners.ParentRunner$1.schedule(ParentRunner.java:79)
	at org.junit.runners.ParentRunner.runChildren(ParentRunner.java:329)
	at org.junit.runners.ParentRunner.access$100(ParentRunner.java:66)
	at org.junit.runners.ParentRunner$2.evaluate(ParentRunner.java:293)
	at org.junit.runners.ParentRunner$3.evaluate(ParentRunner.java:306)
	at org.junit.runners.ParentRunner.run(ParentRunner.java:413)
	at org.apache.maven.surefire.junit4.JUnit4Provider.execute(JUnit4Provider.java:252)
	at org.apache.maven.surefire.junit4.JUnit4Provider.executeTestSet(JUnit4Provider.java:141)
	at org.apache.maven.surefire.junit4.JUnit4Provider.invoke(JUnit4Provider.java:112)
	at java.base/jdk.internal.reflect.NativeMethodAccessorImpl.invoke0(Native Method)
	at java.base/jdk.internal.reflect.NativeMethodAccessorImpl.invoke(NativeMethodAccessorImpl.java:62)
	at java.base/jdk.internal.reflect.DelegatingMethodAccessorImpl.invoke(DelegatingMethodAccessorImpl.java:43)
	at java.base/java.lang.reflect.Method.invoke(Method.java:566)
	at org.apache.maven.surefire.util.ReflectionUtils.invokeMethodWithArray(ReflectionUtils.java:189)
	at org.apache.maven.surefire.booter.ProviderFactory$ProviderProxy.invoke(ProviderFactory.java:165)
	at org.apache.maven.surefire.booter.ProviderFactory.invokeProvider(ProviderFactory.java:85)
	at org.apache.maven.surefire.booter.ForkedBooter.runSuitesInProcess(ForkedBooter.java:115)
	at org.apache.maven.surefire.booter.ForkedBooter.main(ForkedBooter.java:75)
Caused by: org.dbunit.dataset.NoSuchTableException: TB_ORDER_ITEM
	at org.dbunit.database.DatabaseDataSet.getTableMetaData(DatabaseDataSet.java:305)
	at org.dbunit.operation.DeleteAllOperation.execute(DeleteAllOperation.java:109)
	at org.dbunit.operation.CompositeOperation.execute(CompositeOperation.java:79)
	at trabalho.DbUnitUtil.inserirDados(DbUnitUtil.java:41)
	... 34 more
</error>
    <system-out>[EL Fine]: moxy: 2021-02-23 15:09:55.451--Thread(Thread[main,5,main])--SAXParserFactory instance: com.sun.org.apache.xerces.internal.jaxp.SAXParserFactoryImpl@2ce86164
[EL Fine]: server: 2021-02-23 15:09:55.456--Thread(Thread[main,5,main])--Configured server platform: org.eclipse.persistence.platform.server.NoServerPlatform
[EL Config]: metadata: 2021-02-23 15:09:55.482--ServerSession(1586470445)--Thread(Thread[main,5,main])--The access type for the persistent class [class entities.Order] is set to [FIELD].
[EL Config]: metadata: 2021-02-23 15:09:55.482--ServerSession(1586470445)--Thread(Thread[main,5,main])--The target entity (reference) class for the many to one mapping element [field client] is being defaulted to: class entities.Client.
[EL Config]: metadata: 2021-02-23 15:09:55.482--ServerSession(1586470445)--Thread(Thread[main,5,main])--The target entity (reference) class for the one to one mapping element [field payment] is being defaulted to: class entities.Payment.
[EL Config]: metadata: 2021-02-23 15:09:55.482--ServerSession(1586470445)--Thread(Thread[main,5,main])--The target entity (reference) class for the one to many mapping element [field items] is being defaulted to: class entities.OrderItem.
[EL Config]: metadata: 2021-02-23 15:09:55.483--ServerSession(1586470445)--Thread(Thread[main,5,main])--The access type for the persistent class [class entities.Product] is set to [FIELD].
[EL Config]: metadata: 2021-02-23 15:09:55.483--ServerSession(1586470445)--Thread(Thread[main,5,main])--The target entity (reference) class for the many to many mapping element [field categories] is being defaulted to: class entities.Category.
[EL Config]: metadata: 2021-02-23 15:09:55.483--ServerSession(1586470445)--Thread(Thread[main,5,main])--The target entity (reference) class for the one to many mapping element [field items] is being defaulted to: class entities.OrderItem.
[EL Config]: metadata: 2021-02-23 15:09:55.483--ServerSession(1586470445)--Thread(Thread[main,5,main])--The access type for the persistent class [class entities.Payment] is set to [FIELD].
[EL Config]: metadata: 2021-02-23 15:09:55.483--ServerSession(1586470445)--Thread(Thread[main,5,main])--The target entity (reference) class for the one to one mapping element [field order] is being defaulted to: class entities.Order.
[EL Config]: metadata: 2021-02-23 15:09:55.483--ServerSession(1586470445)--Thread(Thread[main,5,main])--The access type for the persistent class [class entities.Category] is set to [FIELD].
[EL Config]: metadata: 2021-02-23 15:09:55.484--ServerSession(1586470445)--Thread(Thread[main,5,main])--The access type for the persistent class [class entities.OrderItem] is set to [FIELD].
[EL Config]: metadata: 2021-02-23 15:09:55.484--ServerSession(1586470445)--Thread(Thread[main,5,main])--The access type for the persistent class [class entities.Client] is set to [FIELD].
[EL Config]: metadata: 2021-02-23 15:09:55.484--ServerSession(1586470445)--Thread(Thread[main,5,main])--The target entity (reference) class for the one to many mapping element [field orders] is being defaulted to: class entities.Order.
[EL Config]: metadata: 2021-02-23 15:09:55.484--ServerSession(1586470445)--Thread(Thread[main,5,main])--The access type for the persistent class [class entities.pk.OrderItemPK] is set to [FIELD].
[EL Config]: metadata: 2021-02-23 15:09:55.484--ServerSession(1586470445)--Thread(Thread[main,5,main])--The target entity (reference) class for the many to one mapping element [field product] is being defaulted to: class entities.Product.
[EL Config]: metadata: 2021-02-23 15:09:55.484--ServerSession(1586470445)--Thread(Thread[main,5,main])--The target entity (reference) class for the many to one mapping element [field order] is being defaulted to: class entities.Order.
[EL Config]: metadata: 2021-02-23 15:09:55.484--ServerSession(1586470445)--Thread(Thread[main,5,main])--The alias name for the entity class [class entities.User] is being defaulted to: User.
[EL Config]: metadata: 2021-02-23 15:09:55.485--ServerSession(1586470445)--Thread(Thread[main,5,main])--The alias name for the entity class [class entities.Order] is being defaulted to: Order.
[EL Config]: metadata: 2021-02-23 15:09:55.485--ServerSession(1586470445)--Thread(Thread[main,5,main])--The alias name for the entity class [class entities.Product] is being defaulted to: Product.
[EL Config]: metadata: 2021-02-23 15:09:55.486--ServerSession(1586470445)--Thread(Thread[main,5,main])--The alias name for the entity class [class entities.Payment] is being defaulted to: Payment.
[EL Config]: metadata: 2021-02-23 15:09:55.486--ServerSession(1586470445)--Thread(Thread[main,5,main])--The alias name for the entity class [class entities.Category] is being defaulted to: Category.
[EL Config]: metadata: 2021-02-23 15:09:55.486--ServerSession(1586470445)--Thread(Thread[main,5,main])--The alias name for the entity class [class entities.OrderItem] is being defaulted to: OrderItem.
[EL Config]: metadata: 2021-02-23 15:09:55.486--ServerSession(1586470445)--Thread(Thread[main,5,main])--The alias name for the entity class [class entities.Client] is being defaulted to: Client.
[EL Warning]: metadata: 2021-02-23 15:09:55.486--ServerSession(1586470445)--Thread(Thread[main,5,main])--The reference column name [ID_USER] mapped on the element [class entities.Client] does not correspond to a valid id or basic field/column on the mapping reference. Will use referenced column name as provided.
[EL Warning]: metadata: 2021-02-23 15:09:55.487--ServerSession(1586470445)--Thread(Thread[main,5,main])--The reference column name [ID_USER] mapped on the element [field client] does not correspond to a valid id or basic field/column on the mapping reference. Will use referenced column name as provided.
[EL Config]: metadata: 2021-02-23 15:09:55.487--ServerSession(1586470445)--Thread(Thread[main,5,main])--The source primary key column name for the many to many mapping [field categories] is being defaulted to: ID_PRODUCT.
[EL Config]: metadata: 2021-02-23 15:09:55.487--ServerSession(1586470445)--Thread(Thread[main,5,main])--The target primary key column name for the many to many mapping [field categories] is being defaulted to: ID_CATEGORY.
[EL Info]: 2021-02-23 15:09:55.49--ServerSession(1586470445)--Thread(Thread[main,5,main])--EclipseLink, version: Eclipse Persistence Services - 2.7.8.v20201217-ecdf3c32c4
[EL Fine]: connection: 2021-02-23 15:09:55.49--ServerSession(1586470445)--Connection(2044825144)--Thread(Thread[main,5,main])--connecting(DatabaseLogin(
	platform=&gt;DerbyPlatform
	user name=&gt; &quot;app&quot;
	datasource URL=&gt; &quot;jdbc:derby://localhost:1527/trabalho_01;create=true&quot;
))
[EL Config]: connection: 2021-02-23 15:09:55.493--ServerSession(1586470445)--Connection(698747943)--Thread(Thread[main,5,main])--Connected: jdbc:derby://localhost:1527/trabalho_01;create=true
	User: app
	Database: Apache Derby  Version: 10.14.2.0 - (1828579)
	Driver: Apache Derby Network Client JDBC Driver  Version: 10.14.2.0 - (1828579)
[EL Warning]: metadata: 2021-02-23 15:09:55.493--ServerSession(1586470445)--Thread(Thread[main,5,main])--Reverting the lazy setting on the OneToOne or ManyToOne attribute [client] for the entity class [class entities.Order] since weaving was not enabled or did not occur.
[EL Warning]: metadata: 2021-02-23 15:09:55.493--ServerSession(1586470445)--Thread(Thread[main,5,main])--Reverting the lazy setting on the OneToOne or ManyToOne attribute [payment] for the entity class [class entities.Order] since weaving was not enabled or did not occur.
[EL Warning]: metadata: 2021-02-23 15:09:55.494--ServerSession(1586470445)--Thread(Thread[main,5,main])--Reverting the lazy setting on the OneToOne or ManyToOne attribute [order] for the entity class [class entities.Payment] since weaving was not enabled or did not occur.
[EL Warning]: metadata: 2021-02-23 15:09:55.494--ServerSession(1586470445)--Thread(Thread[main,5,main])--Reverting the lazy setting on the OneToOne or ManyToOne attribute [product] for the entity class [class entities.pk.OrderItemPK] since weaving was not enabled or did not occur.
[EL Warning]: metadata: 2021-02-23 15:09:55.495--ServerSession(1586470445)--Thread(Thread[main,5,main])--Reverting the lazy setting on the OneToOne or ManyToOne attribute [order] for the entity class [class entities.pk.OrderItemPK] since weaving was not enabled or did not occur.
[EL Fine]: connection: 2021-02-23 15:09:55.496--ServerSession(1586470445)--Thread(Thread[main,5,main])--/file:/C:/Users/eletr/Desktop/trabalho_01/target/classes/_trabalho_01 login successful
[EL Config]: metadata: 2021-02-23 15:09:55.497--Thread(Thread[main,5,main])--The default table generator could not locate or convert a java type (null) into a database type for database field (TB_ORDER.ID_CLIENT). The generator uses &quot;java.lang.String&quot; as default java type for the field.
[EL Config]: metadata: 2021-02-23 15:09:55.497--Thread(Thread[main,5,main])--The default table generator could not locate or convert a java type (null) into a database type for database field (TB_USER.ID_USER). The generator uses &quot;java.lang.String&quot; as default java type for the field.
[EL Config]: metadata: 2021-02-23 15:09:55.497--Thread(Thread[main,5,main])--The default table generator could not locate or convert a java type (null) into a database type for database field (TB_CLIENT.ID_USER). The generator uses &quot;java.lang.String&quot; as default java type for the field.
[EL Fine]: sql: 2021-02-23 15:09:55.497--ServerSession(1586470445)--Connection(698747943)--Thread(Thread[main,5,main])--ALTER TABLE TB_ORDER DROP CONSTRAINT TB_ORDER_ID_CLIENT
[EL Fine]: sql: 2021-02-23 15:09:55.499--ServerSession(1586470445)--Thread(Thread[main,5,main])--VALUES(1)
[EL Warning]: 2021-02-23 15:09:55.5--ServerSession(1586470445)--Thread(Thread[main,5,main])--Exception [EclipseLink-4002] (Eclipse Persistence Services - 2.7.8.v20201217-ecdf3c32c4): org.eclipse.persistence.exceptions.DatabaseException
Internal Exception: java.sql.SQLSyntaxErrorException: ALTER TABLE falhou. Não existe a restrição &apos;APP.TB_ORDER_ID_CLIENT&apos; na tabela &apos;&quot;APP&quot;.&quot;TB_ORDER&quot;&apos;.
Error Code: 30000
Call: ALTER TABLE TB_ORDER DROP CONSTRAINT TB_ORDER_ID_CLIENT
Query: DataModifyQuery(sql=&quot;ALTER TABLE TB_ORDER DROP CONSTRAINT TB_ORDER_ID_CLIENT&quot;)
[EL Fine]: sql: 2021-02-23 15:09:55.5--ServerSession(1586470445)--Connection(698747943)--Thread(Thread[main,5,main])--ALTER TABLE TB_ORDER DROP CONSTRAINT TB_ORDERID_PAYMENT
[EL Fine]: sql: 2021-02-23 15:09:55.501--ServerSession(1586470445)--Thread(Thread[main,5,main])--VALUES(1)
[EL Warning]: 2021-02-23 15:09:55.501--ServerSession(1586470445)--Thread(Thread[main,5,main])--Exception [EclipseLink-4002] (Eclipse Persistence Services - 2.7.8.v20201217-ecdf3c32c4): org.eclipse.persistence.exceptions.DatabaseException
Internal Exception: java.sql.SQLSyntaxErrorException: ALTER TABLE falhou. Não existe a restrição &apos;APP.TB_ORDERID_PAYMENT&apos; na tabela &apos;&quot;APP&quot;.&quot;TB_ORDER&quot;&apos;.
Error Code: 30000
Call: ALTER TABLE TB_ORDER DROP CONSTRAINT TB_ORDERID_PAYMENT
Query: DataModifyQuery(sql=&quot;ALTER TABLE TB_ORDER DROP CONSTRAINT TB_ORDERID_PAYMENT&quot;)
[EL Fine]: sql: 2021-02-23 15:09:55.502--ServerSession(1586470445)--Connection(698747943)--Thread(Thread[main,5,main])--ALTER TABLE TB_ORDER_ITEM DROP CONSTRAINT TBORDERITEMproduct
[EL Fine]: sql: 2021-02-23 15:09:55.502--ServerSession(1586470445)--Thread(Thread[main,5,main])--VALUES(1)
[EL Warning]: 2021-02-23 15:09:55.503--ServerSession(1586470445)--Thread(Thread[main,5,main])--Exception [EclipseLink-4002] (Eclipse Persistence Services - 2.7.8.v20201217-ecdf3c32c4): org.eclipse.persistence.exceptions.DatabaseException
Internal Exception: java.sql.SQLSyntaxErrorException: &apos;ALTER TABLE&apos; não pode ser realizado em &apos;TB_ORDER_ITEM&apos;, porque &apos;TB_ORDER_ITEM&apos; não existe.
Error Code: 30000
Call: ALTER TABLE TB_ORDER_ITEM DROP CONSTRAINT TBORDERITEMproduct
Query: DataModifyQuery(sql=&quot;ALTER TABLE TB_ORDER_ITEM DROP CONSTRAINT TBORDERITEMproduct&quot;)
[EL Fine]: sql: 2021-02-23 15:09:55.503--ServerSession(1586470445)--Connection(698747943)--Thread(Thread[main,5,main])--ALTER TABLE TB_ORDER_ITEM DROP CONSTRAINT TB_ORDER_ITEMorder
[EL Fine]: sql: 2021-02-23 15:09:55.504--ServerSession(1586470445)--Thread(Thread[main,5,main])--VALUES(1)
[EL Warning]: 2021-02-23 15:09:55.505--ServerSession(1586470445)--Thread(Thread[main,5,main])--Exception [EclipseLink-4002] (Eclipse Persistence Services - 2.7.8.v20201217-ecdf3c32c4): org.eclipse.persistence.exceptions.DatabaseException
Internal Exception: java.sql.SQLSyntaxErrorException: &apos;ALTER TABLE&apos; não pode ser realizado em &apos;TB_ORDER_ITEM&apos;, porque &apos;TB_ORDER_ITEM&apos; não existe.
Error Code: 30000
Call: ALTER TABLE TB_ORDER_ITEM DROP CONSTRAINT TB_ORDER_ITEMorder
Query: DataModifyQuery(sql=&quot;ALTER TABLE TB_ORDER_ITEM DROP CONSTRAINT TB_ORDER_ITEMorder&quot;)
[EL Fine]: sql: 2021-02-23 15:09:55.505--ServerSession(1586470445)--Connection(698747943)--Thread(Thread[main,5,main])--ALTER TABLE TB_CLIENT DROP CONSTRAINT TB_CLIENT_ID_USER
[EL Fine]: sql: 2021-02-23 15:09:55.507--ServerSession(1586470445)--Thread(Thread[main,5,main])--VALUES(1)
[EL Warning]: 2021-02-23 15:09:55.507--ServerSession(1586470445)--Thread(Thread[main,5,main])--Exception [EclipseLink-4002] (Eclipse Persistence Services - 2.7.8.v20201217-ecdf3c32c4): org.eclipse.persistence.exceptions.DatabaseException
Internal Exception: java.sql.SQLSyntaxErrorException: ALTER TABLE falhou. Não existe a restrição &apos;APP.TB_CLIENT_ID_USER&apos; na tabela &apos;&quot;APP&quot;.&quot;TB_CLIENT&quot;&apos;.
Error Code: 30000
Call: ALTER TABLE TB_CLIENT DROP CONSTRAINT TB_CLIENT_ID_USER
Query: DataModifyQuery(sql=&quot;ALTER TABLE TB_CLIENT DROP CONSTRAINT TB_CLIENT_ID_USER&quot;)
[EL Fine]: sql: 2021-02-23 15:09:55.507--ServerSession(1586470445)--Connection(698747943)--Thread(Thread[main,5,main])--ALTER TABLE TB_PRODUCT_CATEGORY DROP CONSTRAINT TBPRDCTCATEGORYDTM
[EL Fine]: sql: 2021-02-23 15:09:55.509--ServerSession(1586470445)--Thread(Thread[main,5,main])--VALUES(1)
[EL Warning]: 2021-02-23 15:09:55.509--ServerSession(1586470445)--Thread(Thread[main,5,main])--Exception [EclipseLink-4002] (Eclipse Persistence Services - 2.7.8.v20201217-ecdf3c32c4): org.eclipse.persistence.exceptions.DatabaseException
Internal Exception: java.sql.SQLSyntaxErrorException: ALTER TABLE falhou. Não existe a restrição &apos;APP.TBPRDCTCATEGORYDTM&apos; na tabela &apos;&quot;APP&quot;.&quot;TB_PRODUCT_CATEGORY&quot;&apos;.
Error Code: 30000
Call: ALTER TABLE TB_PRODUCT_CATEGORY DROP CONSTRAINT TBPRDCTCATEGORYDTM
Query: DataModifyQuery(sql=&quot;ALTER TABLE TB_PRODUCT_CATEGORY DROP CONSTRAINT TBPRDCTCATEGORYDTM&quot;)
[EL Fine]: sql: 2021-02-23 15:09:55.509--ServerSession(1586470445)--Connection(698747943)--Thread(Thread[main,5,main])--ALTER TABLE TB_PRODUCT_CATEGORY DROP CONSTRAINT TBPRDCTCTGRYDCTGRY
[EL Fine]: sql: 2021-02-23 15:09:55.512--ServerSession(1586470445)--Thread(Thread[main,5,main])--VALUES(1)
[EL Warning]: 2021-02-23 15:09:55.512--ServerSession(1586470445)--Thread(Thread[main,5,main])--Exception [EclipseLink-4002] (Eclipse Persistence Services - 2.7.8.v20201217-ecdf3c32c4): org.eclipse.persistence.exceptions.DatabaseException
Internal Exception: java.sql.SQLSyntaxErrorException: ALTER TABLE falhou. Não existe a restrição &apos;APP.TBPRDCTCTGRYDCTGRY&apos; na tabela &apos;&quot;APP&quot;.&quot;TB_PRODUCT_CATEGORY&quot;&apos;.
Error Code: 30000
Call: ALTER TABLE TB_PRODUCT_CATEGORY DROP CONSTRAINT TBPRDCTCTGRYDCTGRY
Query: DataModifyQuery(sql=&quot;ALTER TABLE TB_PRODUCT_CATEGORY DROP CONSTRAINT TBPRDCTCTGRYDCTGRY&quot;)
[EL Fine]: sql: 2021-02-23 15:09:55.513--ServerSession(1586470445)--Connection(698747943)--Thread(Thread[main,5,main])--DROP TABLE TB_ORDER
[EL Fine]: sql: 2021-02-23 15:09:55.631--ServerSession(1586470445)--Connection(698747943)--Thread(Thread[main,5,main])--DROP TABLE TB_PAYMENT
[EL Fine]: sql: 2021-02-23 15:09:55.726--ServerSession(1586470445)--Connection(698747943)--Thread(Thread[main,5,main])--DROP TABLE TB_ORDER_ITEM
[EL Fine]: sql: 2021-02-23 15:09:55.728--ServerSession(1586470445)--Thread(Thread[main,5,main])--VALUES(1)
[EL Warning]: 2021-02-23 15:09:55.729--ServerSession(1586470445)--Thread(Thread[main,5,main])--Exception [EclipseLink-4002] (Eclipse Persistence Services - 2.7.8.v20201217-ecdf3c32c4): org.eclipse.persistence.exceptions.DatabaseException
Internal Exception: java.sql.SQLSyntaxErrorException: &apos;DROP TABLE&apos; não pode ser realizado em &apos;TB_ORDER_ITEM&apos;, porque &apos;TB_ORDER_ITEM&apos; não existe.
Error Code: 30000
Call: DROP TABLE TB_ORDER_ITEM
Query: DataModifyQuery(sql=&quot;DROP TABLE TB_ORDER_ITEM&quot;)
[EL Fine]: sql: 2021-02-23 15:09:55.729--ServerSession(1586470445)--Connection(698747943)--Thread(Thread[main,5,main])--DROP TABLE TB_USER
[EL Fine]: sql: 2021-02-23 15:09:55.847--ServerSession(1586470445)--Connection(698747943)--Thread(Thread[main,5,main])--DROP TABLE TB_CLIENT
[EL Fine]: sql: 2021-02-23 15:09:55.943--ServerSession(1586470445)--Connection(698747943)--Thread(Thread[main,5,main])--DROP TABLE TB_PRODUCT
[EL Fine]: sql: 2021-02-23 15:09:55.949--ServerSession(1586470445)--Thread(Thread[main,5,main])--VALUES(1)
[EL Warning]: 2021-02-23 15:09:55.95--ServerSession(1586470445)--Thread(Thread[main,5,main])--Exception [EclipseLink-4002] (Eclipse Persistence Services - 2.7.8.v20201217-ecdf3c32c4): org.eclipse.persistence.exceptions.DatabaseException
Internal Exception: java.sql.SQLTransactionRollbackException: A operação &apos;DROP CONSTRAINT&apos; não pôde ser efetuada no objeto &apos;SQL210223141629940&apos;, porque CONSTRAINT &apos;TBPRDCTCTGORIASDTM&apos; é dependente deste objeto.
Error Code: 30000
Call: DROP TABLE TB_PRODUCT
Query: DataModifyQuery(sql=&quot;DROP TABLE TB_PRODUCT&quot;)
[EL Fine]: sql: 2021-02-23 15:09:55.95--ServerSession(1586470445)--Connection(698747943)--Thread(Thread[main,5,main])--DROP TABLE TB_CATEGORY
[EL Fine]: sql: 2021-02-23 15:09:55.955--ServerSession(1586470445)--Thread(Thread[main,5,main])--VALUES(1)
[EL Warning]: 2021-02-23 15:09:55.956--ServerSession(1586470445)--Thread(Thread[main,5,main])--Exception [EclipseLink-4002] (Eclipse Persistence Services - 2.7.8.v20201217-ecdf3c32c4): org.eclipse.persistence.exceptions.DatabaseException
Internal Exception: java.sql.SQLTransactionRollbackException: A operação &apos;DROP CONSTRAINT&apos; não pôde ser efetuada no objeto &apos;SQL210223141630030&apos;, porque CONSTRAINT &apos;TBPRDCTCTGRASDCTGR&apos; é dependente deste objeto.
Error Code: 30000
Call: DROP TABLE TB_CATEGORY
Query: DataModifyQuery(sql=&quot;DROP TABLE TB_CATEGORY&quot;)
[EL Fine]: sql: 2021-02-23 15:09:55.956--ServerSession(1586470445)--Connection(698747943)--Thread(Thread[main,5,main])--DROP TABLE TB_PRODUCT_CATEGORY
[EL Fine]: sql: 2021-02-23 15:09:56.044--ServerSession(1586470445)--Connection(698747943)--Thread(Thread[main,5,main])--DROP TABLE TB_ORDER_ITEM
[EL Fine]: sql: 2021-02-23 15:09:56.044--ServerSession(1586470445)--Thread(Thread[main,5,main])--VALUES(1)
[EL Warning]: 2021-02-23 15:09:56.044--ServerSession(1586470445)--Thread(Thread[main,5,main])--Exception [EclipseLink-4002] (Eclipse Persistence Services - 2.7.8.v20201217-ecdf3c32c4): org.eclipse.persistence.exceptions.DatabaseException
Internal Exception: java.sql.SQLSyntaxErrorException: &apos;DROP TABLE&apos; não pode ser realizado em &apos;TB_ORDER_ITEM&apos;, porque &apos;TB_ORDER_ITEM&apos; não existe.
Error Code: 30000
Call: DROP TABLE TB_ORDER_ITEM
Query: DataModifyQuery(sql=&quot;DROP TABLE TB_ORDER_ITEM&quot;)
[EL Fine]: sql: 2021-02-23 15:09:56.044--ServerSession(1586470445)--Connection(698747943)--Thread(Thread[main,5,main])--DROP TABLE TB_PRODUCT
[EL Fine]: sql: 2021-02-23 15:09:56.084--ServerSession(1586470445)--Thread(Thread[main,5,main])--VALUES(1)
[EL Warning]: 2021-02-23 15:09:56.085--ServerSession(1586470445)--Thread(Thread[main,5,main])--Exception [EclipseLink-4002] (Eclipse Persistence Services - 2.7.8.v20201217-ecdf3c32c4): org.eclipse.persistence.exceptions.DatabaseException
Internal Exception: java.sql.SQLTransactionRollbackException: A operação &apos;DROP CONSTRAINT&apos; não pôde ser efetuada no objeto &apos;SQL210223141629940&apos;, porque CONSTRAINT &apos;TBPRDCTCTGORIASDTM&apos; é dependente deste objeto.
Error Code: 30000
Call: DROP TABLE TB_PRODUCT
Query: DataModifyQuery(sql=&quot;DROP TABLE TB_PRODUCT&quot;)
[EL Fine]: sql: 2021-02-23 15:09:56.085--ServerSession(1586470445)--Connection(698747943)--Thread(Thread[main,5,main])--DROP TABLE TB_CATEGORY
[EL Fine]: sql: 2021-02-23 15:09:56.09--ServerSession(1586470445)--Thread(Thread[main,5,main])--VALUES(1)
[EL Warning]: 2021-02-23 15:09:56.091--ServerSession(1586470445)--Thread(Thread[main,5,main])--Exception [EclipseLink-4002] (Eclipse Persistence Services - 2.7.8.v20201217-ecdf3c32c4): org.eclipse.persistence.exceptions.DatabaseException
Internal Exception: java.sql.SQLTransactionRollbackException: A operação &apos;DROP CONSTRAINT&apos; não pôde ser efetuada no objeto &apos;SQL210223141630030&apos;, porque CONSTRAINT &apos;TBPRDCTCTGRASDCTGR&apos; é dependente deste objeto.
Error Code: 30000
Call: DROP TABLE TB_CATEGORY
Query: DataModifyQuery(sql=&quot;DROP TABLE TB_CATEGORY&quot;)
[EL Fine]: sql: 2021-02-23 15:09:56.091--ServerSession(1586470445)--Connection(698747943)--Thread(Thread[main,5,main])--DROP TABLE TB_ORDER_ITEM
[EL Fine]: sql: 2021-02-23 15:09:56.092--ServerSession(1586470445)--Thread(Thread[main,5,main])--VALUES(1)
[EL Warning]: 2021-02-23 15:09:56.093--ServerSession(1586470445)--Thread(Thread[main,5,main])--Exception [EclipseLink-4002] (Eclipse Persistence Services - 2.7.8.v20201217-ecdf3c32c4): org.eclipse.persistence.exceptions.DatabaseException
Internal Exception: java.sql.SQLSyntaxErrorException: &apos;DROP TABLE&apos; não pode ser realizado em &apos;TB_ORDER_ITEM&apos;, porque &apos;TB_ORDER_ITEM&apos; não existe.
Error Code: 30000
Call: DROP TABLE TB_ORDER_ITEM
Query: DataModifyQuery(sql=&quot;DROP TABLE TB_ORDER_ITEM&quot;)
[EL Fine]: sql: 2021-02-23 15:09:56.093--ServerSession(1586470445)--Connection(698747943)--Thread(Thread[main,5,main])--DROP TABLE TB_PRODUCT
[EL Fine]: sql: 2021-02-23 15:09:56.099--ServerSession(1586470445)--Thread(Thread[main,5,main])--VALUES(1)
[EL Warning]: 2021-02-23 15:09:56.1--ServerSession(1586470445)--Thread(Thread[main,5,main])--Exception [EclipseLink-4002] (Eclipse Persistence Services - 2.7.8.v20201217-ecdf3c32c4): org.eclipse.persistence.exceptions.DatabaseException
Internal Exception: java.sql.SQLTransactionRollbackException: A operação &apos;DROP CONSTRAINT&apos; não pôde ser efetuada no objeto &apos;SQL210223141629940&apos;, porque CONSTRAINT &apos;TBPRDCTCTGORIASDTM&apos; é dependente deste objeto.
Error Code: 30000
Call: DROP TABLE TB_PRODUCT
Query: DataModifyQuery(sql=&quot;DROP TABLE TB_PRODUCT&quot;)
[EL Fine]: sql: 2021-02-23 15:09:56.1--ServerSession(1586470445)--Connection(698747943)--Thread(Thread[main,5,main])--DROP TABLE TB_CATEGORY
[EL Fine]: sql: 2021-02-23 15:09:56.15--ServerSession(1586470445)--Thread(Thread[main,5,main])--VALUES(1)
[EL Warning]: 2021-02-23 15:09:56.15--ServerSession(1586470445)--Thread(Thread[main,5,main])--Exception [EclipseLink-4002] (Eclipse Persistence Services - 2.7.8.v20201217-ecdf3c32c4): org.eclipse.persistence.exceptions.DatabaseException
Internal Exception: java.sql.SQLTransactionRollbackException: A operação &apos;DROP CONSTRAINT&apos; não pôde ser efetuada no objeto &apos;SQL210223141630030&apos;, porque CONSTRAINT &apos;TBPRDCTCTGRASDCTGR&apos; é dependente deste objeto.
Error Code: 30000
Call: DROP TABLE TB_CATEGORY
Query: DataModifyQuery(sql=&quot;DROP TABLE TB_CATEGORY&quot;)
[EL Fine]: sql: 2021-02-23 15:09:56.151--ServerSession(1586470445)--Connection(698747943)--Thread(Thread[main,5,main])--DROP TABLE TB_ORDER_ITEM
[EL Fine]: sql: 2021-02-23 15:09:56.152--ServerSession(1586470445)--Thread(Thread[main,5,main])--VALUES(1)
[EL Warning]: 2021-02-23 15:09:56.152--ServerSession(1586470445)--Thread(Thread[main,5,main])--Exception [EclipseLink-4002] (Eclipse Persistence Services - 2.7.8.v20201217-ecdf3c32c4): org.eclipse.persistence.exceptions.DatabaseException
Internal Exception: java.sql.SQLSyntaxErrorException: &apos;DROP TABLE&apos; não pode ser realizado em &apos;TB_ORDER_ITEM&apos;, porque &apos;TB_ORDER_ITEM&apos; não existe.
Error Code: 30000
Call: DROP TABLE TB_ORDER_ITEM
Query: DataModifyQuery(sql=&quot;DROP TABLE TB_ORDER_ITEM&quot;)
[EL Fine]: sql: 2021-02-23 15:09:56.152--ServerSession(1586470445)--Connection(698747943)--Thread(Thread[main,5,main])--DROP TABLE TB_PRODUCT
[EL Fine]: sql: 2021-02-23 15:09:56.158--ServerSession(1586470445)--Thread(Thread[main,5,main])--VALUES(1)
[EL Warning]: 2021-02-23 15:09:56.158--ServerSession(1586470445)--Thread(Thread[main,5,main])--Exception [EclipseLink-4002] (Eclipse Persistence Services - 2.7.8.v20201217-ecdf3c32c4): org.eclipse.persistence.exceptions.DatabaseException
Internal Exception: java.sql.SQLTransactionRollbackException: A operação &apos;DROP CONSTRAINT&apos; não pôde ser efetuada no objeto &apos;SQL210223141629940&apos;, porque CONSTRAINT &apos;TBPRDCTCTGORIASDTM&apos; é dependente deste objeto.
Error Code: 30000
Call: DROP TABLE TB_PRODUCT
Query: DataModifyQuery(sql=&quot;DROP TABLE TB_PRODUCT&quot;)
[EL Fine]: sql: 2021-02-23 15:09:56.158--ServerSession(1586470445)--Connection(698747943)--Thread(Thread[main,5,main])--DROP TABLE TB_CATEGORY
[EL Fine]: sql: 2021-02-23 15:09:56.164--ServerSession(1586470445)--Thread(Thread[main,5,main])--VALUES(1)
[EL Warning]: 2021-02-23 15:09:56.165--ServerSession(1586470445)--Thread(Thread[main,5,main])--Exception [EclipseLink-4002] (Eclipse Persistence Services - 2.7.8.v20201217-ecdf3c32c4): org.eclipse.persistence.exceptions.DatabaseException
Internal Exception: java.sql.SQLTransactionRollbackException: A operação &apos;DROP CONSTRAINT&apos; não pôde ser efetuada no objeto &apos;SQL210223141630030&apos;, porque CONSTRAINT &apos;TBPRDCTCTGRASDCTGR&apos; é dependente deste objeto.
Error Code: 30000
Call: DROP TABLE TB_CATEGORY
Query: DataModifyQuery(sql=&quot;DROP TABLE TB_CATEGORY&quot;)
[EL Fine]: sql: 2021-02-23 15:09:56.165--ServerSession(1586470445)--Connection(698747943)--Thread(Thread[main,5,main])--DROP TABLE TB_ORDER_ITEM
[EL Fine]: sql: 2021-02-23 15:09:56.166--ServerSession(1586470445)--Thread(Thread[main,5,main])--VALUES(1)
[EL Warning]: 2021-02-23 15:09:56.167--ServerSession(1586470445)--Thread(Thread[main,5,main])--Exception [EclipseLink-4002] (Eclipse Persistence Services - 2.7.8.v20201217-ecdf3c32c4): org.eclipse.persistence.exceptions.DatabaseException
Internal Exception: java.sql.SQLSyntaxErrorException: &apos;DROP TABLE&apos; não pode ser realizado em &apos;TB_ORDER_ITEM&apos;, porque &apos;TB_ORDER_ITEM&apos; não existe.
Error Code: 30000
Call: DROP TABLE TB_ORDER_ITEM
Query: DataModifyQuery(sql=&quot;DROP TABLE TB_ORDER_ITEM&quot;)
[EL Fine]: sql: 2021-02-23 15:09:56.167--ServerSession(1586470445)--Connection(698747943)--Thread(Thread[main,5,main])--DROP TABLE TB_PRODUCT
[EL Fine]: sql: 2021-02-23 15:09:56.173--ServerSession(1586470445)--Thread(Thread[main,5,main])--VALUES(1)
[EL Warning]: 2021-02-23 15:09:56.173--ServerSession(1586470445)--Thread(Thread[main,5,main])--Exception [EclipseLink-4002] (Eclipse Persistence Services - 2.7.8.v20201217-ecdf3c32c4): org.eclipse.persistence.exceptions.DatabaseException
Internal Exception: java.sql.SQLTransactionRollbackException: A operação &apos;DROP CONSTRAINT&apos; não pôde ser efetuada no objeto &apos;SQL210223141629940&apos;, porque CONSTRAINT &apos;TBPRDCTCTGORIASDTM&apos; é dependente deste objeto.
Error Code: 30000
Call: DROP TABLE TB_PRODUCT
Query: DataModifyQuery(sql=&quot;DROP TABLE TB_PRODUCT&quot;)
[EL Fine]: sql: 2021-02-23 15:09:56.174--ServerSession(1586470445)--Connection(698747943)--Thread(Thread[main,5,main])--DROP TABLE TB_CATEGORY
[EL Fine]: sql: 2021-02-23 15:09:56.179--ServerSession(1586470445)--Thread(Thread[main,5,main])--VALUES(1)
[EL Warning]: 2021-02-23 15:09:56.18--ServerSession(1586470445)--Thread(Thread[main,5,main])--Exception [EclipseLink-4002] (Eclipse Persistence Services - 2.7.8.v20201217-ecdf3c32c4): org.eclipse.persistence.exceptions.DatabaseException
Internal Exception: java.sql.SQLTransactionRollbackException: A operação &apos;DROP CONSTRAINT&apos; não pôde ser efetuada no objeto &apos;SQL210223141630030&apos;, porque CONSTRAINT &apos;TBPRDCTCTGRASDCTGR&apos; é dependente deste objeto.
Error Code: 30000
Call: DROP TABLE TB_CATEGORY
Query: DataModifyQuery(sql=&quot;DROP TABLE TB_CATEGORY&quot;)
[EL Config]: metadata: 2021-02-23 15:09:56.18--Thread(Thread[main,5,main])--The default table generator could not locate or convert a java type (null) into a database type for database field (TB_ORDER.ID_CLIENT). The generator uses &quot;java.lang.String&quot; as default java type for the field.
[EL Config]: metadata: 2021-02-23 15:09:56.18--Thread(Thread[main,5,main])--The default table generator could not locate or convert a java type (null) into a database type for database field (TB_USER.ID_USER). The generator uses &quot;java.lang.String&quot; as default java type for the field.
[EL Config]: metadata: 2021-02-23 15:09:56.18--Thread(Thread[main,5,main])--The default table generator could not locate or convert a java type (null) into a database type for database field (TB_CLIENT.ID_USER). The generator uses &quot;java.lang.String&quot; as default java type for the field.
[EL Fine]: sql: 2021-02-23 15:09:56.183--ServerSession(1586470445)--Connection(698747943)--Thread(Thread[main,5,main])--CREATE TABLE TB_ORDER (ID_ORDER BIGINT GENERATED BY DEFAULT AS IDENTITY NOT NULL, MOMENT VARCHAR(20) NOT NULL, ORDER_STATUS INTEGER NOT NULL, ID_CLIENT VARCHAR(255), ID_PAYMENT BIGINT, PRIMARY KEY (ID_ORDER))
[EL Fine]: sql: 2021-02-23 15:09:56.344--ServerSession(1586470445)--Connection(698747943)--Thread(Thread[main,5,main])--CREATE TABLE TB_PAYMENT (ID_PAYMENT BIGINT GENERATED BY DEFAULT AS IDENTITY NOT NULL, MOMENT VARCHAR(20) NOT NULL, PRIMARY KEY (ID_PAYMENT))
[EL Fine]: sql: 2021-02-23 15:09:56.682--ServerSession(1586470445)--Connection(698747943)--Thread(Thread[main,5,main])--CREATE TABLE TB_ORDER_ITEM (ID_ORDER_ITEM BIGINT GENERATED BY DEFAULT AS IDENTITY NOT NULL, PRICE FLOAT NOT NULL, QUANTITY INTEGER NOT NULL, order BIGINT, product BIGINT, PRIMARY KEY (ID_ORDER_ITEM))
[EL Fine]: sql: 2021-02-23 15:09:56.684--ServerSession(1586470445)--Thread(Thread[main,5,main])--VALUES(1)
[EL Warning]: 2021-02-23 15:09:56.685--ServerSession(1586470445)--Thread(Thread[main,5,main])--Exception [EclipseLink-4002] (Eclipse Persistence Services - 2.7.8.v20201217-ecdf3c32c4): org.eclipse.persistence.exceptions.DatabaseException
Internal Exception: java.sql.SQLSyntaxErrorException: Erro de sintaxe: Encountered &quot;order&quot; at line 1, column 142.
Error Code: 30000
Call: CREATE TABLE TB_ORDER_ITEM (ID_ORDER_ITEM BIGINT GENERATED BY DEFAULT AS IDENTITY NOT NULL, PRICE FLOAT NOT NULL, QUANTITY INTEGER NOT NULL, order BIGINT, product BIGINT, PRIMARY KEY (ID_ORDER_ITEM))
Query: DataModifyQuery(sql=&quot;CREATE TABLE TB_ORDER_ITEM (ID_ORDER_ITEM BIGINT GENERATED BY DEFAULT AS IDENTITY NOT NULL, PRICE FLOAT NOT NULL, QUANTITY INTEGER NOT NULL, order BIGINT, product BIGINT, PRIMARY KEY (ID_ORDER_ITEM))&quot;)
[EL Fine]: sql: 2021-02-23 15:09:56.687--ServerSession(1586470445)--Connection(698747943)--Thread(Thread[main,5,main])--CREATE TABLE TB_USER (ID BIGINT GENERATED BY DEFAULT AS IDENTITY NOT NULL, TYPE_USER VARCHAR(1), EMAIL VARCHAR(40) NOT NULL, NAME VARCHAR(150) NOT NULL, PASSWORD VARCHAR(20) NOT NULL, PHONE VARCHAR(20) NOT NULL, ID_USER VARCHAR(255), PRIMARY KEY (ID))
[EL Fine]: sql: 2021-02-23 15:09:56.866--ServerSession(1586470445)--Connection(698747943)--Thread(Thread[main,5,main])--CREATE TABLE TB_CLIENT (ID_USER VARCHAR(255) NOT NULL, PRIMARY KEY (ID_USER))
[EL Fine]: sql: 2021-02-23 15:09:57.057--ServerSession(1586470445)--Connection(698747943)--Thread(Thread[main,5,main])--CREATE TABLE TB_PRODUCT_CATEGORY (ID_ITEM BIGINT NOT NULL, ID_CATEGORY BIGINT NOT NULL, PRIMARY KEY (ID_ITEM, ID_CATEGORY))
[EL Fine]: sql: 2021-02-23 15:09:57.473--ServerSession(1586470445)--Connection(698747943)--Thread(Thread[main,5,main])--ALTER TABLE TB_ORDER ADD CONSTRAINT TB_ORDER_ID_CLIENT FOREIGN KEY (ID_CLIENT) REFERENCES TB_USER (ID_USER)
[EL Fine]: sql: 2021-02-23 15:09:57.686--ServerSession(1586470445)--Thread(Thread[main,5,main])--VALUES(1)
[EL Warning]: 2021-02-23 15:09:57.687--ServerSession(1586470445)--Thread(Thread[main,5,main])--Exception [EclipseLink-4002] (Eclipse Persistence Services - 2.7.8.v20201217-ecdf3c32c4): org.eclipse.persistence.exceptions.DatabaseException
Internal Exception: java.sql.SQLTransactionRollbackException: A restrição &apos;TB_ORDER_ID_CLIENT&apos; não é válida: não há nenhuma restrição de chave primária ou exclusiva na tabela &apos;&quot;APP&quot;.&quot;TB_USER&quot;&apos; que corresponda ao número e aos tipos de colunas na chave estrangeira.
Error Code: 30000
Call: ALTER TABLE TB_ORDER ADD CONSTRAINT TB_ORDER_ID_CLIENT FOREIGN KEY (ID_CLIENT) REFERENCES TB_USER (ID_USER)
Query: DataModifyQuery(sql=&quot;ALTER TABLE TB_ORDER ADD CONSTRAINT TB_ORDER_ID_CLIENT FOREIGN KEY (ID_CLIENT) REFERENCES TB_USER (ID_USER)&quot;)
[EL Fine]: sql: 2021-02-23 15:09:57.688--ServerSession(1586470445)--Connection(698747943)--Thread(Thread[main,5,main])--ALTER TABLE TB_ORDER_ITEM ADD CONSTRAINT TBORDERITEMproduct FOREIGN KEY (product) REFERENCES TB_PRODUCT (ID_PRODUCT)
[EL Fine]: sql: 2021-02-23 15:09:57.689--ServerSession(1586470445)--Thread(Thread[main,5,main])--VALUES(1)
[EL Warning]: 2021-02-23 15:09:57.69--ServerSession(1586470445)--Thread(Thread[main,5,main])--Exception [EclipseLink-4002] (Eclipse Persistence Services - 2.7.8.v20201217-ecdf3c32c4): org.eclipse.persistence.exceptions.DatabaseException
Internal Exception: java.sql.SQLSyntaxErrorException: &apos;ALTER TABLE&apos; não pode ser realizado em &apos;TB_ORDER_ITEM&apos;, porque &apos;TB_ORDER_ITEM&apos; não existe.
Error Code: 30000
Call: ALTER TABLE TB_ORDER_ITEM ADD CONSTRAINT TBORDERITEMproduct FOREIGN KEY (product) REFERENCES TB_PRODUCT (ID_PRODUCT)
Query: DataModifyQuery(sql=&quot;ALTER TABLE TB_ORDER_ITEM ADD CONSTRAINT TBORDERITEMproduct FOREIGN KEY (product) REFERENCES TB_PRODUCT (ID_PRODUCT)&quot;)
[EL Fine]: sql: 2021-02-23 15:09:57.69--ServerSession(1586470445)--Connection(698747943)--Thread(Thread[main,5,main])--ALTER TABLE TB_CLIENT ADD CONSTRAINT TB_CLIENT_ID_USER FOREIGN KEY (ID_USER) REFERENCES TB_USER (ID_USER)
[EL Fine]: sql: 2021-02-23 15:09:57.694--ServerSession(1586470445)--Thread(Thread[main,5,main])--VALUES(1)
[EL Warning]: 2021-02-23 15:09:57.695--ServerSession(1586470445)--Thread(Thread[main,5,main])--Exception [EclipseLink-4002] (Eclipse Persistence Services - 2.7.8.v20201217-ecdf3c32c4): org.eclipse.persistence.exceptions.DatabaseException
Internal Exception: java.sql.SQLTransactionRollbackException: A restrição &apos;TB_CLIENT_ID_USER&apos; não é válida: não há nenhuma restrição de chave primária ou exclusiva na tabela &apos;&quot;APP&quot;.&quot;TB_USER&quot;&apos; que corresponda ao número e aos tipos de colunas na chave estrangeira.
Error Code: 30000
Call: ALTER TABLE TB_CLIENT ADD CONSTRAINT TB_CLIENT_ID_USER FOREIGN KEY (ID_USER) REFERENCES TB_USER (ID_USER)
Query: DataModifyQuery(sql=&quot;ALTER TABLE TB_CLIENT ADD CONSTRAINT TB_CLIENT_ID_USER FOREIGN KEY (ID_USER) REFERENCES TB_USER (ID_USER)&quot;)
[EL Fine]: sql: 2021-02-23 15:09:57.695--ServerSession(1586470445)--Connection(698747943)--Thread(Thread[main,5,main])--ALTER TABLE TB_PRODUCT_CATEGORY ADD CONSTRAINT TBPRDCTCATEGORYDTM FOREIGN KEY (ID_ITEM) REFERENCES TB_PRODUCT (ID_PRODUCT)
[EL Fine]: sql: 2021-02-23 15:09:57.899--ServerSession(1586470445)--Thread(Thread[main,5,main])--VALUES(1)
[EL Warning]: 2021-02-23 15:09:57.9--ServerSession(1586470445)--Thread(Thread[main,5,main])--Exception [EclipseLink-4002] (Eclipse Persistence Services - 2.7.8.v20201217-ecdf3c32c4): org.eclipse.persistence.exceptions.DatabaseException
Internal Exception: java.sql.SQLTransactionRollbackException: A restrição &apos;TBPRDCTCATEGORYDTM&apos; não é válida: não há nenhuma restrição de chave primária ou exclusiva na tabela &apos;&quot;APP&quot;.&quot;TB_PRODUCT&quot;&apos; que corresponda ao número e aos tipos de colunas na chave estrangeira.
Error Code: 30000
Call: ALTER TABLE TB_PRODUCT_CATEGORY ADD CONSTRAINT TBPRDCTCATEGORYDTM FOREIGN KEY (ID_ITEM) REFERENCES TB_PRODUCT (ID_PRODUCT)
Query: DataModifyQuery(sql=&quot;ALTER TABLE TB_PRODUCT_CATEGORY ADD CONSTRAINT TBPRDCTCATEGORYDTM FOREIGN KEY (ID_ITEM) REFERENCES TB_PRODUCT (ID_PRODUCT)&quot;)
[EL Fine]: connection: 2021-02-23 15:09:57.909--ServerSession(1586470445)--Connection(698747943)--Thread(Thread[main,5,main])--disconnect
[EL Fine]: connection: 2021-02-23 15:09:57.91--ServerSession(1586470445)--Thread(Thread[main,5,main])--/file:/C:/Users/eletr/Desktop/trabalho_01/target/classes/_trabalho_01 logout successful
[EL Fine]: connection: 2021-02-23 15:09:57.91--ServerSession(1586470445)--Connection(2044825144)--Thread(Thread[main,5,main])--disconnect
</system-out>
  </testcase>
  <testcase classname="trabalho.ProductTeste" name="trabalho.ProductTeste" time="16.638">
    <error message="TB_ORDER_ITEM" type="java.lang.RuntimeException">java.lang.RuntimeException: TB_ORDER_ITEM
	at trabalho.DbUnitUtil.inserirDados(DbUnitUtil.java:43)
	at trabalho.Teste.setUpClass(Teste.java:30)
	at java.base/jdk.internal.reflect.NativeMethodAccessorImpl.invoke0(Native Method)
	at java.base/jdk.internal.reflect.NativeMethodAccessorImpl.invoke(NativeMethodAccessorImpl.java:62)
	at java.base/jdk.internal.reflect.DelegatingMethodAccessorImpl.invoke(DelegatingMethodAccessorImpl.java:43)
	at java.base/java.lang.reflect.Method.invoke(Method.java:566)
	at org.junit.runners.model.FrameworkMethod$1.runReflectiveCall(FrameworkMethod.java:59)
	at org.junit.internal.runners.model.ReflectiveCallable.run(ReflectiveCallable.java:12)
	at org.junit.runners.model.FrameworkMethod.invokeExplosively(FrameworkMethod.java:56)
	at org.junit.internal.runners.statements.RunBefores.invokeMethod(RunBefores.java:33)
	at org.junit.internal.runners.statements.RunBefores.evaluate(RunBefores.java:24)
	at org.junit.internal.runners.statements.RunAfters.evaluate(RunAfters.java:27)
	at org.junit.runners.ParentRunner$3.evaluate(ParentRunner.java:306)
	at org.junit.runners.ParentRunner.run(ParentRunner.java:413)
	at org.junit.runners.Suite.runChild(Suite.java:128)
	at org.junit.runners.Suite.runChild(Suite.java:27)
	at org.junit.runners.ParentRunner$4.run(ParentRunner.java:331)
	at org.junit.runners.ParentRunner$1.schedule(ParentRunner.java:79)
	at org.junit.runners.ParentRunner.runChildren(ParentRunner.java:329)
	at org.junit.runners.ParentRunner.access$100(ParentRunner.java:66)
	at org.junit.runners.ParentRunner$2.evaluate(ParentRunner.java:293)
	at org.junit.runners.ParentRunner$3.evaluate(ParentRunner.java:306)
	at org.junit.runners.ParentRunner.run(ParentRunner.java:413)
	at org.apache.maven.surefire.junit4.JUnit4Provider.execute(JUnit4Provider.java:252)
	at org.apache.maven.surefire.junit4.JUnit4Provider.executeTestSet(JUnit4Provider.java:141)
	at org.apache.maven.surefire.junit4.JUnit4Provider.invoke(JUnit4Provider.java:112)
	at java.base/jdk.internal.reflect.NativeMethodAccessorImpl.invoke0(Native Method)
	at java.base/jdk.internal.reflect.NativeMethodAccessorImpl.invoke(NativeMethodAccessorImpl.java:62)
	at java.base/jdk.internal.reflect.DelegatingMethodAccessorImpl.invoke(DelegatingMethodAccessorImpl.java:43)
	at java.base/java.lang.reflect.Method.invoke(Method.java:566)
	at org.apache.maven.surefire.util.ReflectionUtils.invokeMethodWithArray(ReflectionUtils.java:189)
	at org.apache.maven.surefire.booter.ProviderFactory$ProviderProxy.invoke(ProviderFactory.java:165)
	at org.apache.maven.surefire.booter.ProviderFactory.invokeProvider(ProviderFactory.java:85)
	at org.apache.maven.surefire.booter.ForkedBooter.runSuitesInProcess(ForkedBooter.java:115)
	at org.apache.maven.surefire.booter.ForkedBooter.main(ForkedBooter.java:75)
Caused by: org.dbunit.dataset.NoSuchTableException: TB_ORDER_ITEM
	at org.dbunit.database.DatabaseDataSet.getTableMetaData(DatabaseDataSet.java:305)
	at org.dbunit.operation.DeleteAllOperation.execute(DeleteAllOperation.java:109)
	at org.dbunit.operation.CompositeOperation.execute(CompositeOperation.java:79)
	at trabalho.DbUnitUtil.inserirDados(DbUnitUtil.java:41)
	... 34 more
</error>
    <system-out>[EL Fine]: moxy: 2021-02-23 15:09:57.916--Thread(Thread[main,5,main])--SAXParserFactory instance: com.sun.org.apache.xerces.internal.jaxp.SAXParserFactoryImpl@a7e2d9d
[EL Fine]: server: 2021-02-23 15:09:57.922--Thread(Thread[main,5,main])--Configured server platform: org.eclipse.persistence.platform.server.NoServerPlatform
[EL Config]: metadata: 2021-02-23 15:09:57.946--ServerSession(1967617997)--Thread(Thread[main,5,main])--The access type for the persistent class [class entities.Order] is set to [FIELD].
[EL Config]: metadata: 2021-02-23 15:09:57.947--ServerSession(1967617997)--Thread(Thread[main,5,main])--The target entity (reference) class for the many to one mapping element [field client] is being defaulted to: class entities.Client.
[EL Config]: metadata: 2021-02-23 15:09:57.947--ServerSession(1967617997)--Thread(Thread[main,5,main])--The target entity (reference) class for the one to one mapping element [field payment] is being defaulted to: class entities.Payment.
[EL Config]: metadata: 2021-02-23 15:09:57.947--ServerSession(1967617997)--Thread(Thread[main,5,main])--The target entity (reference) class for the one to many mapping element [field items] is being defaulted to: class entities.OrderItem.
[EL Config]: metadata: 2021-02-23 15:09:57.948--ServerSession(1967617997)--Thread(Thread[main,5,main])--The access type for the persistent class [class entities.Product] is set to [FIELD].
[EL Config]: metadata: 2021-02-23 15:09:57.948--ServerSession(1967617997)--Thread(Thread[main,5,main])--The target entity (reference) class for the many to many mapping element [field categories] is being defaulted to: class entities.Category.
[EL Config]: metadata: 2021-02-23 15:09:57.949--ServerSession(1967617997)--Thread(Thread[main,5,main])--The target entity (reference) class for the one to many mapping element [field items] is being defaulted to: class entities.OrderItem.
[EL Config]: metadata: 2021-02-23 15:09:57.949--ServerSession(1967617997)--Thread(Thread[main,5,main])--The access type for the persistent class [class entities.Payment] is set to [FIELD].
[EL Config]: metadata: 2021-02-23 15:09:57.949--ServerSession(1967617997)--Thread(Thread[main,5,main])--The target entity (reference) class for the one to one mapping element [field order] is being defaulted to: class entities.Order.
[EL Config]: metadata: 2021-02-23 15:09:57.949--ServerSession(1967617997)--Thread(Thread[main,5,main])--The access type for the persistent class [class entities.Category] is set to [FIELD].
[EL Config]: metadata: 2021-02-23 15:09:57.95--ServerSession(1967617997)--Thread(Thread[main,5,main])--The access type for the persistent class [class entities.OrderItem] is set to [FIELD].
[EL Config]: metadata: 2021-02-23 15:09:57.95--ServerSession(1967617997)--Thread(Thread[main,5,main])--The access type for the persistent class [class entities.Client] is set to [FIELD].
[EL Config]: metadata: 2021-02-23 15:09:57.95--ServerSession(1967617997)--Thread(Thread[main,5,main])--The target entity (reference) class for the one to many mapping element [field orders] is being defaulted to: class entities.Order.
[EL Config]: metadata: 2021-02-23 15:09:57.95--ServerSession(1967617997)--Thread(Thread[main,5,main])--The access type for the persistent class [class entities.pk.OrderItemPK] is set to [FIELD].
[EL Config]: metadata: 2021-02-23 15:09:57.95--ServerSession(1967617997)--Thread(Thread[main,5,main])--The target entity (reference) class for the many to one mapping element [field product] is being defaulted to: class entities.Product.
[EL Config]: metadata: 2021-02-23 15:09:57.95--ServerSession(1967617997)--Thread(Thread[main,5,main])--The target entity (reference) class for the many to one mapping element [field order] is being defaulted to: class entities.Order.
[EL Config]: metadata: 2021-02-23 15:09:57.95--ServerSession(1967617997)--Thread(Thread[main,5,main])--The alias name for the entity class [class entities.User] is being defaulted to: User.
[EL Config]: metadata: 2021-02-23 15:09:57.951--ServerSession(1967617997)--Thread(Thread[main,5,main])--The alias name for the entity class [class entities.Order] is being defaulted to: Order.
[EL Config]: metadata: 2021-02-23 15:09:57.951--ServerSession(1967617997)--Thread(Thread[main,5,main])--The alias name for the entity class [class entities.Product] is being defaulted to: Product.
[EL Config]: metadata: 2021-02-23 15:09:57.951--ServerSession(1967617997)--Thread(Thread[main,5,main])--The alias name for the entity class [class entities.Payment] is being defaulted to: Payment.
[EL Config]: metadata: 2021-02-23 15:09:57.952--ServerSession(1967617997)--Thread(Thread[main,5,main])--The alias name for the entity class [class entities.Category] is being defaulted to: Category.
[EL Config]: metadata: 2021-02-23 15:09:57.952--ServerSession(1967617997)--Thread(Thread[main,5,main])--The alias name for the entity class [class entities.OrderItem] is being defaulted to: OrderItem.
[EL Config]: metadata: 2021-02-23 15:09:57.952--ServerSession(1967617997)--Thread(Thread[main,5,main])--The alias name for the entity class [class entities.Client] is being defaulted to: Client.
[EL Warning]: metadata: 2021-02-23 15:09:57.952--ServerSession(1967617997)--Thread(Thread[main,5,main])--The reference column name [ID_USER] mapped on the element [class entities.Client] does not correspond to a valid id or basic field/column on the mapping reference. Will use referenced column name as provided.
[EL Warning]: metadata: 2021-02-23 15:09:57.952--ServerSession(1967617997)--Thread(Thread[main,5,main])--The reference column name [ID_USER] mapped on the element [field client] does not correspond to a valid id or basic field/column on the mapping reference. Will use referenced column name as provided.
[EL Config]: metadata: 2021-02-23 15:09:57.953--ServerSession(1967617997)--Thread(Thread[main,5,main])--The source primary key column name for the many to many mapping [field categories] is being defaulted to: ID_PRODUCT.
[EL Config]: metadata: 2021-02-23 15:09:57.953--ServerSession(1967617997)--Thread(Thread[main,5,main])--The target primary key column name for the many to many mapping [field categories] is being defaulted to: ID_CATEGORY.
[EL Info]: 2021-02-23 15:09:57.956--ServerSession(1967617997)--Thread(Thread[main,5,main])--EclipseLink, version: Eclipse Persistence Services - 2.7.8.v20201217-ecdf3c32c4
[EL Fine]: connection: 2021-02-23 15:09:57.956--ServerSession(1967617997)--Connection(2129844134)--Thread(Thread[main,5,main])--connecting(DatabaseLogin(
	platform=&gt;DerbyPlatform
	user name=&gt; &quot;app&quot;
	datasource URL=&gt; &quot;jdbc:derby://localhost:1527/trabalho_01;create=true&quot;
))
[EL Config]: connection: 2021-02-23 15:09:57.959--ServerSession(1967617997)--Connection(98351968)--Thread(Thread[main,5,main])--Connected: jdbc:derby://localhost:1527/trabalho_01;create=true
	User: app
	Database: Apache Derby  Version: 10.14.2.0 - (1828579)
	Driver: Apache Derby Network Client JDBC Driver  Version: 10.14.2.0 - (1828579)
[EL Warning]: metadata: 2021-02-23 15:09:57.959--ServerSession(1967617997)--Thread(Thread[main,5,main])--Reverting the lazy setting on the OneToOne or ManyToOne attribute [client] for the entity class [class entities.Order] since weaving was not enabled or did not occur.
[EL Warning]: metadata: 2021-02-23 15:09:57.96--ServerSession(1967617997)--Thread(Thread[main,5,main])--Reverting the lazy setting on the OneToOne or ManyToOne attribute [payment] for the entity class [class entities.Order] since weaving was not enabled or did not occur.
[EL Warning]: metadata: 2021-02-23 15:09:57.96--ServerSession(1967617997)--Thread(Thread[main,5,main])--Reverting the lazy setting on the OneToOne or ManyToOne attribute [order] for the entity class [class entities.Payment] since weaving was not enabled or did not occur.
[EL Warning]: metadata: 2021-02-23 15:09:57.961--ServerSession(1967617997)--Thread(Thread[main,5,main])--Reverting the lazy setting on the OneToOne or ManyToOne attribute [product] for the entity class [class entities.pk.OrderItemPK] since weaving was not enabled or did not occur.
[EL Warning]: metadata: 2021-02-23 15:09:57.961--ServerSession(1967617997)--Thread(Thread[main,5,main])--Reverting the lazy setting on the OneToOne or ManyToOne attribute [order] for the entity class [class entities.pk.OrderItemPK] since weaving was not enabled or did not occur.
[EL Fine]: connection: 2021-02-23 15:09:57.963--ServerSession(1967617997)--Thread(Thread[main,5,main])--/file:/C:/Users/eletr/Desktop/trabalho_01/target/classes/_trabalho_01 login successful
[EL Config]: metadata: 2021-02-23 15:09:57.963--Thread(Thread[main,5,main])--The default table generator could not locate or convert a java type (null) into a database type for database field (TB_ORDER.ID_CLIENT). The generator uses &quot;java.lang.String&quot; as default java type for the field.
[EL Config]: metadata: 2021-02-23 15:09:57.963--Thread(Thread[main,5,main])--The default table generator could not locate or convert a java type (null) into a database type for database field (TB_USER.ID_USER). The generator uses &quot;java.lang.String&quot; as default java type for the field.
[EL Config]: metadata: 2021-02-23 15:09:57.963--Thread(Thread[main,5,main])--The default table generator could not locate or convert a java type (null) into a database type for database field (TB_CLIENT.ID_USER). The generator uses &quot;java.lang.String&quot; as default java type for the field.
[EL Fine]: sql: 2021-02-23 15:09:57.964--ServerSession(1967617997)--Connection(98351968)--Thread(Thread[main,5,main])--ALTER TABLE TB_ORDER DROP CONSTRAINT TB_ORDER_ID_CLIENT
[EL Fine]: sql: 2021-02-23 15:09:57.966--ServerSession(1967617997)--Thread(Thread[main,5,main])--VALUES(1)
[EL Warning]: 2021-02-23 15:09:57.967--ServerSession(1967617997)--Thread(Thread[main,5,main])--Exception [EclipseLink-4002] (Eclipse Persistence Services - 2.7.8.v20201217-ecdf3c32c4): org.eclipse.persistence.exceptions.DatabaseException
Internal Exception: java.sql.SQLSyntaxErrorException: ALTER TABLE falhou. Não existe a restrição &apos;APP.TB_ORDER_ID_CLIENT&apos; na tabela &apos;&quot;APP&quot;.&quot;TB_ORDER&quot;&apos;.
Error Code: 30000
Call: ALTER TABLE TB_ORDER DROP CONSTRAINT TB_ORDER_ID_CLIENT
Query: DataModifyQuery(sql=&quot;ALTER TABLE TB_ORDER DROP CONSTRAINT TB_ORDER_ID_CLIENT&quot;)
[EL Fine]: sql: 2021-02-23 15:09:57.967--ServerSession(1967617997)--Connection(98351968)--Thread(Thread[main,5,main])--ALTER TABLE TB_ORDER DROP CONSTRAINT TB_ORDERID_PAYMENT
[EL Fine]: sql: 2021-02-23 15:09:57.969--ServerSession(1967617997)--Thread(Thread[main,5,main])--VALUES(1)
[EL Warning]: 2021-02-23 15:09:57.97--ServerSession(1967617997)--Thread(Thread[main,5,main])--Exception [EclipseLink-4002] (Eclipse Persistence Services - 2.7.8.v20201217-ecdf3c32c4): org.eclipse.persistence.exceptions.DatabaseException
Internal Exception: java.sql.SQLSyntaxErrorException: ALTER TABLE falhou. Não existe a restrição &apos;APP.TB_ORDERID_PAYMENT&apos; na tabela &apos;&quot;APP&quot;.&quot;TB_ORDER&quot;&apos;.
Error Code: 30000
Call: ALTER TABLE TB_ORDER DROP CONSTRAINT TB_ORDERID_PAYMENT
Query: DataModifyQuery(sql=&quot;ALTER TABLE TB_ORDER DROP CONSTRAINT TB_ORDERID_PAYMENT&quot;)
[EL Fine]: sql: 2021-02-23 15:09:57.97--ServerSession(1967617997)--Connection(98351968)--Thread(Thread[main,5,main])--ALTER TABLE TB_ORDER_ITEM DROP CONSTRAINT TBORDERITEMproduct
[EL Fine]: sql: 2021-02-23 15:09:57.971--ServerSession(1967617997)--Thread(Thread[main,5,main])--VALUES(1)
[EL Warning]: 2021-02-23 15:09:57.972--ServerSession(1967617997)--Thread(Thread[main,5,main])--Exception [EclipseLink-4002] (Eclipse Persistence Services - 2.7.8.v20201217-ecdf3c32c4): org.eclipse.persistence.exceptions.DatabaseException
Internal Exception: java.sql.SQLSyntaxErrorException: &apos;ALTER TABLE&apos; não pode ser realizado em &apos;TB_ORDER_ITEM&apos;, porque &apos;TB_ORDER_ITEM&apos; não existe.
Error Code: 30000
Call: ALTER TABLE TB_ORDER_ITEM DROP CONSTRAINT TBORDERITEMproduct
Query: DataModifyQuery(sql=&quot;ALTER TABLE TB_ORDER_ITEM DROP CONSTRAINT TBORDERITEMproduct&quot;)
[EL Fine]: sql: 2021-02-23 15:09:57.972--ServerSession(1967617997)--Connection(98351968)--Thread(Thread[main,5,main])--ALTER TABLE TB_ORDER_ITEM DROP CONSTRAINT TB_ORDER_ITEMorder
[EL Fine]: sql: 2021-02-23 15:09:57.973--ServerSession(1967617997)--Thread(Thread[main,5,main])--VALUES(1)
[EL Warning]: 2021-02-23 15:09:57.974--ServerSession(1967617997)--Thread(Thread[main,5,main])--Exception [EclipseLink-4002] (Eclipse Persistence Services - 2.7.8.v20201217-ecdf3c32c4): org.eclipse.persistence.exceptions.DatabaseException
Internal Exception: java.sql.SQLSyntaxErrorException: &apos;ALTER TABLE&apos; não pode ser realizado em &apos;TB_ORDER_ITEM&apos;, porque &apos;TB_ORDER_ITEM&apos; não existe.
Error Code: 30000
Call: ALTER TABLE TB_ORDER_ITEM DROP CONSTRAINT TB_ORDER_ITEMorder
Query: DataModifyQuery(sql=&quot;ALTER TABLE TB_ORDER_ITEM DROP CONSTRAINT TB_ORDER_ITEMorder&quot;)
[EL Fine]: sql: 2021-02-23 15:09:57.974--ServerSession(1967617997)--Connection(98351968)--Thread(Thread[main,5,main])--ALTER TABLE TB_CLIENT DROP CONSTRAINT TB_CLIENT_ID_USER
[EL Fine]: sql: 2021-02-23 15:09:57.975--ServerSession(1967617997)--Thread(Thread[main,5,main])--VALUES(1)
[EL Warning]: 2021-02-23 15:09:57.976--ServerSession(1967617997)--Thread(Thread[main,5,main])--Exception [EclipseLink-4002] (Eclipse Persistence Services - 2.7.8.v20201217-ecdf3c32c4): org.eclipse.persistence.exceptions.DatabaseException
Internal Exception: java.sql.SQLSyntaxErrorException: ALTER TABLE falhou. Não existe a restrição &apos;APP.TB_CLIENT_ID_USER&apos; na tabela &apos;&quot;APP&quot;.&quot;TB_CLIENT&quot;&apos;.
Error Code: 30000
Call: ALTER TABLE TB_CLIENT DROP CONSTRAINT TB_CLIENT_ID_USER
Query: DataModifyQuery(sql=&quot;ALTER TABLE TB_CLIENT DROP CONSTRAINT TB_CLIENT_ID_USER&quot;)
[EL Fine]: sql: 2021-02-23 15:09:57.976--ServerSession(1967617997)--Connection(98351968)--Thread(Thread[main,5,main])--ALTER TABLE TB_PRODUCT_CATEGORY DROP CONSTRAINT TBPRDCTCATEGORYDTM
[EL Fine]: sql: 2021-02-23 15:09:57.978--ServerSession(1967617997)--Thread(Thread[main,5,main])--VALUES(1)
[EL Warning]: 2021-02-23 15:09:57.978--ServerSession(1967617997)--Thread(Thread[main,5,main])--Exception [EclipseLink-4002] (Eclipse Persistence Services - 2.7.8.v20201217-ecdf3c32c4): org.eclipse.persistence.exceptions.DatabaseException
Internal Exception: java.sql.SQLSyntaxErrorException: ALTER TABLE falhou. Não existe a restrição &apos;APP.TBPRDCTCATEGORYDTM&apos; na tabela &apos;&quot;APP&quot;.&quot;TB_PRODUCT_CATEGORY&quot;&apos;.
Error Code: 30000
Call: ALTER TABLE TB_PRODUCT_CATEGORY DROP CONSTRAINT TBPRDCTCATEGORYDTM
Query: DataModifyQuery(sql=&quot;ALTER TABLE TB_PRODUCT_CATEGORY DROP CONSTRAINT TBPRDCTCATEGORYDTM&quot;)
[EL Fine]: sql: 2021-02-23 15:09:57.979--ServerSession(1967617997)--Connection(98351968)--Thread(Thread[main,5,main])--ALTER TABLE TB_PRODUCT_CATEGORY DROP CONSTRAINT TBPRDCTCTGRYDCTGRY
[EL Fine]: sql: 2021-02-23 15:09:57.98--ServerSession(1967617997)--Thread(Thread[main,5,main])--VALUES(1)
[EL Warning]: 2021-02-23 15:09:57.98--ServerSession(1967617997)--Thread(Thread[main,5,main])--Exception [EclipseLink-4002] (Eclipse Persistence Services - 2.7.8.v20201217-ecdf3c32c4): org.eclipse.persistence.exceptions.DatabaseException
Internal Exception: java.sql.SQLSyntaxErrorException: ALTER TABLE falhou. Não existe a restrição &apos;APP.TBPRDCTCTGRYDCTGRY&apos; na tabela &apos;&quot;APP&quot;.&quot;TB_PRODUCT_CATEGORY&quot;&apos;.
Error Code: 30000
Call: ALTER TABLE TB_PRODUCT_CATEGORY DROP CONSTRAINT TBPRDCTCTGRYDCTGRY
Query: DataModifyQuery(sql=&quot;ALTER TABLE TB_PRODUCT_CATEGORY DROP CONSTRAINT TBPRDCTCTGRYDCTGRY&quot;)
[EL Fine]: sql: 2021-02-23 15:09:57.981--ServerSession(1967617997)--Connection(98351968)--Thread(Thread[main,5,main])--DROP TABLE TB_ORDER
[EL Fine]: sql: 2021-02-23 15:09:58.132--ServerSession(1967617997)--Connection(98351968)--Thread(Thread[main,5,main])--DROP TABLE TB_PAYMENT
[EL Fine]: sql: 2021-02-23 15:09:58.24--ServerSession(1967617997)--Connection(98351968)--Thread(Thread[main,5,main])--DROP TABLE TB_ORDER_ITEM
[EL Fine]: sql: 2021-02-23 15:09:58.241--ServerSession(1967617997)--Thread(Thread[main,5,main])--VALUES(1)
[EL Warning]: 2021-02-23 15:09:58.242--ServerSession(1967617997)--Thread(Thread[main,5,main])--Exception [EclipseLink-4002] (Eclipse Persistence Services - 2.7.8.v20201217-ecdf3c32c4): org.eclipse.persistence.exceptions.DatabaseException
Internal Exception: java.sql.SQLSyntaxErrorException: &apos;DROP TABLE&apos; não pode ser realizado em &apos;TB_ORDER_ITEM&apos;, porque &apos;TB_ORDER_ITEM&apos; não existe.
Error Code: 30000
Call: DROP TABLE TB_ORDER_ITEM
Query: DataModifyQuery(sql=&quot;DROP TABLE TB_ORDER_ITEM&quot;)
[EL Fine]: sql: 2021-02-23 15:09:58.242--ServerSession(1967617997)--Connection(98351968)--Thread(Thread[main,5,main])--DROP TABLE TB_USER
[EL Fine]: sql: 2021-02-23 15:09:58.333--ServerSession(1967617997)--Connection(98351968)--Thread(Thread[main,5,main])--DROP TABLE TB_CLIENT
[EL Fine]: sql: 2021-02-23 15:09:58.507--ServerSession(1967617997)--Connection(98351968)--Thread(Thread[main,5,main])--DROP TABLE TB_PRODUCT
[EL Fine]: sql: 2021-02-23 15:09:58.575--ServerSession(1967617997)--Thread(Thread[main,5,main])--VALUES(1)
[EL Warning]: 2021-02-23 15:09:58.575--ServerSession(1967617997)--Thread(Thread[main,5,main])--Exception [EclipseLink-4002] (Eclipse Persistence Services - 2.7.8.v20201217-ecdf3c32c4): org.eclipse.persistence.exceptions.DatabaseException
Internal Exception: java.sql.SQLTransactionRollbackException: A operação &apos;DROP CONSTRAINT&apos; não pôde ser efetuada no objeto &apos;SQL210223141629940&apos;, porque CONSTRAINT &apos;TBPRDCTCTGORIASDTM&apos; é dependente deste objeto.
Error Code: 30000
Call: DROP TABLE TB_PRODUCT
Query: DataModifyQuery(sql=&quot;DROP TABLE TB_PRODUCT&quot;)
[EL Fine]: sql: 2021-02-23 15:09:58.576--ServerSession(1967617997)--Connection(98351968)--Thread(Thread[main,5,main])--DROP TABLE TB_CATEGORY
[EL Fine]: sql: 2021-02-23 15:09:58.584--ServerSession(1967617997)--Thread(Thread[main,5,main])--VALUES(1)
[EL Warning]: 2021-02-23 15:09:58.585--ServerSession(1967617997)--Thread(Thread[main,5,main])--Exception [EclipseLink-4002] (Eclipse Persistence Services - 2.7.8.v20201217-ecdf3c32c4): org.eclipse.persistence.exceptions.DatabaseException
Internal Exception: java.sql.SQLTransactionRollbackException: A operação &apos;DROP CONSTRAINT&apos; não pôde ser efetuada no objeto &apos;SQL210223141630030&apos;, porque CONSTRAINT &apos;TBPRDCTCTGRASDCTGR&apos; é dependente deste objeto.
Error Code: 30000
Call: DROP TABLE TB_CATEGORY
Query: DataModifyQuery(sql=&quot;DROP TABLE TB_CATEGORY&quot;)
[EL Fine]: sql: 2021-02-23 15:09:58.585--ServerSession(1967617997)--Connection(98351968)--Thread(Thread[main,5,main])--DROP TABLE TB_PRODUCT_CATEGORY
[EL Fine]: sql: 2021-02-23 15:09:58.73--ServerSession(1967617997)--Connection(98351968)--Thread(Thread[main,5,main])--DROP TABLE TB_ORDER_ITEM
[EL Fine]: sql: 2021-02-23 15:09:58.731--ServerSession(1967617997)--Thread(Thread[main,5,main])--VALUES(1)
[EL Warning]: 2021-02-23 15:09:58.732--ServerSession(1967617997)--Thread(Thread[main,5,main])--Exception [EclipseLink-4002] (Eclipse Persistence Services - 2.7.8.v20201217-ecdf3c32c4): org.eclipse.persistence.exceptions.DatabaseException
Internal Exception: java.sql.SQLSyntaxErrorException: &apos;DROP TABLE&apos; não pode ser realizado em &apos;TB_ORDER_ITEM&apos;, porque &apos;TB_ORDER_ITEM&apos; não existe.
Error Code: 30000
Call: DROP TABLE TB_ORDER_ITEM
Query: DataModifyQuery(sql=&quot;DROP TABLE TB_ORDER_ITEM&quot;)
[EL Fine]: sql: 2021-02-23 15:09:58.732--ServerSession(1967617997)--Connection(98351968)--Thread(Thread[main,5,main])--DROP TABLE TB_PRODUCT
[EL Fine]: sql: 2021-02-23 15:09:58.738--ServerSession(1967617997)--Thread(Thread[main,5,main])--VALUES(1)
[EL Warning]: 2021-02-23 15:09:58.739--ServerSession(1967617997)--Thread(Thread[main,5,main])--Exception [EclipseLink-4002] (Eclipse Persistence Services - 2.7.8.v20201217-ecdf3c32c4): org.eclipse.persistence.exceptions.DatabaseException
Internal Exception: java.sql.SQLTransactionRollbackException: A operação &apos;DROP CONSTRAINT&apos; não pôde ser efetuada no objeto &apos;SQL210223141629940&apos;, porque CONSTRAINT &apos;TBPRDCTCTGORIASDTM&apos; é dependente deste objeto.
Error Code: 30000
Call: DROP TABLE TB_PRODUCT
Query: DataModifyQuery(sql=&quot;DROP TABLE TB_PRODUCT&quot;)
[EL Fine]: sql: 2021-02-23 15:09:58.739--ServerSession(1967617997)--Connection(98351968)--Thread(Thread[main,5,main])--DROP TABLE TB_CATEGORY
[EL Fine]: sql: 2021-02-23 15:09:58.745--ServerSession(1967617997)--Thread(Thread[main,5,main])--VALUES(1)
[EL Warning]: 2021-02-23 15:09:58.745--ServerSession(1967617997)--Thread(Thread[main,5,main])--Exception [EclipseLink-4002] (Eclipse Persistence Services - 2.7.8.v20201217-ecdf3c32c4): org.eclipse.persistence.exceptions.DatabaseException
Internal Exception: java.sql.SQLTransactionRollbackException: A operação &apos;DROP CONSTRAINT&apos; não pôde ser efetuada no objeto &apos;SQL210223141630030&apos;, porque CONSTRAINT &apos;TBPRDCTCTGRASDCTGR&apos; é dependente deste objeto.
Error Code: 30000
Call: DROP TABLE TB_CATEGORY
Query: DataModifyQuery(sql=&quot;DROP TABLE TB_CATEGORY&quot;)
[EL Fine]: sql: 2021-02-23 15:09:58.745--ServerSession(1967617997)--Connection(98351968)--Thread(Thread[main,5,main])--DROP TABLE TB_ORDER_ITEM
[EL Fine]: sql: 2021-02-23 15:09:58.746--ServerSession(1967617997)--Thread(Thread[main,5,main])--VALUES(1)
[EL Warning]: 2021-02-23 15:09:58.747--ServerSession(1967617997)--Thread(Thread[main,5,main])--Exception [EclipseLink-4002] (Eclipse Persistence Services - 2.7.8.v20201217-ecdf3c32c4): org.eclipse.persistence.exceptions.DatabaseException
Internal Exception: java.sql.SQLSyntaxErrorException: &apos;DROP TABLE&apos; não pode ser realizado em &apos;TB_ORDER_ITEM&apos;, porque &apos;TB_ORDER_ITEM&apos; não existe.
Error Code: 30000
Call: DROP TABLE TB_ORDER_ITEM
Query: DataModifyQuery(sql=&quot;DROP TABLE TB_ORDER_ITEM&quot;)
[EL Fine]: sql: 2021-02-23 15:09:58.747--ServerSession(1967617997)--Connection(98351968)--Thread(Thread[main,5,main])--DROP TABLE TB_PRODUCT
[EL Fine]: sql: 2021-02-23 15:09:58.753--ServerSession(1967617997)--Thread(Thread[main,5,main])--VALUES(1)
[EL Warning]: 2021-02-23 15:09:58.753--ServerSession(1967617997)--Thread(Thread[main,5,main])--Exception [EclipseLink-4002] (Eclipse Persistence Services - 2.7.8.v20201217-ecdf3c32c4): org.eclipse.persistence.exceptions.DatabaseException
Internal Exception: java.sql.SQLTransactionRollbackException: A operação &apos;DROP CONSTRAINT&apos; não pôde ser efetuada no objeto &apos;SQL210223141629940&apos;, porque CONSTRAINT &apos;TBPRDCTCTGORIASDTM&apos; é dependente deste objeto.
Error Code: 30000
Call: DROP TABLE TB_PRODUCT
Query: DataModifyQuery(sql=&quot;DROP TABLE TB_PRODUCT&quot;)
[EL Fine]: sql: 2021-02-23 15:09:58.753--ServerSession(1967617997)--Connection(98351968)--Thread(Thread[main,5,main])--DROP TABLE TB_CATEGORY
[EL Fine]: sql: 2021-02-23 15:09:58.758--ServerSession(1967617997)--Thread(Thread[main,5,main])--VALUES(1)
[EL Warning]: 2021-02-23 15:09:58.759--ServerSession(1967617997)--Thread(Thread[main,5,main])--Exception [EclipseLink-4002] (Eclipse Persistence Services - 2.7.8.v20201217-ecdf3c32c4): org.eclipse.persistence.exceptions.DatabaseException
Internal Exception: java.sql.SQLTransactionRollbackException: A operação &apos;DROP CONSTRAINT&apos; não pôde ser efetuada no objeto &apos;SQL210223141630030&apos;, porque CONSTRAINT &apos;TBPRDCTCTGRASDCTGR&apos; é dependente deste objeto.
Error Code: 30000
Call: DROP TABLE TB_CATEGORY
Query: DataModifyQuery(sql=&quot;DROP TABLE TB_CATEGORY&quot;)
[EL Fine]: sql: 2021-02-23 15:09:58.759--ServerSession(1967617997)--Connection(98351968)--Thread(Thread[main,5,main])--DROP TABLE TB_ORDER_ITEM
[EL Fine]: sql: 2021-02-23 15:09:58.76--ServerSession(1967617997)--Thread(Thread[main,5,main])--VALUES(1)
[EL Warning]: 2021-02-23 15:09:58.761--ServerSession(1967617997)--Thread(Thread[main,5,main])--Exception [EclipseLink-4002] (Eclipse Persistence Services - 2.7.8.v20201217-ecdf3c32c4): org.eclipse.persistence.exceptions.DatabaseException
Internal Exception: java.sql.SQLSyntaxErrorException: &apos;DROP TABLE&apos; não pode ser realizado em &apos;TB_ORDER_ITEM&apos;, porque &apos;TB_ORDER_ITEM&apos; não existe.
Error Code: 30000
Call: DROP TABLE TB_ORDER_ITEM
Query: DataModifyQuery(sql=&quot;DROP TABLE TB_ORDER_ITEM&quot;)
[EL Fine]: sql: 2021-02-23 15:09:58.761--ServerSession(1967617997)--Connection(98351968)--Thread(Thread[main,5,main])--DROP TABLE TB_PRODUCT
[EL Fine]: sql: 2021-02-23 15:09:58.767--ServerSession(1967617997)--Thread(Thread[main,5,main])--VALUES(1)
[EL Warning]: 2021-02-23 15:09:58.768--ServerSession(1967617997)--Thread(Thread[main,5,main])--Exception [EclipseLink-4002] (Eclipse Persistence Services - 2.7.8.v20201217-ecdf3c32c4): org.eclipse.persistence.exceptions.DatabaseException
Internal Exception: java.sql.SQLTransactionRollbackException: A operação &apos;DROP CONSTRAINT&apos; não pôde ser efetuada no objeto &apos;SQL210223141629940&apos;, porque CONSTRAINT &apos;TBPRDCTCTGORIASDTM&apos; é dependente deste objeto.
Error Code: 30000
Call: DROP TABLE TB_PRODUCT
Query: DataModifyQuery(sql=&quot;DROP TABLE TB_PRODUCT&quot;)
[EL Fine]: sql: 2021-02-23 15:09:58.768--ServerSession(1967617997)--Connection(98351968)--Thread(Thread[main,5,main])--DROP TABLE TB_CATEGORY
[EL Fine]: sql: 2021-02-23 15:09:58.773--ServerSession(1967617997)--Thread(Thread[main,5,main])--VALUES(1)
[EL Warning]: 2021-02-23 15:09:58.774--ServerSession(1967617997)--Thread(Thread[main,5,main])--Exception [EclipseLink-4002] (Eclipse Persistence Services - 2.7.8.v20201217-ecdf3c32c4): org.eclipse.persistence.exceptions.DatabaseException
Internal Exception: java.sql.SQLTransactionRollbackException: A operação &apos;DROP CONSTRAINT&apos; não pôde ser efetuada no objeto &apos;SQL210223141630030&apos;, porque CONSTRAINT &apos;TBPRDCTCTGRASDCTGR&apos; é dependente deste objeto.
Error Code: 30000
Call: DROP TABLE TB_CATEGORY
Query: DataModifyQuery(sql=&quot;DROP TABLE TB_CATEGORY&quot;)
[EL Fine]: sql: 2021-02-23 15:09:58.774--ServerSession(1967617997)--Connection(98351968)--Thread(Thread[main,5,main])--DROP TABLE TB_ORDER_ITEM
[EL Fine]: sql: 2021-02-23 15:09:58.775--ServerSession(1967617997)--Thread(Thread[main,5,main])--VALUES(1)
[EL Warning]: 2021-02-23 15:09:58.776--ServerSession(1967617997)--Thread(Thread[main,5,main])--Exception [EclipseLink-4002] (Eclipse Persistence Services - 2.7.8.v20201217-ecdf3c32c4): org.eclipse.persistence.exceptions.DatabaseException
Internal Exception: java.sql.SQLSyntaxErrorException: &apos;DROP TABLE&apos; não pode ser realizado em &apos;TB_ORDER_ITEM&apos;, porque &apos;TB_ORDER_ITEM&apos; não existe.
Error Code: 30000
Call: DROP TABLE TB_ORDER_ITEM
Query: DataModifyQuery(sql=&quot;DROP TABLE TB_ORDER_ITEM&quot;)
[EL Fine]: sql: 2021-02-23 15:09:58.776--ServerSession(1967617997)--Connection(98351968)--Thread(Thread[main,5,main])--DROP TABLE TB_PRODUCT
[EL Fine]: sql: 2021-02-23 15:09:58.801--ServerSession(1967617997)--Thread(Thread[main,5,main])--VALUES(1)
[EL Warning]: 2021-02-23 15:09:58.801--ServerSession(1967617997)--Thread(Thread[main,5,main])--Exception [EclipseLink-4002] (Eclipse Persistence Services - 2.7.8.v20201217-ecdf3c32c4): org.eclipse.persistence.exceptions.DatabaseException
Internal Exception: java.sql.SQLTransactionRollbackException: A operação &apos;DROP CONSTRAINT&apos; não pôde ser efetuada no objeto &apos;SQL210223141629940&apos;, porque CONSTRAINT &apos;TBPRDCTCTGORIASDTM&apos; é dependente deste objeto.
Error Code: 30000
Call: DROP TABLE TB_PRODUCT
Query: DataModifyQuery(sql=&quot;DROP TABLE TB_PRODUCT&quot;)
[EL Fine]: sql: 2021-02-23 15:09:58.802--ServerSession(1967617997)--Connection(98351968)--Thread(Thread[main,5,main])--DROP TABLE TB_CATEGORY
[EL Fine]: sql: 2021-02-23 15:09:58.807--ServerSession(1967617997)--Thread(Thread[main,5,main])--VALUES(1)
[EL Warning]: 2021-02-23 15:09:58.808--ServerSession(1967617997)--Thread(Thread[main,5,main])--Exception [EclipseLink-4002] (Eclipse Persistence Services - 2.7.8.v20201217-ecdf3c32c4): org.eclipse.persistence.exceptions.DatabaseException
Internal Exception: java.sql.SQLTransactionRollbackException: A operação &apos;DROP CONSTRAINT&apos; não pôde ser efetuada no objeto &apos;SQL210223141630030&apos;, porque CONSTRAINT &apos;TBPRDCTCTGRASDCTGR&apos; é dependente deste objeto.
Error Code: 30000
Call: DROP TABLE TB_CATEGORY
Query: DataModifyQuery(sql=&quot;DROP TABLE TB_CATEGORY&quot;)
[EL Config]: metadata: 2021-02-23 15:09:58.808--Thread(Thread[main,5,main])--The default table generator could not locate or convert a java type (null) into a database type for database field (TB_ORDER.ID_CLIENT). The generator uses &quot;java.lang.String&quot; as default java type for the field.
[EL Config]: metadata: 2021-02-23 15:09:58.808--Thread(Thread[main,5,main])--The default table generator could not locate or convert a java type (null) into a database type for database field (TB_USER.ID_USER). The generator uses &quot;java.lang.String&quot; as default java type for the field.
[EL Config]: metadata: 2021-02-23 15:09:58.808--Thread(Thread[main,5,main])--The default table generator could not locate or convert a java type (null) into a database type for database field (TB_CLIENT.ID_USER). The generator uses &quot;java.lang.String&quot; as default java type for the field.
[EL Fine]: sql: 2021-02-23 15:09:58.811--ServerSession(1967617997)--Connection(98351968)--Thread(Thread[main,5,main])--CREATE TABLE TB_ORDER (ID_ORDER BIGINT GENERATED BY DEFAULT AS IDENTITY NOT NULL, MOMENT VARCHAR(20) NOT NULL, ORDER_STATUS INTEGER NOT NULL, ID_CLIENT VARCHAR(255), ID_PAYMENT BIGINT, PRIMARY KEY (ID_ORDER))
[EL Fine]: sql: 2021-02-23 15:09:59.029--ServerSession(1967617997)--Connection(98351968)--Thread(Thread[main,5,main])--CREATE TABLE TB_PAYMENT (ID_PAYMENT BIGINT GENERATED BY DEFAULT AS IDENTITY NOT NULL, MOMENT VARCHAR(20) NOT NULL, PRIMARY KEY (ID_PAYMENT))
[EL Fine]: sql: 2021-02-23 15:09:59.248--ServerSession(1967617997)--Connection(98351968)--Thread(Thread[main,5,main])--CREATE TABLE TB_ORDER_ITEM (ID_ORDER_ITEM BIGINT GENERATED BY DEFAULT AS IDENTITY NOT NULL, PRICE FLOAT NOT NULL, QUANTITY INTEGER NOT NULL, order BIGINT, product BIGINT, PRIMARY KEY (ID_ORDER_ITEM))
[EL Fine]: sql: 2021-02-23 15:09:59.289--ServerSession(1967617997)--Thread(Thread[main,5,main])--VALUES(1)
[EL Warning]: 2021-02-23 15:09:59.29--ServerSession(1967617997)--Thread(Thread[main,5,main])--Exception [EclipseLink-4002] (Eclipse Persistence Services - 2.7.8.v20201217-ecdf3c32c4): org.eclipse.persistence.exceptions.DatabaseException
Internal Exception: java.sql.SQLSyntaxErrorException: Erro de sintaxe: Encountered &quot;order&quot; at line 1, column 142.
Error Code: 30000
Call: CREATE TABLE TB_ORDER_ITEM (ID_ORDER_ITEM BIGINT GENERATED BY DEFAULT AS IDENTITY NOT NULL, PRICE FLOAT NOT NULL, QUANTITY INTEGER NOT NULL, order BIGINT, product BIGINT, PRIMARY KEY (ID_ORDER_ITEM))
Query: DataModifyQuery(sql=&quot;CREATE TABLE TB_ORDER_ITEM (ID_ORDER_ITEM BIGINT GENERATED BY DEFAULT AS IDENTITY NOT NULL, PRICE FLOAT NOT NULL, QUANTITY INTEGER NOT NULL, order BIGINT, product BIGINT, PRIMARY KEY (ID_ORDER_ITEM))&quot;)
[EL Fine]: sql: 2021-02-23 15:09:59.292--ServerSession(1967617997)--Connection(98351968)--Thread(Thread[main,5,main])--CREATE TABLE TB_USER (ID BIGINT GENERATED BY DEFAULT AS IDENTITY NOT NULL, TYPE_USER VARCHAR(1), EMAIL VARCHAR(40) NOT NULL, NAME VARCHAR(150) NOT NULL, PASSWORD VARCHAR(20) NOT NULL, PHONE VARCHAR(20) NOT NULL, ID_USER VARCHAR(255), PRIMARY KEY (ID))
[EL Fine]: sql: 2021-02-23 15:09:59.498--ServerSession(1967617997)--Connection(98351968)--Thread(Thread[main,5,main])--CREATE TABLE TB_CLIENT (ID_USER VARCHAR(255) NOT NULL, PRIMARY KEY (ID_USER))
[EL Fine]: sql: 2021-02-23 15:09:59.79--ServerSession(1967617997)--Connection(98351968)--Thread(Thread[main,5,main])--CREATE TABLE TB_PRODUCT_CATEGORY (ID_ITEM BIGINT NOT NULL, ID_CATEGORY BIGINT NOT NULL, PRIMARY KEY (ID_ITEM, ID_CATEGORY))
[EL Fine]: sql: 2021-02-23 15:09:59.978--ServerSession(1967617997)--Connection(98351968)--Thread(Thread[main,5,main])--ALTER TABLE TB_ORDER ADD CONSTRAINT TB_ORDER_ID_CLIENT FOREIGN KEY (ID_CLIENT) REFERENCES TB_USER (ID_USER)
[EL Fine]: sql: 2021-02-23 15:10:00.281--ServerSession(1967617997)--Thread(Thread[main,5,main])--VALUES(1)
[EL Warning]: 2021-02-23 15:10:00.282--ServerSession(1967617997)--Thread(Thread[main,5,main])--Exception [EclipseLink-4002] (Eclipse Persistence Services - 2.7.8.v20201217-ecdf3c32c4): org.eclipse.persistence.exceptions.DatabaseException
Internal Exception: java.sql.SQLTransactionRollbackException: A restrição &apos;TB_ORDER_ID_CLIENT&apos; não é válida: não há nenhuma restrição de chave primária ou exclusiva na tabela &apos;&quot;APP&quot;.&quot;TB_USER&quot;&apos; que corresponda ao número e aos tipos de colunas na chave estrangeira.
Error Code: 30000
Call: ALTER TABLE TB_ORDER ADD CONSTRAINT TB_ORDER_ID_CLIENT FOREIGN KEY (ID_CLIENT) REFERENCES TB_USER (ID_USER)
Query: DataModifyQuery(sql=&quot;ALTER TABLE TB_ORDER ADD CONSTRAINT TB_ORDER_ID_CLIENT FOREIGN KEY (ID_CLIENT) REFERENCES TB_USER (ID_USER)&quot;)
[EL Fine]: sql: 2021-02-23 15:10:00.282--ServerSession(1967617997)--Connection(98351968)--Thread(Thread[main,5,main])--ALTER TABLE TB_ORDER_ITEM ADD CONSTRAINT TBORDERITEMproduct FOREIGN KEY (product) REFERENCES TB_PRODUCT (ID_PRODUCT)
[EL Fine]: sql: 2021-02-23 15:10:00.283--ServerSession(1967617997)--Thread(Thread[main,5,main])--VALUES(1)
[EL Warning]: 2021-02-23 15:10:00.284--ServerSession(1967617997)--Thread(Thread[main,5,main])--Exception [EclipseLink-4002] (Eclipse Persistence Services - 2.7.8.v20201217-ecdf3c32c4): org.eclipse.persistence.exceptions.DatabaseException
Internal Exception: java.sql.SQLSyntaxErrorException: &apos;ALTER TABLE&apos; não pode ser realizado em &apos;TB_ORDER_ITEM&apos;, porque &apos;TB_ORDER_ITEM&apos; não existe.
Error Code: 30000
Call: ALTER TABLE TB_ORDER_ITEM ADD CONSTRAINT TBORDERITEMproduct FOREIGN KEY (product) REFERENCES TB_PRODUCT (ID_PRODUCT)
Query: DataModifyQuery(sql=&quot;ALTER TABLE TB_ORDER_ITEM ADD CONSTRAINT TBORDERITEMproduct FOREIGN KEY (product) REFERENCES TB_PRODUCT (ID_PRODUCT)&quot;)
[EL Fine]: sql: 2021-02-23 15:10:00.284--ServerSession(1967617997)--Connection(98351968)--Thread(Thread[main,5,main])--ALTER TABLE TB_CLIENT ADD CONSTRAINT TB_CLIENT_ID_USER FOREIGN KEY (ID_USER) REFERENCES TB_USER (ID_USER)
[EL Fine]: sql: 2021-02-23 15:10:00.29--ServerSession(1967617997)--Thread(Thread[main,5,main])--VALUES(1)
[EL Warning]: 2021-02-23 15:10:00.291--ServerSession(1967617997)--Thread(Thread[main,5,main])--Exception [EclipseLink-4002] (Eclipse Persistence Services - 2.7.8.v20201217-ecdf3c32c4): org.eclipse.persistence.exceptions.DatabaseException
Internal Exception: java.sql.SQLTransactionRollbackException: A restrição &apos;TB_CLIENT_ID_USER&apos; não é válida: não há nenhuma restrição de chave primária ou exclusiva na tabela &apos;&quot;APP&quot;.&quot;TB_USER&quot;&apos; que corresponda ao número e aos tipos de colunas na chave estrangeira.
Error Code: 30000
Call: ALTER TABLE TB_CLIENT ADD CONSTRAINT TB_CLIENT_ID_USER FOREIGN KEY (ID_USER) REFERENCES TB_USER (ID_USER)
Query: DataModifyQuery(sql=&quot;ALTER TABLE TB_CLIENT ADD CONSTRAINT TB_CLIENT_ID_USER FOREIGN KEY (ID_USER) REFERENCES TB_USER (ID_USER)&quot;)
[EL Fine]: sql: 2021-02-23 15:10:00.291--ServerSession(1967617997)--Connection(98351968)--Thread(Thread[main,5,main])--ALTER TABLE TB_PRODUCT_CATEGORY ADD CONSTRAINT TBPRDCTCATEGORYDTM FOREIGN KEY (ID_ITEM) REFERENCES TB_PRODUCT (ID_PRODUCT)
[EL Fine]: sql: 2021-02-23 15:10:00.456--ServerSession(1967617997)--Thread(Thread[main,5,main])--VALUES(1)
[EL Warning]: 2021-02-23 15:10:00.457--ServerSession(1967617997)--Thread(Thread[main,5,main])--Exception [EclipseLink-4002] (Eclipse Persistence Services - 2.7.8.v20201217-ecdf3c32c4): org.eclipse.persistence.exceptions.DatabaseException
Internal Exception: java.sql.SQLTransactionRollbackException: A restrição &apos;TBPRDCTCATEGORYDTM&apos; não é válida: não há nenhuma restrição de chave primária ou exclusiva na tabela &apos;&quot;APP&quot;.&quot;TB_PRODUCT&quot;&apos; que corresponda ao número e aos tipos de colunas na chave estrangeira.
Error Code: 30000
Call: ALTER TABLE TB_PRODUCT_CATEGORY ADD CONSTRAINT TBPRDCTCATEGORYDTM FOREIGN KEY (ID_ITEM) REFERENCES TB_PRODUCT (ID_PRODUCT)
Query: DataModifyQuery(sql=&quot;ALTER TABLE TB_PRODUCT_CATEGORY ADD CONSTRAINT TBPRDCTCATEGORYDTM FOREIGN KEY (ID_ITEM) REFERENCES TB_PRODUCT (ID_PRODUCT)&quot;)
[EL Fine]: connection: 2021-02-23 15:10:00.466--ServerSession(1967617997)--Connection(98351968)--Thread(Thread[main,5,main])--disconnect
[EL Fine]: connection: 2021-02-23 15:10:00.466--ServerSession(1967617997)--Thread(Thread[main,5,main])--/file:/C:/Users/eletr/Desktop/trabalho_01/target/classes/_trabalho_01 logout successful
[EL Fine]: connection: 2021-02-23 15:10:00.466--ServerSession(1967617997)--Connection(2129844134)--Thread(Thread[main,5,main])--disconnect
</system-out>
  </testcase>
</testsuite>